scons: done reading SConscript files.

scons: warning: you do not seem to have the pywin32 extensions installed;
	parallel (-j) builds may not work reliably with open Python files.
File "F:\Python271\Scripts\scons.py", line 201, in <module>
scons: Building targets ...
Compiling ASW\CalUT\src\CalUT.c
Compiling ASW\DiagUT\src\DiagUT.c


Compiling ASW\ExeMgrUT\src\ExeMgrUT.c
Compiling ASW\INP_SWC\src\INP_SWC.c
Compiling ASW\NmUT\src\NmUT.c
Compiling ASW\NvMUT\src\NvMUT.c
Compiling ASW\OUTP_SWC\src\OUTP_SWC.c
Compiling ASW\WdgMUT\src\WdgMUT.c
Compiling BasicSoftware\src\bsw\Bfx\src\Bfx_Bit.c
Compiling BasicSoftware\src\bsw\Bfx\src\Bfx_GetVersionInfo.c

Compiling BasicSoftware\src\bsw\Bfx\src\Bfx_TstParityEven_u16_u8.c

Compiling BasicSoftware\src\bsw\Bfx\src\Bfx_TstParityEven_u32_u8.c

Compiling BasicSoftware\src\bsw\Bfx\src\Bfx_TstParityEven_u64_u8.c

Compiling BasicSoftware\src\bsw\Bfx\src\Bfx_TstParityEven_u8_u8.c



Compiling BasicSoftware\src\bsw\BswM\src\BswM.c
Compiling BasicSoftware\src\bsw\BswM\src\BswM_CanSM.c
Compiling BasicSoftware\src\bsw\BswM\src\BswM_ComM.c

Compiling BasicSoftware\src\bsw\BswM\src\BswM_DCM.c

Compiling BasicSoftware\src\bsw\BswM\src\BswM_EcuM.c

Compiling BasicSoftware\src\bsw\BswM\src\BswM_EthIf.c

Compiling BasicSoftware\src\bsw\BswM\src\BswM_EthSM.c

Compiling BasicSoftware\src\bsw\BswM\src\BswM_FrSM.c

Compiling BasicSoftware\src\bsw\BswM\src\BswM_Generic.c

Compiling BasicSoftware\src\bsw\BswM\src\BswM_J1939Dcm.c

Compiling BasicSoftware\src\bsw\BswM\src\BswM_J1939Nm.c

Compiling BasicSoftware\src\bsw\BswM\src\BswM_LinSM.c

Compiling BasicSoftware\src\bsw\BswM\src\BswM_LinTp.c

Compiling BasicSoftware\src\bsw\BswM\src\BswM_Nm.c

Compiling BasicSoftware\src\bsw\BswM\src\BswM_NvM.c

Compiling BasicSoftware\src\bsw\BswM\src\BswM_Prv.c

Compiling BasicSoftware\src\bsw\BswM\src\BswM_Prv_AC.c

Compiling BasicSoftware\src\bsw\BswM\src\BswM_Prv_AL.c

Compiling BasicSoftware\src\bsw\BswM\src\BswM_Prv_IntrptQueue.c

Compiling BasicSoftware\src\bsw\BswM\src\BswM_Prv_MRP.c

Compiling BasicSoftware\src\bsw\BswM\src\BswM_Prv_ProcessDeferredRequest.c

Compiling BasicSoftware\src\bsw\BswM\src\BswM_Prv_ProcessDelayedReqst.c

Compiling BasicSoftware\src\bsw\BswM\src\BswM_Prv_RL.c

Compiling BasicSoftware\src\bsw\BswM\src\BswM_Sd.c

Compiling BasicSoftware\src\bsw\BswM\src\BswM_WdgM.c


Compiling BasicSoftware\src\bsw\CanIf\src\CanIf_Baudrate.c
Compiling BasicSoftware\src\bsw\CanIf\src\CanIf_Controller.c

Compiling BasicSoftware\src\bsw\CanIf\src\CanIf_GetTxConfirmationState.c

Compiling BasicSoftware\src\bsw\CanIf\src\CanIf_GetVersionInfo.c

Compiling BasicSoftware\src\bsw\CanIf\src\CanIf_Init.c

Compiling BasicSoftware\src\bsw\CanIf\src\CanIf_PduMode.c

Compiling BasicSoftware\src\bsw\CanIf\src\CanIf_Prv.c

Compiling BasicSoftware\src\bsw\CanIf\src\CanIf_Prv_Buffer.c

Compiling BasicSoftware\src\bsw\CanIf\src\CanIf_Rb_Apis.c

Compiling BasicSoftware\src\bsw\CanIf\src\CanIf_ReadNotifStatus.c

Compiling BasicSoftware\src\bsw\CanIf\src\CanIf_ReadRxPduData.c

Compiling BasicSoftware\src\bsw\CanIf\src\CanIf_RxIndication.c

Compiling BasicSoftware\src\bsw\CanIf\src\CanIf_SetDynamicTxId.c

Compiling BasicSoftware\src\bsw\CanIf\src\CanIf_Shared.c

Compiling BasicSoftware\src\bsw\CanIf\src\CanIf_Transceiver.c

Compiling BasicSoftware\src\bsw\CanIf\src\CanIf_Transmit.c

Compiling BasicSoftware\src\bsw\CanIf\src\CanIf_TriggerTransmit.c

Compiling BasicSoftware\src\bsw\CanIf\src\CanIf_TxConfirmation.c

Compiling BasicSoftware\src\bsw\CanIf\src\CanIf_Wakeup.c

Compiling BasicSoftware\src\bsw\CanIf\src\CanIf_XCore.c



Compiling BasicSoftware\src\bsw\CanNm\src\CanNm.c
Compiling BasicSoftware\src\bsw\CanNm\src\CanNm_ChangeState.c
Compiling BasicSoftware\src\bsw\CanNm\src\CanNm_CheckRemoteSleepIndication.c

Compiling BasicSoftware\src\bsw\CanNm\src\CanNm_ConfirmPnAvailability.c

Compiling BasicSoftware\src\bsw\CanNm\src\CanNm_DisableCommunication.c

Compiling BasicSoftware\src\bsw\CanNm\src\CanNm_EnableCommunication.c

Compiling BasicSoftware\src\bsw\CanNm\src\CanNm_GetLocalNodeIdentifier.c

Compiling BasicSoftware\src\bsw\CanNm\src\CanNm_GetNodeIdentifier.c

Compiling BasicSoftware\src\bsw\CanNm\src\CanNm_GetPduData.c

Compiling BasicSoftware\src\bsw\CanNm\src\CanNm_GetState.c

Compiling BasicSoftware\src\bsw\CanNm\src\CanNm_GetUserData.c

Compiling BasicSoftware\src\bsw\CanNm\src\CanNm_GetVersionInfo.c

Compiling BasicSoftware\src\bsw\CanNm\src\CanNm_Init.c

Compiling BasicSoftware\src\bsw\CanNm\src\CanNm_NetworkRelease.c

Compiling BasicSoftware\src\bsw\CanNm\src\CanNm_NetworkRequest.c

Compiling BasicSoftware\src\bsw\CanNm\src\CanNm_PassiveStartup.c

Compiling BasicSoftware\src\bsw\CanNm\src\CanNm_RepeatMessageRequest.c

Compiling BasicSoftware\src\bsw\CanNm\src\CanNm_RequestBusSynchronization.c

Compiling BasicSoftware\src\bsw\CanNm\src\CanNm_RxIndication.c

Compiling BasicSoftware\src\bsw\CanNm\src\CanNm_SetSleepReadyBit.c

Compiling BasicSoftware\src\bsw\CanNm\src\CanNm_SetUserData.c

Compiling BasicSoftware\src\bsw\CanNm\src\CanNm_StartTransmission.c

Compiling BasicSoftware\src\bsw\CanNm\src\CanNm_Transmit.c

Compiling BasicSoftware\src\bsw\CanNm\src\CanNm_TxConfirmation.c

Compiling BasicSoftware\src\bsw\CanSM\src\CanSM_CheckTransceiverWakeFlagIndication.c

Compiling BasicSoftware\src\bsw\CanSM\src\CanSM_ClearTrcvWufFlagIndication.c

Compiling BasicSoftware\src\bsw\CanSM\src\CanSM_ConfirmPnAvailability.c

Compiling BasicSoftware\src\bsw\CanSM\src\CanSM_ControllerBusoff.c

Compiling BasicSoftware\src\bsw\CanSM\src\CanSM_ControllerModeIndication.c

Compiling BasicSoftware\src\bsw\CanSM\src\CanSM_GetCurrentComMode.c

Compiling BasicSoftware\src\bsw\CanSM\src\CanSM_GetVersionInfo.c

Compiling BasicSoftware\src\bsw\CanSM\src\CanSM_Init.c

Compiling BasicSoftware\src\bsw\CanSM\src\CanSM_InternalStateTransition.c

Compiling BasicSoftware\src\bsw\CanSM\src\CanSM_Main.c

Compiling BasicSoftware\src\bsw\CanSM\src\CanSM_NetworkModes.c

Compiling BasicSoftware\src\bsw\CanSM\src\CanSM_RequestComMode.c

Compiling BasicSoftware\src\bsw\CanSM\src\CanSM_SetBaudrate.c

Compiling BasicSoftware\src\bsw\CanSM\src\CanSM_SetEcuPassive.c

Compiling BasicSoftware\src\bsw\CanSM\src\CanSM_StartWakeupSource.c

Compiling BasicSoftware\src\bsw\CanSM\src\CanSM_StopWakeupSource.c

Compiling BasicSoftware\src\bsw\CanSM\src\CanSM_TransceiverModeIndication.c

Compiling BasicSoftware\src\bsw\CanSM\src\CanSM_TxTimeoutException.c

Compiling BasicSoftware\src\bsw\CanTp\src\CanTp.c

Compiling BasicSoftware\src\bsw\CanTp\src\CanTp_Prv.c


Compiling BasicSoftware\src\bsw\Com\src\Com_BusLoadManagement.c
Compiling BasicSoftware\src\bsw\Com\src\Com_ByteCopy.c

Compiling BasicSoftware\src\bsw\Com\src\Com_ByteCopyInit.c

Compiling BasicSoftware\src\bsw\Com\src\Com_CopyRxData.c

Compiling BasicSoftware\src\bsw\Com\src\Com_CopyTxData.c

Compiling BasicSoftware\src\bsw\Com\src\Com_DeInit.c

Compiling BasicSoftware\src\bsw\Com\src\Com_EnableRxDm.c

Compiling BasicSoftware\src\bsw\Com\src\Com_Filter.c

Compiling BasicSoftware\src\bsw\Com\src\Com_GetStatus.c

Compiling BasicSoftware\src\bsw\Com\src\Com_GetVersionInfo.c

Compiling BasicSoftware\src\bsw\Com\src\Com_Init.c

Compiling BasicSoftware\src\bsw\Com\src\Com_InvalidateShadowSignal.c

Compiling BasicSoftware\src\bsw\Com\src\Com_InvalidateSignal.c

Compiling BasicSoftware\src\bsw\Com\src\Com_InvalidateSignalGroup.c

Compiling BasicSoftware\src\bsw\Com\src\Com_IpduGroupStart.c

Compiling BasicSoftware\src\bsw\Com\src\Com_IpduGroupStop.c

Compiling BasicSoftware\src\bsw\Com\src\Com_MainFunctionRouteSignals.c

Compiling BasicSoftware\src\bsw\Com\src\Com_MainFunctionRx.c

Compiling BasicSoftware\src\bsw\Com\src\Com_MainFunctionTx.c

Compiling BasicSoftware\src\bsw\Com\src\Com_PackGwMappings.c

Compiling BasicSoftware\src\bsw\Com\src\Com_PackSignal.c

Compiling BasicSoftware\src\bsw\Com\src\Com_ProcessSignal.c

Compiling BasicSoftware\src\bsw\Com\src\Com_ProcessSignalGroup.c

Compiling BasicSoftware\src\bsw\Com\src\Com_ReceiveDynSignal.c

Compiling BasicSoftware\src\bsw\Com\src\Com_ReceiveShadowSignal.c

Compiling BasicSoftware\src\bsw\Com\src\Com_ReceiveSignal.c

Compiling BasicSoftware\src\bsw\Com\src\Com_ReceiveSignalGroup.c

Compiling BasicSoftware\src\bsw\Com\src\Com_ReceiveSignalGroupArray.c

Compiling BasicSoftware\src\bsw\Com\src\Com_ReceiveSignalGroupArrayWithMetaData.c

Compiling BasicSoftware\src\bsw\Com\src\Com_ReceiveSignalGroupWithMetaData.c

Compiling BasicSoftware\src\bsw\Com\src\Com_ReceiveSignalWithMetadata.c

Compiling BasicSoftware\src\bsw\Com\src\Com_RxIndication.c

Compiling BasicSoftware\src\bsw\Com\src\Com_SendDynSignal.c

Compiling BasicSoftware\src\bsw\Com\src\Com_SendIpdu.c

Compiling BasicSoftware\src\bsw\Com\src\Com_SendSignal.c

Compiling BasicSoftware\src\bsw\Com\src\Com_SendSignalGroup.c


Compiling BasicSoftware\src\bsw\Com\src\Com_SendSignalGroupArray.c
Compiling BasicSoftware\src\bsw\Com\src\Com_SendSignalGroupArrayWithMetaData.c

Compiling BasicSoftware\src\bsw\Com\src\Com_SendSignalGroupWithMetaData.c

Compiling BasicSoftware\src\bsw\Com\src\Com_SendSignalWithMetaData.c

Compiling BasicSoftware\src\bsw\Com\src\Com_ShadowBuffToIpduBuff.c

Compiling BasicSoftware\src\bsw\Com\src\Com_StartOfReception.c

Compiling BasicSoftware\src\bsw\Com\src\Com_SwitchIpduTxMode.c

Compiling BasicSoftware\src\bsw\Com\src\Com_TpRxIndication.c

Compiling BasicSoftware\src\bsw\Com\src\Com_TpTxConfirmation.c

Compiling BasicSoftware\src\bsw\Com\src\Com_TriggerIPDUSend.c

Compiling BasicSoftware\src\bsw\Com\src\Com_TriggerIPDUSendWithMetaData.c

Compiling BasicSoftware\src\bsw\Com\src\Com_TriggerTransmit.c

Compiling BasicSoftware\src\bsw\Com\src\Com_TxChangeMode.c

Compiling BasicSoftware\src\bsw\Com\src\Com_TxConfirmation.c

Compiling BasicSoftware\src\bsw\Com\src\Com_UnpackSignal.c

Compiling BasicSoftware\src\bsw\Com\src\Com_UpdateShadowSignal.c

Compiling BasicSoftware\src\bsw\ComM\src\ComM.c

Compiling BasicSoftware\src\bsw\ComM\src\ComM_BusSM_ModeIndication.c

Compiling BasicSoftware\src\bsw\ComM\src\ComM_CommunicationAllowed.c

Compiling BasicSoftware\src\bsw\ComM\src\ComM_Dcm_ActiveDiagnostic.c

Compiling BasicSoftware\src\bsw\ComM\src\ComM_Dcm_InactiveDiagnostic.c

Compiling BasicSoftware\src\bsw\ComM\src\ComM_DeInit.c

Compiling BasicSoftware\src\bsw\ComM\src\ComM_EcuM_PNCWakeUpIndication.c

Compiling BasicSoftware\src\bsw\ComM\src\ComM_EcuM_WakeupIndication.c

Compiling BasicSoftware\src\bsw\ComM\src\ComM_GetCurrentComMode.c

Compiling BasicSoftware\src\bsw\ComM\src\ComM_GetInhibitionStatus.c

Compiling BasicSoftware\src\bsw\ComM\src\ComM_GetMaxComMode.c

Compiling BasicSoftware\src\bsw\ComM\src\ComM_GetRequestedComMode.c

Compiling BasicSoftware\src\bsw\ComM\src\ComM_GetState.c

Compiling BasicSoftware\src\bsw\ComM\src\ComM_GetStatus.c

Compiling BasicSoftware\src\bsw\ComM\src\ComM_GetVersionInfo.c

Compiling BasicSoftware\src\bsw\ComM\src\ComM_Init.c

Compiling BasicSoftware\src\bsw\ComM\src\ComM_LChannelMainFunction.c

Compiling BasicSoftware\src\bsw\ComM\src\ComM_LimitChannelToNoComMode.c

Compiling BasicSoftware\src\bsw\ComM\src\ComM_LimitECUToNoComMode.c

Compiling BasicSoftware\src\bsw\ComM\src\ComM_LPncMainFunction.c

Compiling BasicSoftware\src\bsw\ComM\src\ComM_LUpdateFullComRequestors.c

Compiling BasicSoftware\src\bsw\ComM\src\ComM_Nm_BusSleepMode.c

Compiling BasicSoftware\src\bsw\ComM\src\ComM_Nm_NetworkMode.c

Compiling BasicSoftware\src\bsw\ComM\src\ComM_Nm_NetworkStartIndication.c

Compiling BasicSoftware\src\bsw\ComM\src\ComM_Nm_PrepareBusSleepMode.c

Compiling BasicSoftware\src\bsw\ComM\src\ComM_Nm_RestartIndication.c

Compiling BasicSoftware\src\bsw\ComM\src\ComM_PreventWakeUp.c

Compiling BasicSoftware\src\bsw\ComM\src\ComM_ReadInhibitCounter.c

Compiling BasicSoftware\src\bsw\ComM\src\ComM_RequestComMode.c

Compiling BasicSoftware\src\bsw\ComM\src\ComM_ResetInhibitCounter.c

Compiling BasicSoftware\src\bsw\ComM\src\ComM_SetECUGroupClassification.c

Compiling BasicSoftware\src\bsw\Dcm\src\DcmCore\DcmCoreDslDsd\DcmCore_DslDsd_BootLoader.c

Compiling BasicSoftware\src\bsw\Dcm\src\DcmCore\DcmCoreDslDsd\DcmCore_DslDsd_ConfirmRespPend.c

Compiling BasicSoftware\src\bsw\Dcm\src\DcmCore\DcmCoreDslDsd\DcmCore_DslDsd_GetKwpTimingValues.c

Compiling BasicSoftware\src\bsw\Dcm\src\DcmCore\DcmCoreDslDsd\DcmCore_DslDsd_PrepareKwpTimingValues.c

Compiling BasicSoftware\src\bsw\Dcm\src\DcmCore\DcmCoreDslDsd\DcmCore_DslDsd_RestartP3Timer.c

Compiling BasicSoftware\src\bsw\Dcm\src\DcmCore\DcmCoreDslDsd\DcmCore_DslDsd_RestoreSecaTimer.c

Compiling BasicSoftware\src\bsw\Dcm\src\DcmCore\DcmCoreDslDsd\DcmCore_DslDsd_SetKwpDefaultTimingValues.c

Compiling BasicSoftware\src\bsw\Dcm\src\DcmCore\DcmCoreDslDsd\DcmCore_DslDsd_SetKwpTimingValues.c

Compiling BasicSoftware\src\bsw\Dcm\src\DcmCore\DcmCoreDslDsd\DcmCore_DslDsd_SetP3MaxMonitoring.c

Compiling BasicSoftware\src\bsw\Dcm\src\DcmCore\DcmCoreDslDsd\DcmCore_DslDsd_WarmStart.c

Compiling BasicSoftware\src\bsw\Dcm\src\DcmCore\DcmCoreLib\DcmCore_DslDsd_InternalApi.c

Compiling BasicSoftware\src\bsw\Dcm\src\DcmCore\DcmCoreLib\DcmCore_DslDsd_SignalLib.c

Compiling BasicSoftware\src\bsw\Dcm\src\DcmCore\DcmCoreMain\DcmCore_Main.c

Compiling BasicSoftware\src\bsw\Dcm\src\DcmCore\DcmCoreMain\DcmCore_Main_Init.c

Compiling BasicSoftware\src\bsw\Dcm\src\DcmDsp\DcmDspLib\DcmDspUds_Memaddress_Calc.c

Compiling BasicSoftware\src\bsw\Dcm\src\DcmDsp\DcmDspObd\DcmDspObd_Mode1.c

Compiling BasicSoftware\src\bsw\Dcm\src\DcmDsp\DcmDspObd\DcmDspObd_Mode2.c

Compiling BasicSoftware\src\bsw\Dcm\src\DcmDsp\DcmDspObd\DcmDspObd_Mode37A.c

Compiling BasicSoftware\src\bsw\Dcm\src\DcmDsp\DcmDspObd\DcmDspObd_Mode4.c

Compiling BasicSoftware\src\bsw\Dcm\src\DcmDsp\DcmDspObd\DcmDspObd_Mode6.c

Compiling BasicSoftware\src\bsw\Dcm\src\DcmDsp\DcmDspObd\DcmDspObd_Mode8.c

Compiling BasicSoftware\src\bsw\Dcm\src\DcmDsp\DcmDspObd\DcmDspObd_Mode9.c

Compiling BasicSoftware\src\bsw\Dcm\src\DcmDsp\DcmDspUds\DcmDspUds_CC.c

Compiling BasicSoftware\src\bsw\Dcm\src\DcmDsp\DcmDspUds\DcmDspUds_Cdi.c

Compiling BasicSoftware\src\bsw\Dcm\src\DcmDsp\DcmDspUds\DcmDspUds_Cdtcs.c

Compiling BasicSoftware\src\bsw\Dcm\src\DcmDsp\DcmDspUds\DcmDspUds_Dddi.c


Compiling BasicSoftware\src\bsw\Dcm\src\DcmDsp\DcmDspUds\DcmDspUds_Did_Support.c
Compiling BasicSoftware\src\bsw\Dcm\src\DcmDsp\DcmDspUds\DcmDspUds_Dsc.c

Compiling BasicSoftware\src\bsw\Dcm\src\DcmDsp\DcmDspUds\DcmDspUds_Er.c

Compiling BasicSoftware\src\bsw\Dcm\src\DcmDsp\DcmDspUds\DcmDspUds_GetVIN.c

Compiling BasicSoftware\src\bsw\Dcm\src\DcmDsp\DcmDspUds\DcmDspUds_Iocbi.c

Compiling BasicSoftware\src\bsw\Dcm\src\DcmDsp\DcmDspUds\DcmDspUds_Rc.c

Compiling BasicSoftware\src\bsw\Dcm\src\DcmDsp\DcmDspUds\DcmDspUds_Rdbi.c

Compiling BasicSoftware\src\bsw\Dcm\src\DcmDsp\DcmDspUds\DcmDspUds_Rdpi.c

Compiling BasicSoftware\src\bsw\Dcm\src\DcmDsp\DcmDspUds\DcmDspUds_Rdtc.c

Compiling BasicSoftware\src\bsw\Dcm\src\DcmDsp\DcmDspUds\DcmDspUds_Rdtc_GetFreezeFrameDataByRecord.c

Compiling BasicSoftware\src\bsw\Dcm\src\DcmDsp\DcmDspUds\DcmDspUds_Rdtc_RepDTCFaultDetectionCounter.c

Compiling BasicSoftware\src\bsw\Dcm\src\DcmDsp\DcmDspUds\DcmDspUds_Rdtc_RepFailedDTC.c

Compiling BasicSoftware\src\bsw\Dcm\src\DcmDsp\DcmDspUds\DcmDspUds_Rdtc_RepNumDTCByStatusMask.c

Compiling BasicSoftware\src\bsw\Dcm\src\DcmDsp\DcmDspUds\DcmDspUds_Rdtc_ReportDTCBySevMaskRec.c

Compiling BasicSoftware\src\bsw\Dcm\src\DcmDsp\DcmDspUds\DcmDspUds_Rdtc_ReportDTCSnapshotRecId.c

Compiling BasicSoftware\src\bsw\Dcm\src\DcmDsp\DcmDspUds\DcmDspUds_Rdtc_ReportExtendedDataRecordByDTC.c

Compiling BasicSoftware\src\bsw\Dcm\src\DcmDsp\DcmDspUds\DcmDspUds_Rdtc_ReportSnapshotRecordByDTC.c

Compiling BasicSoftware\src\bsw\Dcm\src\DcmDsp\DcmDspUds\DcmDspUds_Rdtc_RepSeverityOfDTC.c

Compiling BasicSoftware\src\bsw\Dcm\src\DcmDsp\DcmDspUds\DcmDspUds_Rdtc_RepSuppDTC.c

Compiling BasicSoftware\src\bsw\Dcm\src\DcmDsp\DcmDspUds\DcmDspUds_RequestDownload.c

Compiling BasicSoftware\src\bsw\Dcm\src\DcmDsp\DcmDspUds\DcmDspUds_RequestTransferExit.c

Compiling BasicSoftware\src\bsw\Dcm\src\DcmDsp\DcmDspUds\DcmDspUds_RequestUpload.c

Compiling BasicSoftware\src\bsw\Dcm\src\DcmDsp\DcmDspUds\DcmDspUds_Rmba.c

Compiling BasicSoftware\src\bsw\Dcm\src\DcmDsp\DcmDspUds\DcmDspUds_Roe.c

Compiling BasicSoftware\src\bsw\Dcm\src\DcmDsp\DcmDspUds\DcmDspUds_Seca.c

Compiling BasicSoftware\src\bsw\Dcm\src\DcmDsp\DcmDspUds\DcmDspUds_Seca_ChgSecurity.c

Compiling BasicSoftware\src\bsw\Dcm\src\DcmDsp\DcmDspUds\DcmDspUds_Seca_RestoreDelayCount.c

Compiling BasicSoftware\src\bsw\Dcm\src\DcmDsp\DcmDspUds\DcmDspUds_Seca_SecurityIni.c

Compiling BasicSoftware\src\bsw\Dcm\src\DcmDsp\DcmDspUds\DcmDspUds_Tp.c

Compiling BasicSoftware\src\bsw\Dcm\src\DcmDsp\DcmDspUds\DcmDspUds_TransferData.c

Compiling BasicSoftware\src\bsw\Dcm\src\DcmDsp\DcmDspUds\DcmDspUds_Uds_Did_F186.c

Compiling BasicSoftware\src\bsw\Dcm\src\DcmDsp\DcmDspUds\DcmDspUds_Wdbi.c

Compiling BasicSoftware\src\bsw\Dcm\src\DcmDsp\DcmDspUds\DcmDspUds_Wmba.c

Compiling BasicSoftware\src\bsw\Dcm\src\Dsd\Dcm_Dsd_Lib.c

Compiling BasicSoftware\src\bsw\Dcm\src\Dsd\Dcm_Dsd_Rdpi.c

Compiling BasicSoftware\src\bsw\Dcm\src\Dsd\Dcm_Dsd_Roe.c

Compiling BasicSoftware\src\bsw\Dcm\src\Dsd\Dcm_Dsd_StateMachine.c

Compiling BasicSoftware\src\bsw\Dcm\src\Dsl\Dcm_Dsl_CancelTransmit.c

Compiling BasicSoftware\src\bsw\Dcm\src\Dsl\Dcm_Dsl_ComMInteraction.c

Compiling BasicSoftware\src\bsw\Dcm\src\Dsl\Dcm_Dsl_CopyRxData.c

Compiling BasicSoftware\src\bsw\Dcm\src\Dsl\Dcm_Dsl_CopyTxData.c

Compiling BasicSoftware\src\bsw\Dcm\src\Dsl\Dcm_Dsl_OBDStateMachine.c

Compiling BasicSoftware\src\bsw\Dcm\src\Dsl\Dcm_Dsl_PagedBuffer.c

Compiling BasicSoftware\src\bsw\Dcm\src\Dsl\Dcm_Dsl_Protocol.c

Compiling BasicSoftware\src\bsw\Dcm\src\Dsl\Dcm_Dsl_RxIndication.c


Compiling BasicSoftware\src\bsw\Dcm\src\Dsl\Dcm_Dsl_Security.c
Compiling BasicSoftware\src\bsw\Dcm\src\Dsl\Dcm_Dsl_Session.c

Compiling BasicSoftware\src\bsw\Dcm\src\Dsl\Dcm_Dsl_StartOfReception.c

Compiling BasicSoftware\src\bsw\Dcm\src\Dsl\Dcm_Dsl_StateMachine.c

Compiling BasicSoftware\src\bsw\Dcm\src\Dsl\Dcm_Dsl_TxResponse.c


Compiling BasicSoftware\src\bsw\Dem\src\client\Dem_Client.c
Compiling BasicSoftware\src\bsw\Dem\src\client\Dem_ClientMachine_Clear.c


Compiling BasicSoftware\src\bsw\Dem\src\client\Dem_ClientRequestDispatcher.c
Compiling BasicSoftware\src\bsw\Dem\src\client\Dem_Client_Api.c

Compiling BasicSoftware\src\bsw\Dem\src\consischk\Dem_ConsisChk.c

Compiling BasicSoftware\src\bsw\Dem\src\deb\Dem_Deb.c

Compiling BasicSoftware\src\bsw\Dem\src\deb\Dem_DebArTime.c

Compiling BasicSoftware\src\bsw\Dem\src\deb\Dem_DebBase.c

Compiling BasicSoftware\src\bsw\Dem\src\deb\Dem_DebCtrBaseClass.c

Compiling BasicSoftware\src\bsw\Dem\src\distmem\Dem_DisturbanceMemory.c

Compiling BasicSoftware\src\bsw\Dem\src\dtc\Dem_DTCFilter.c

Compiling BasicSoftware\src\bsw\Dem\src\dtc\Dem_DTCGroup.c

Compiling BasicSoftware\src\bsw\Dem\src\dtc\Dem_DTCs.c

Compiling BasicSoftware\src\bsw\Dem\src\dtc\Dem_DTCStatusByte.c

Compiling BasicSoftware\src\bsw\Dem\src\dtc\Dem_Prv_J1939Dcm.c

Compiling BasicSoftware\src\bsw\Dem\src\enco\Dem_EnableCondition.c

Compiling BasicSoftware\src\bsw\Dem\src\env\Dem_EnvDataElement.c

Compiling BasicSoftware\src\bsw\Dem\src\env\Dem_EnvDid.c

Compiling BasicSoftware\src\bsw\Dem\src\env\Dem_EnvExtendedData.c

Compiling BasicSoftware\src\bsw\Dem\src\env\Dem_EnvExtendedDataRec.c

Compiling BasicSoftware\src\bsw\Dem\src\env\Dem_EnvFFRecNumeration.c

Compiling BasicSoftware\src\bsw\Dem\src\env\Dem_EnvFreezeFrame.c

Compiling BasicSoftware\src\bsw\Dem\src\env\Dem_EnvMain.c

Compiling BasicSoftware\src\bsw\Dem\src\env\Dem_EvtRelatedData.c

Compiling BasicSoftware\src\bsw\Dem\src\env\Dem_J1939EnvFreezeFrame.c
BasicSoftware\src\bsw\Dem\src\env\Dem_EnvDataElement.c:19:89: error: use of undeclared identifier 'Dcm_DemGetSRData_SR_FF_57601_New_Data_Object'
const Dem_EnvDataElement Dem_Cfg_EnvDataElement[DEM_CFG_ENV_DATAELEMENTS_ARRAYLENGTH] = DEM_CFG_ENV_DATAELEMENTS;
                                                                                        ^
output\inc/..\..\basicSoftware\src\bsw\Dem\Dem_Cfg_EnvDataElement.h:65:8: note: expanded from macro 'DEM_CFG_ENV_DATAELEMENTS'
   ,{ &Dcm_DemGetSRData_SR_FF_57601_New_Data_Object, DEM_ENV_DATAELEMENTS_INTERN_INIT(NULL_PTR)DemConf_DemDataElementDataSize_DEM_DATAELEM_SR_FF_57601_NEW_DATA_OBJECT , FALSE } \
       ^
1 error generated.

===================
None
===================
scons: *** [output\objs\basicSoftware\src\bsw\Dem\src\Dem_EnvDataElement.o] Error 1







scons: building terminated because of errors.
