scons: done reading SConscript files.

scons: warning: you do not seem to have the pywin32 extensions installed;
	parallel (-j) builds may not work reliably with open Python files.
File "F:\Python271\Scripts\scons.py", line 201, in <module>
scons: Building targets ...
Compiling ASW\ExeMgrUT\src\ExeMgrUT.c
Compiling ASW\NvMUT\src\NvMUT.c
Compiling ASW\WdgMUT\src\WdgMUT.c
Compiling BasicSoftware\src\bsw\BswM\src\BswM.c
Compiling BasicSoftware\src\bsw\BswM\src\BswM_CanSM.c
Compiling BasicSoftware\src\bsw\BswM\src\BswM_ComM.c
Compiling BasicSoftware\src\bsw\BswM\src\BswM_DCM.c
Compiling BasicSoftware\src\bsw\BswM\src\BswM_EcuM.c

Compiling BasicSoftware\src\bsw\BswM\src\BswM_EthIf.c

Compiling BasicSoftware\src\bsw\BswM\src\BswM_EthSM.c

Compiling BasicSoftware\src\bsw\BswM\src\BswM_FrSM.c

Compiling BasicSoftware\src\bsw\BswM\src\BswM_Generic.c

Compiling BasicSoftware\src\bsw\BswM\src\BswM_J1939Dcm.c

Compiling BasicSoftware\src\bsw\BswM\src\BswM_J1939Nm.c

Compiling BasicSoftware\src\bsw\BswM\src\BswM_LinSM.c

Compiling BasicSoftware\src\bsw\BswM\src\BswM_LinTp.c

Compiling BasicSoftware\src\bsw\BswM\src\BswM_Nm.c

Compiling BasicSoftware\src\bsw\BswM\src\BswM_NvM.c

Compiling BasicSoftware\src\bsw\BswM\src\BswM_Prv.c

Compiling BasicSoftware\src\bsw\BswM\src\BswM_Prv_AC.c

Compiling BasicSoftware\src\bsw\BswM\src\BswM_Prv_AL.c

Compiling BasicSoftware\src\bsw\BswM\src\BswM_Prv_IntrptQueue.c

Compiling BasicSoftware\src\bsw\BswM\src\BswM_Prv_MRP.c

Compiling BasicSoftware\src\bsw\BswM\src\BswM_Prv_ProcessDeferredRequest.c

Compiling BasicSoftware\src\bsw\BswM\src\BswM_Prv_ProcessDelayedReqst.c

Compiling BasicSoftware\src\bsw\BswM\src\BswM_Prv_RL.c

Compiling BasicSoftware\src\bsw\BswM\src\BswM_Sd.c

Compiling BasicSoftware\src\bsw\BswM\src\BswM_WdgM.c




Compiling BasicSoftware\src\bsw\CanIf\src\CanIf_Baudrate.c
Compiling BasicSoftware\src\bsw\CanIf\src\CanIf_Controller.c
Compiling BasicSoftware\src\bsw\CanIf\src\CanIf_GetTxConfirmationState.c
Compiling BasicSoftware\src\bsw\CanIf\src\CanIf_GetVersionInfo.c

Compiling BasicSoftware\src\bsw\CanIf\src\CanIf_Init.c

Compiling BasicSoftware\src\bsw\CanIf\src\CanIf_PduMode.c

Compiling BasicSoftware\src\bsw\CanIf\src\CanIf_Prv.c

Compiling BasicSoftware\src\bsw\CanIf\src\CanIf_Prv_Buffer.c

Compiling BasicSoftware\src\bsw\CanIf\src\CanIf_Rb_Apis.c

Compiling BasicSoftware\src\bsw\CanIf\src\CanIf_ReadNotifStatus.c

Compiling BasicSoftware\src\bsw\CanIf\src\CanIf_ReadRxPduData.c

Compiling BasicSoftware\src\bsw\CanIf\src\CanIf_RxIndication.c

Compiling BasicSoftware\src\bsw\CanIf\src\CanIf_SetDynamicTxId.c

Compiling BasicSoftware\src\bsw\CanIf\src\CanIf_Shared.c

Compiling BasicSoftware\src\bsw\CanIf\src\CanIf_Transceiver.c

Compiling BasicSoftware\src\bsw\CanIf\src\CanIf_Transmit.c

Compiling BasicSoftware\src\bsw\CanIf\src\CanIf_TriggerTransmit.c

Compiling BasicSoftware\src\bsw\CanIf\src\CanIf_TxConfirmation.c


Compiling BasicSoftware\src\bsw\CanIf\src\CanIf_Wakeup.c
Compiling BasicSoftware\src\bsw\CanIf\src\CanIf_XCore.c


Compiling BasicSoftware\src\bsw\CanNm\src\CanNm.c

Compiling BasicSoftware\src\bsw\CanNm\src\CanNm_GetPduData.c
Compiling BasicSoftware\src\bsw\CanNm\src\CanNm_GetUserData.c

Compiling BasicSoftware\src\bsw\CanNm\src\CanNm_Init.c

Compiling BasicSoftware\src\bsw\CanNm\src\CanNm_RequestBusSynchronization.c

Compiling BasicSoftware\src\bsw\CanNm\src\CanNm_RxIndication.c

Compiling BasicSoftware\src\bsw\CanNm\src\CanNm_SetSleepReadyBit.c

Compiling BasicSoftware\src\bsw\CanNm\src\CanNm_SetUserData.c

Compiling BasicSoftware\src\bsw\CanNm\src\CanNm_Transmit.c


Compiling BasicSoftware\src\bsw\CanSM\src\CanSM_CheckTransceiverWakeFlagIndication.c
Compiling BasicSoftware\src\bsw\CanSM\src\CanSM_ClearTrcvWufFlagIndication.c

Compiling BasicSoftware\src\bsw\CanSM\src\CanSM_ConfirmPnAvailability.c

Compiling BasicSoftware\src\bsw\CanSM\src\CanSM_ControllerBusoff.c

Compiling BasicSoftware\src\bsw\CanSM\src\CanSM_ControllerModeIndication.c

Compiling BasicSoftware\src\bsw\CanSM\src\CanSM_GetCurrentComMode.c

Compiling BasicSoftware\src\bsw\CanSM\src\CanSM_GetVersionInfo.c

Compiling BasicSoftware\src\bsw\CanSM\src\CanSM_Init.c

Compiling BasicSoftware\src\bsw\CanSM\src\CanSM_InternalStateTransition.c

Compiling BasicSoftware\src\bsw\CanSM\src\CanSM_Main.c

Compiling BasicSoftware\src\bsw\CanSM\src\CanSM_NetworkModes.c

Compiling BasicSoftware\src\bsw\CanSM\src\CanSM_RequestComMode.c

Compiling BasicSoftware\src\bsw\CanSM\src\CanSM_SetBaudrate.c

Compiling BasicSoftware\src\bsw\CanSM\src\CanSM_SetEcuPassive.c

Compiling BasicSoftware\src\bsw\CanSM\src\CanSM_StartWakeupSource.c

Compiling BasicSoftware\src\bsw\CanSM\src\CanSM_StopWakeupSource.c

Compiling BasicSoftware\src\bsw\CanSM\src\CanSM_TransceiverModeIndication.c

Compiling BasicSoftware\src\bsw\CanSM\src\CanSM_TxTimeoutException.c

Compiling BasicSoftware\src\bsw\CanTp\src\CanTp.c

Compiling BasicSoftware\src\bsw\CanTp\src\CanTp_Prv.c


Compiling BasicSoftware\src\bsw\Com\src\Com_BusLoadManagement.c
Compiling BasicSoftware\src\bsw\Com\src\Com_ByteCopy.c

Compiling BasicSoftware\src\bsw\Com\src\Com_ByteCopyInit.c

Compiling BasicSoftware\src\bsw\Com\src\Com_CopyRxData.c

Compiling BasicSoftware\src\bsw\Com\src\Com_CopyTxData.c

Compiling BasicSoftware\src\bsw\Com\src\Com_DeInit.c

Compiling BasicSoftware\src\bsw\Com\src\Com_EnableRxDm.c

Compiling BasicSoftware\src\bsw\Com\src\Com_Filter.c

Compiling BasicSoftware\src\bsw\Com\src\Com_GetStatus.c

Compiling BasicSoftware\src\bsw\Com\src\Com_GetVersionInfo.c

Compiling BasicSoftware\src\bsw\Com\src\Com_Init.c

Compiling BasicSoftware\src\bsw\Com\src\Com_InvalidateShadowSignal.c

Compiling BasicSoftware\src\bsw\Com\src\Com_InvalidateSignal.c

Compiling BasicSoftware\src\bsw\Com\src\Com_InvalidateSignalGroup.c

Compiling BasicSoftware\src\bsw\Com\src\Com_IpduGroupStart.c

Compiling BasicSoftware\src\bsw\Com\src\Com_IpduGroupStop.c

Compiling BasicSoftware\src\bsw\Com\src\Com_MainFunctionRouteSignals.c

Compiling BasicSoftware\src\bsw\Com\src\Com_MainFunctionRx.c

Compiling BasicSoftware\src\bsw\Com\src\Com_MainFunctionTx.c

Compiling BasicSoftware\src\bsw\Com\src\Com_PackGwMappings.c

Compiling BasicSoftware\src\bsw\Com\src\Com_PackSignal.c

Compiling BasicSoftware\src\bsw\Com\src\Com_ProcessSignal.c

Compiling BasicSoftware\src\bsw\Com\src\Com_ProcessSignalGroup.c

Compiling BasicSoftware\src\bsw\Com\src\Com_ReceiveDynSignal.c


Compiling BasicSoftware\src\bsw\Com\src\Com_ReceiveShadowSignal.c
Compiling BasicSoftware\src\bsw\Com\src\Com_ReceiveSignal.c

Compiling BasicSoftware\src\bsw\Com\src\Com_ReceiveSignalGroup.c

Compiling BasicSoftware\src\bsw\Com\src\Com_ReceiveSignalGroupArray.c

Compiling BasicSoftware\src\bsw\Com\src\Com_ReceiveSignalGroupArrayWithMetaData.c

Compiling BasicSoftware\src\bsw\Com\src\Com_ReceiveSignalGroupWithMetaData.c

Compiling BasicSoftware\src\bsw\Com\src\Com_ReceiveSignalWithMetadata.c

Compiling BasicSoftware\src\bsw\Com\src\Com_RxIndication.c

Compiling BasicSoftware\src\bsw\Com\src\Com_SendDynSignal.c

Compiling BasicSoftware\src\bsw\Com\src\Com_SendIpdu.c

Compiling BasicSoftware\src\bsw\Com\src\Com_SendSignal.c

Compiling BasicSoftware\src\bsw\Com\src\Com_SendSignalGroup.c

Compiling BasicSoftware\src\bsw\Com\src\Com_SendSignalGroupArray.c

Compiling BasicSoftware\src\bsw\Com\src\Com_SendSignalGroupArrayWithMetaData.c

Compiling BasicSoftware\src\bsw\Com\src\Com_SendSignalGroupWithMetaData.c

Compiling BasicSoftware\src\bsw\Com\src\Com_SendSignalWithMetaData.c

Compiling BasicSoftware\src\bsw\Com\src\Com_ShadowBuffToIpduBuff.c

Compiling BasicSoftware\src\bsw\Com\src\Com_StartOfReception.c

Compiling BasicSoftware\src\bsw\Com\src\Com_SwitchIpduTxMode.c

Compiling BasicSoftware\src\bsw\Com\src\Com_TpRxIndication.c

Compiling BasicSoftware\src\bsw\Com\src\Com_TpTxConfirmation.c

Compiling BasicSoftware\src\bsw\Com\src\Com_TriggerIPDUSend.c

Compiling BasicSoftware\src\bsw\Com\src\Com_TriggerIPDUSendWithMetaData.c

Compiling BasicSoftware\src\bsw\Com\src\Com_TriggerTransmit.c

Compiling BasicSoftware\src\bsw\Com\src\Com_TxChangeMode.c

Compiling BasicSoftware\src\bsw\Com\src\Com_TxConfirmation.c

Compiling BasicSoftware\src\bsw\Com\src\Com_UnpackSignal.c

Compiling BasicSoftware\src\bsw\Com\src\Com_UpdateShadowSignal.c



Compiling BasicSoftware\src\bsw\ComM\src\ComM.c
Compiling BasicSoftware\src\bsw\ComM\src\ComM_BusSM_ModeIndication.c
Compiling BasicSoftware\src\bsw\ComM\src\ComM_CommunicationAllowed.c

Compiling BasicSoftware\src\bsw\ComM\src\ComM_Dcm_ActiveDiagnostic.c

Compiling BasicSoftware\src\bsw\ComM\src\ComM_Dcm_InactiveDiagnostic.c

Compiling BasicSoftware\src\bsw\ComM\src\ComM_DeInit.c

Compiling BasicSoftware\src\bsw\ComM\src\ComM_EcuM_PNCWakeUpIndication.c

Compiling BasicSoftware\src\bsw\ComM\src\ComM_EcuM_WakeupIndication.c

Compiling BasicSoftware\src\bsw\ComM\src\ComM_GetCurrentComMode.c

Compiling BasicSoftware\src\bsw\ComM\src\ComM_GetInhibitionStatus.c

Compiling BasicSoftware\src\bsw\ComM\src\ComM_GetMaxComMode.c

Compiling BasicSoftware\src\bsw\ComM\src\ComM_GetRequestedComMode.c

Compiling BasicSoftware\src\bsw\ComM\src\ComM_GetState.c

Compiling BasicSoftware\src\bsw\ComM\src\ComM_GetStatus.c

Compiling BasicSoftware\src\bsw\ComM\src\ComM_GetVersionInfo.c

Compiling BasicSoftware\src\bsw\ComM\src\ComM_Init.c


Compiling BasicSoftware\src\bsw\ComM\src\ComM_LChannelMainFunction.c
Compiling BasicSoftware\src\bsw\ComM\src\ComM_LimitChannelToNoComMode.c

Compiling BasicSoftware\src\bsw\ComM\src\ComM_LimitECUToNoComMode.c

Compiling BasicSoftware\src\bsw\ComM\src\ComM_LPncMainFunction.c

Compiling BasicSoftware\src\bsw\ComM\src\ComM_LUpdateFullComRequestors.c

Compiling BasicSoftware\src\bsw\ComM\src\ComM_Nm_BusSleepMode.c

Compiling BasicSoftware\src\bsw\ComM\src\ComM_Nm_NetworkMode.c

Compiling BasicSoftware\src\bsw\ComM\src\ComM_Nm_NetworkStartIndication.c

Compiling BasicSoftware\src\bsw\ComM\src\ComM_Nm_PrepareBusSleepMode.c

Compiling BasicSoftware\src\bsw\ComM\src\ComM_Nm_RestartIndication.c

Compiling BasicSoftware\src\bsw\ComM\src\ComM_PreventWakeUp.c

Compiling BasicSoftware\src\bsw\ComM\src\ComM_ReadInhibitCounter.c

Compiling BasicSoftware\src\bsw\ComM\src\ComM_RequestComMode.c

Compiling BasicSoftware\src\bsw\ComM\src\ComM_ResetInhibitCounter.c

Compiling BasicSoftware\src\bsw\ComM\src\ComM_SetECUGroupClassification.c

Compiling BasicSoftware\src\bsw\Dcm\src\DcmCore\DcmCoreDslDsd\DcmCore_DslDsd_BootLoader.c

Compiling BasicSoftware\src\bsw\Dcm\src\DcmCore\DcmCoreDslDsd\DcmCore_DslDsd_ConfirmRespPend.c

Compiling BasicSoftware\src\bsw\Dcm\src\DcmCore\DcmCoreDslDsd\DcmCore_DslDsd_GetKwpTimingValues.c

Compiling BasicSoftware\src\bsw\Dcm\src\DcmCore\DcmCoreDslDsd\DcmCore_DslDsd_PrepareKwpTimingValues.c

Compiling BasicSoftware\src\bsw\Dcm\src\DcmCore\DcmCoreDslDsd\DcmCore_DslDsd_RestartP3Timer.c

Compiling BasicSoftware\src\bsw\Dcm\src\DcmCore\DcmCoreDslDsd\DcmCore_DslDsd_RestoreSecaTimer.c

Compiling BasicSoftware\src\bsw\Dcm\src\DcmCore\DcmCoreDslDsd\DcmCore_DslDsd_SetKwpDefaultTimingValues.c

Compiling BasicSoftware\src\bsw\Dcm\src\DcmCore\DcmCoreDslDsd\DcmCore_DslDsd_SetKwpTimingValues.c

Compiling BasicSoftware\src\bsw\Dcm\src\DcmCore\DcmCoreDslDsd\DcmCore_DslDsd_SetP3MaxMonitoring.c

Compiling BasicSoftware\src\bsw\Dcm\src\DcmCore\DcmCoreDslDsd\DcmCore_DslDsd_WarmStart.c

Compiling BasicSoftware\src\bsw\Dcm\src\DcmCore\DcmCoreLib\DcmCore_DslDsd_InternalApi.c

Compiling BasicSoftware\src\bsw\Dcm\src\DcmCore\DcmCoreLib\DcmCore_DslDsd_SignalLib.c

Compiling BasicSoftware\src\bsw\Dcm\src\DcmCore\DcmCoreMain\DcmCore_Main.c

Compiling BasicSoftware\src\bsw\Dcm\src\DcmCore\DcmCoreMain\DcmCore_Main_Init.c


Compiling BasicSoftware\src\bsw\Dcm\src\DcmDsp\DcmDspLib\DcmDspUds_Memaddress_Calc.c
Compiling BasicSoftware\src\bsw\Dcm\src\DcmDsp\DcmDspObd\DcmDspObd_Mode1.c

Compiling BasicSoftware\src\bsw\Dcm\src\DcmDsp\DcmDspObd\DcmDspObd_Mode2.c


Compiling BasicSoftware\src\bsw\Dcm\src\DcmDsp\DcmDspObd\DcmDspObd_Mode37A.c
Compiling BasicSoftware\src\bsw\Dcm\src\DcmDsp\DcmDspObd\DcmDspObd_Mode4.c


Compiling BasicSoftware\src\bsw\Dcm\src\DcmDsp\DcmDspObd\DcmDspObd_Mode6.c
Compiling BasicSoftware\src\bsw\Dcm\src\DcmDsp\DcmDspObd\DcmDspObd_Mode8.c


Compiling BasicSoftware\src\bsw\Dcm\src\DcmDsp\DcmDspObd\DcmDspObd_Mode9.c
Compiling BasicSoftware\src\bsw\Dcm\src\DcmDsp\DcmDspUds\DcmDspUds_CC.c

Compiling BasicSoftware\src\bsw\Dcm\src\DcmDsp\DcmDspUds\DcmDspUds_Cdi.c

Compiling BasicSoftware\src\bsw\Dcm\src\DcmDsp\DcmDspUds\DcmDspUds_Cdtcs.c


Compiling BasicSoftware\src\bsw\Dcm\src\DcmDsp\DcmDspUds\DcmDspUds_Dddi.c
Compiling BasicSoftware\src\bsw\Dcm\src\DcmDsp\DcmDspUds\DcmDspUds_Did_Support.c

Compiling BasicSoftware\src\bsw\Dcm\src\DcmDsp\DcmDspUds\DcmDspUds_Dsc.c

Compiling BasicSoftware\src\bsw\Dcm\src\DcmDsp\DcmDspUds\DcmDspUds_Er.c

Compiling BasicSoftware\src\bsw\Dcm\src\DcmDsp\DcmDspUds\DcmDspUds_GetVIN.c

Compiling BasicSoftware\src\bsw\Dcm\src\DcmDsp\DcmDspUds\DcmDspUds_Iocbi.c

Compiling BasicSoftware\src\bsw\Dcm\src\DcmDsp\DcmDspUds\DcmDspUds_Rc.c

Compiling BasicSoftware\src\bsw\Dcm\src\DcmDsp\DcmDspUds\DcmDspUds_Rdbi.c

Compiling BasicSoftware\src\bsw\Dcm\src\DcmDsp\DcmDspUds\DcmDspUds_Rdpi.c

Compiling BasicSoftware\src\bsw\Dcm\src\DcmDsp\DcmDspUds\DcmDspUds_Rdtc.c

Compiling BasicSoftware\src\bsw\Dcm\src\DcmDsp\DcmDspUds\DcmDspUds_Rdtc_GetFreezeFrameDataByRecord.c

Compiling BasicSoftware\src\bsw\Dcm\src\DcmDsp\DcmDspUds\DcmDspUds_Rdtc_RepDTCFaultDetectionCounter.c

Compiling BasicSoftware\src\bsw\Dcm\src\DcmDsp\DcmDspUds\DcmDspUds_Rdtc_RepFailedDTC.c

Compiling BasicSoftware\src\bsw\Dcm\src\DcmDsp\DcmDspUds\DcmDspUds_Rdtc_RepNumDTCByStatusMask.c

Compiling BasicSoftware\src\bsw\Dcm\src\DcmDsp\DcmDspUds\DcmDspUds_Rdtc_ReportDTCBySevMaskRec.c

Compiling BasicSoftware\src\bsw\Dcm\src\DcmDsp\DcmDspUds\DcmDspUds_Rdtc_ReportDTCSnapshotRecId.c

Compiling BasicSoftware\src\bsw\Dcm\src\DcmDsp\DcmDspUds\DcmDspUds_Rdtc_ReportExtendedDataRecordByDTC.c

Compiling BasicSoftware\src\bsw\Dcm\src\DcmDsp\DcmDspUds\DcmDspUds_Rdtc_ReportSnapshotRecordByDTC.c

Compiling BasicSoftware\src\bsw\Dcm\src\DcmDsp\DcmDspUds\DcmDspUds_Rdtc_RepSeverityOfDTC.c

Compiling BasicSoftware\src\bsw\Dcm\src\DcmDsp\DcmDspUds\DcmDspUds_Rdtc_RepSuppDTC.c

Compiling BasicSoftware\src\bsw\Dcm\src\DcmDsp\DcmDspUds\DcmDspUds_RequestDownload.c

Compiling BasicSoftware\src\bsw\Dcm\src\DcmDsp\DcmDspUds\DcmDspUds_RequestTransferExit.c

Compiling BasicSoftware\src\bsw\Dcm\src\DcmDsp\DcmDspUds\DcmDspUds_RequestUpload.c

Compiling BasicSoftware\src\bsw\Dcm\src\DcmDsp\DcmDspUds\DcmDspUds_Rmba.c

Compiling BasicSoftware\src\bsw\Dcm\src\DcmDsp\DcmDspUds\DcmDspUds_Roe.c

Compiling BasicSoftware\src\bsw\Dcm\src\DcmDsp\DcmDspUds\DcmDspUds_Seca.c

Compiling BasicSoftware\src\bsw\Dcm\src\DcmDsp\DcmDspUds\DcmDspUds_Seca_ChgSecurity.c


Compiling BasicSoftware\src\bsw\Dcm\src\DcmDsp\DcmDspUds\DcmDspUds_Seca_RestoreDelayCount.c
Compiling BasicSoftware\src\bsw\Dcm\src\DcmDsp\DcmDspUds\DcmDspUds_Seca_SecurityIni.c

Compiling BasicSoftware\src\bsw\Dcm\src\DcmDsp\DcmDspUds\DcmDspUds_Tp.c

Compiling BasicSoftware\src\bsw\Dcm\src\DcmDsp\DcmDspUds\DcmDspUds_TransferData.c

Compiling BasicSoftware\src\bsw\Dcm\src\DcmDsp\DcmDspUds\DcmDspUds_Uds_Did_F186.c

Compiling BasicSoftware\src\bsw\Dcm\src\DcmDsp\DcmDspUds\DcmDspUds_Wdbi.c

Compiling BasicSoftware\src\bsw\Dcm\src\DcmDsp\DcmDspUds\DcmDspUds_Wmba.c

Compiling BasicSoftware\src\bsw\Dcm\src\Dsd\Dcm_Dsd_Lib.c

Compiling BasicSoftware\src\bsw\Dcm\src\Dsd\Dcm_Dsd_Rdpi.c

Compiling BasicSoftware\src\bsw\Dcm\src\Dsd\Dcm_Dsd_Roe.c

Compiling BasicSoftware\src\bsw\Dcm\src\Dsd\Dcm_Dsd_StateMachine.c

Compiling BasicSoftware\src\bsw\Dcm\src\Dsl\Dcm_Dsl_CancelTransmit.c

Compiling BasicSoftware\src\bsw\Dcm\src\Dsl\Dcm_Dsl_ComMInteraction.c

Compiling BasicSoftware\src\bsw\Dcm\src\Dsl\Dcm_Dsl_CopyRxData.c

Compiling BasicSoftware\src\bsw\Dcm\src\Dsl\Dcm_Dsl_CopyTxData.c

Compiling BasicSoftware\src\bsw\Dcm\src\Dsl\Dcm_Dsl_OBDStateMachine.c

Compiling BasicSoftware\src\bsw\Dcm\src\Dsl\Dcm_Dsl_PagedBuffer.c

Compiling BasicSoftware\src\bsw\Dcm\src\Dsl\Dcm_Dsl_Protocol.c

Compiling BasicSoftware\src\bsw\Dcm\src\Dsl\Dcm_Dsl_RxIndication.c

Compiling BasicSoftware\src\bsw\Dcm\src\Dsl\Dcm_Dsl_Security.c

Compiling BasicSoftware\src\bsw\Dcm\src\Dsl\Dcm_Dsl_Session.c

Compiling BasicSoftware\src\bsw\Dcm\src\Dsl\Dcm_Dsl_StartOfReception.c

Compiling BasicSoftware\src\bsw\Dcm\src\Dsl\Dcm_Dsl_StateMachine.c

Compiling BasicSoftware\src\bsw\Dcm\src\Dsl\Dcm_Dsl_TxResponse.c







Compiling BasicSoftware\src\bsw\Dem\src\client\Dem_Client.c
Compiling BasicSoftware\src\bsw\Dem\src\client\Dem_ClientMachine_Clear.c

Compiling BasicSoftware\src\bsw\Dem\src\client\Dem_ClientRequestDispatcher.c
Compiling BasicSoftware\src\bsw\Dem\src\client\Dem_Client_Api.c
Compiling BasicSoftware\src\bsw\Dem\src\consischk\Dem_ConsisChk.c
Compiling BasicSoftware\src\bsw\Dem\src\deb\Dem_Deb.c
Compiling BasicSoftware\src\bsw\Dem\src\deb\Dem_DebArTime.c
Compiling BasicSoftware\src\bsw\Dem\src\deb\Dem_DebBase.c


Compiling BasicSoftware\src\bsw\Dem\src\deb\Dem_DebCtrBaseClass.c
Compiling BasicSoftware\src\bsw\Dem\src\distmem\Dem_DisturbanceMemory.c

Compiling BasicSoftware\src\bsw\Dem\src\dtc\Dem_DTCFilter.c

Compiling BasicSoftware\src\bsw\Dem\src\dtc\Dem_DTCGroup.c

Compiling BasicSoftware\src\bsw\Dem\src\dtc\Dem_DTCs.c

Compiling BasicSoftware\src\bsw\Dem\src\dtc\Dem_DTCStatusByte.c

Compiling BasicSoftware\src\bsw\Dem\src\dtc\Dem_Prv_J1939Dcm.c

Compiling BasicSoftware\src\bsw\Dem\src\enco\Dem_EnableCondition.c

Compiling BasicSoftware\src\bsw\Dem\src\env\Dem_EnvDataElement.c

Compiling BasicSoftware\src\bsw\Dem\src\env\Dem_EnvDid.c

Compiling BasicSoftware\src\bsw\Dem\src\env\Dem_EnvExtendedData.c

Compiling BasicSoftware\src\bsw\Dem\src\env\Dem_EnvExtendedDataRec.c

Compiling BasicSoftware\src\bsw\Dem\src\env\Dem_EnvFFRecNumeration.c

Compiling BasicSoftware\src\bsw\Dem\src\env\Dem_EnvFreezeFrame.c

Compiling BasicSoftware\src\bsw\Dem\src\env\Dem_EnvMain.c

Compiling BasicSoftware\src\bsw\Dem\src\env\Dem_EvtRelatedData.c

Compiling BasicSoftware\src\bsw\Dem\src\env\Dem_J1939EnvFreezeFrame.c


Compiling BasicSoftware\src\bsw\Dem\src\evbuff\Dem_EvBuff.c

Compiling BasicSoftware\src\bsw\Dem\src\evbuff\Dem_EvBuffDistributor.c
Compiling BasicSoftware\src\bsw\Dem\src\evdep\Dem_Dependencies.c

Compiling BasicSoftware\src\bsw\Dem\src\evdep\Dem_EventRecheck.c

Compiling BasicSoftware\src\bsw\Dem\src\event\Dem_EventFHandling.c

Compiling BasicSoftware\src\bsw\Dem\src\event\Dem_Events.c

Compiling BasicSoftware\src\bsw\Dem\src\event\Dem_EventStatus.c

Compiling BasicSoftware\src\bsw\Dem\src\evmem\Dem_EvMem.c

Compiling BasicSoftware\src\bsw\Dem\src\evmem\Dem_EvMemApi.c

Compiling BasicSoftware\src\bsw\Dem\src\evmem\Dem_EvMemGen.c

Compiling BasicSoftware\src\bsw\Dem\src\indct\Dem_Indicator.c

Compiling BasicSoftware\src\bsw\Dem\src\indct\Dem_IndicatorAttributes.c

Compiling BasicSoftware\src\bsw\Dem\src\main\Dem_Clear.c

Compiling BasicSoftware\src\bsw\Dem\src\main\Dem_GenericNvData.c

Compiling BasicSoftware\src\bsw\Dem\src\main\Dem_Main.c

Compiling BasicSoftware\src\bsw\Dem\src\main\Dem_OperationCycle.c

Compiling BasicSoftware\src\bsw\Dem\src\map\Dem_Mapping.c


Compiling BasicSoftware\src\bsw\Dem\src\nvm\Dem_Nvm.c
Compiling BasicSoftware\src\bsw\Dem\src\nvm\Dem_NvmCallbacks.c

Compiling BasicSoftware\src\bsw\Dem\src\stoco\Dem_StorageCondition.c

Compiling BasicSoftware\src\bsw\Det\src\Det.c

Compiling BasicSoftware\src\bsw\EcuM\src\EcuM_BootTarget.c

Compiling BasicSoftware\src\bsw\EcuM\src\EcuM_CurrentState.c

Compiling BasicSoftware\src\bsw\EcuM\src\EcuM_KillAllRequests.c

Compiling BasicSoftware\src\bsw\EcuM\src\EcuM_MainFunction.c

Compiling BasicSoftware\src\bsw\EcuM\src\EcuM_Misc.c


Compiling BasicSoftware\src\bsw\EcuM\src\EcuM_Prv.c

Compiling BasicSoftware\src\bsw\EcuM\src\EcuM_Prv_RteActions.c
Compiling BasicSoftware\src\bsw\EcuM\src\EcuM_ReleasePOST_RUN.c

Compiling BasicSoftware\src\bsw\EcuM\src\EcuM_ReleaseRUN.c

Compiling BasicSoftware\src\bsw\EcuM\src\EcuM_RequestPOST_RUN.c

Compiling BasicSoftware\src\bsw\EcuM\src\EcuM_RequestRUN.c

Compiling BasicSoftware\src\bsw\EcuM\src\EcuM_SetState.c

Compiling BasicSoftware\src\bsw\EcuM\src\EcuM_Shutdown.c

Compiling BasicSoftware\src\bsw\EcuM\src\EcuM_ShutdownServices.c

Compiling BasicSoftware\src\bsw\EcuM\src\EcuM_Sleep.c

Compiling BasicSoftware\src\bsw\EcuM\src\EcuM_Startup.c

Compiling BasicSoftware\src\bsw\EcuM\src\EcuM_WakeupServices.c



Compiling BasicSoftware\src\bsw\FiM\src\FiM.c
Compiling BasicSoftware\src\bsw\FiM\src\FiM_Dem.c
Compiling BasicSoftware\src\bsw\FiM\src\FiM_Init.c

Compiling BasicSoftware\src\bsw\FiM\src\FiM_Monitor.c

Compiling BasicSoftware\src\bsw\FiM\src\FiM_Permission.c

Compiling BasicSoftware\src\bsw\FiM\src\FiM_Status.c

Compiling BasicSoftware\src\bsw\FiM\src\FiM_Version.c








Compiling BasicSoftware\src\bsw\NvM\src\AuxiliaryRequests\Asynchronous\NvM_Rb_AuxInvalidateNvBlock.c
Compiling BasicSoftware\src\bsw\NvM\src\AuxiliaryRequests\Asynchronous\NvM_Rb_AuxReadBlock.c
Compiling BasicSoftware\src\bsw\NvM\src\AuxiliaryRequests\Asynchronous\NvM_Rb_AuxWriteBlock.c
Compiling BasicSoftware\src\bsw\NvM\src\AuxiliaryRequests\Synchronous\NvM_Rb_AuxGetDataIndex.c
Compiling BasicSoftware\src\bsw\NvM\src\AuxiliaryRequests\Synchronous\NvM_Rb_AuxGetErrorStatus.c
Compiling BasicSoftware\src\bsw\NvM\src\AuxiliaryRequests\Synchronous\NvM_Rb_AuxGetMigrationResult.c
Compiling BasicSoftware\src\bsw\NvM\src\AuxiliaryRequests\Synchronous\NvM_Rb_AuxSetDataIndex.c
Compiling BasicSoftware\src\bsw\NvM\src\Internal\BlockData\NvM_BlockData.c

Compiling BasicSoftware\src\bsw\NvM\src\Internal\Crc\NvM_Crc.c

Compiling BasicSoftware\src\bsw\NvM\src\Internal\CryptoServices\NvM_Crypto.c


Compiling BasicSoftware\src\bsw\NvM\src\Internal\CryptoServices\NvM_Csm.c

Compiling BasicSoftware\src\bsw\NvM\src\Internal\ErrorDetection\NvM_ErrorDetection.c


Compiling BasicSoftware\src\bsw\NvM\src\Internal\ExplicitSynchronization\NvM_ExplicitSynchronization.c

Compiling BasicSoftware\src\bsw\NvM\src\Internal\InternalBuffer\NvM_InternalBuffer.c
Compiling BasicSoftware\src\bsw\NvM\src\Internal\JobHandling\NvM_Job.c
Compiling BasicSoftware\src\bsw\NvM\src\Internal\JobHandling\NvM_JobInvalidate.c

Compiling BasicSoftware\src\bsw\NvM\src\Internal\JobHandling\NvM_JobMaintain.c

Compiling BasicSoftware\src\bsw\NvM\src\Internal\JobHandling\NvM_JobRead.c

Compiling BasicSoftware\src\bsw\NvM\src\Internal\JobHandling\NvM_JobRecalcRamBlkCrc.c

Compiling BasicSoftware\src\bsw\NvM\src\Internal\JobHandling\NvM_JobRestore.c

Compiling BasicSoftware\src\bsw\NvM\src\Internal\JobHandling\NvM_JobValidate.c

Compiling BasicSoftware\src\bsw\NvM\src\Internal\JobHandling\NvM_JobWrite.c

Compiling BasicSoftware\src\bsw\NvM\src\Internal\JobResource\NvM_JobResource.c

Compiling BasicSoftware\src\bsw\NvM\src\Internal\MemIf\NvM_MemIf.c

Compiling BasicSoftware\src\bsw\NvM\src\Internal\Monitoring\NvM_Rb_WriteMon.c

Compiling BasicSoftware\src\bsw\NvM\src\Internal\ProcessMultiBlock\NvM_ProcessMultiBlock.c

Compiling BasicSoftware\src\bsw\NvM\src\Internal\QueueHandling\NvM_JobQueue.c

Compiling BasicSoftware\src\bsw\NvM\src\Internal\QueueHandling\NvM_Queue.c

Compiling BasicSoftware\src\bsw\NvM\src\Internal\QueueHandling\NvM_RequestQueue.c

Compiling BasicSoftware\src\bsw\NvM\src\Internal\Service\NvM_Service.c

Compiling BasicSoftware\src\bsw\NvM\src\SingleBlockRequests\Asynchronous\NvM_EraseNvBlock.c

Compiling BasicSoftware\src\bsw\NvM\src\SingleBlockRequests\Asynchronous\NvM_InvalidateNvBlock.c

Compiling BasicSoftware\src\bsw\NvM\src\SingleBlockRequests\Asynchronous\NvM_ReadBlock.c


Compiling BasicSoftware\src\bsw\NvM\src\SingleBlockRequests\Asynchronous\NvM_RestoreBlockDefaults.c
Compiling BasicSoftware\src\bsw\NvM\src\SingleBlockRequests\Asynchronous\NvM_WriteBlock.c

Compiling BasicSoftware\src\bsw\NvM\src\SingleBlockRequests\Synchronous\NvM_GetDataIndex.c

Compiling BasicSoftware\src\bsw\NvM\src\SingleBlockRequests\Synchronous\NvM_GetErrorStatus.c

Compiling BasicSoftware\src\bsw\NvM\src\SingleBlockRequests\Synchronous\NvM_Rb_GetBlockId.c

Compiling BasicSoftware\src\bsw\NvM\src\SingleBlockRequests\Synchronous\NvM_Rb_GetMigrationResult.c

Compiling BasicSoftware\src\bsw\NvM\src\SingleBlockRequests\Synchronous\NvM_Rb_GetNvBlockLength.c

Compiling BasicSoftware\src\bsw\NvM\src\SingleBlockRequests\Synchronous\NvM_Rb_GetWriteCounter.c

Compiling BasicSoftware\src\bsw\NvM\src\SingleBlockRequests\Synchronous\NvM_Rb_SetWriteAllTrigger.c

Compiling BasicSoftware\src\bsw\NvM\src\SingleBlockRequests\Synchronous\NvM_SetBlockLockStatus.c

Compiling BasicSoftware\src\bsw\NvM\src\SingleBlockRequests\Synchronous\NvM_SetBlockProtection.c

Compiling BasicSoftware\src\bsw\NvM\src\SingleBlockRequests\Synchronous\NvM_SetDataIndex.c


Compiling BasicSoftware\src\bsw\NvM\src\SingleBlockRequests\Synchronous\NvM_SetRamBlockStatus.c
Compiling BasicSoftware\src\bsw\NvM\src\CommonRequests\NvM_GetVersionInfo.c

Compiling BasicSoftware\src\bsw\NvM\src\CommonRequests\NvM_Init.c

Compiling BasicSoftware\src\bsw\NvM\src\CommonRequests\NvM_Rb_GetActiveService.c

Compiling BasicSoftware\src\bsw\NvM\src\CommonRequests\NvM_Rb_GetRequestType.c

Compiling BasicSoftware\src\bsw\NvM\src\CommonRequests\NvM_Rb_GetStatus.c

Compiling BasicSoftware\src\bsw\NvM\src\MultiBlockRequests\NvM_CancelWriteAll.c

Compiling BasicSoftware\src\bsw\NvM\src\MultiBlockRequests\NvM_InitAfterReadAll.c

Compiling BasicSoftware\src\bsw\NvM\src\MultiBlockRequests\NvM_Rb_FirstInitAll.c

Compiling BasicSoftware\src\bsw\NvM\src\MultiBlockRequests\NvM_ReadAll.c

Compiling BasicSoftware\src\bsw\NvM\src\MultiBlockRequests\NvM_ValidateAll.c

Compiling BasicSoftware\src\bsw\NvM\src\MultiBlockRequests\NvM_WriteAll.c

Compiling BasicSoftware\src\bsw\NvM\src\ScheduledFunctions\NvM_MainFunction.c

Compiling BasicSoftware\src\bsw\NvM\src\ScheduledFunctions\NvM_MainFunctionArbitrate.c

Compiling BasicSoftware\src\bsw\NvM\src\ScheduledFunctions\NvM_MainFunctionJobStart.c

Compiling BasicSoftware\src\bsw\NvM\src\ScheduledFunctions\NvM_MainFunctionResultEval.c

Compiling BasicSoftware\src\bsw\NvM\src\NvM_Asserts.c




Compiling BasicSoftware\src\bsw\PduR\src\PduR_BufferPool.c
Compiling BasicSoftware\src\bsw\PduR\src\PduR_EnableDisableRouting.c
Compiling BasicSoftware\src\bsw\PduR\src\PduR_Gateway_DDIfTransmit_FiFo.c
Compiling BasicSoftware\src\bsw\PduR\src\PduR_Gateway_DDIfTxConf_FiFo.c

Compiling BasicSoftware\src\bsw\PduR\src\PduR_Gateway_DDIfTxConf_NoBuf.c

Compiling BasicSoftware\src\bsw\PduR\src\PduR_Gateway_IfRxInd.c

Compiling BasicSoftware\src\bsw\PduR\src\PduR_Gateway_TpDcmTx.c

Compiling BasicSoftware\src\bsw\PduR\src\PduR_Gateway_TpRx.c

Compiling BasicSoftware\src\bsw\PduR\src\PduR_Gateway_TpTx.c

Compiling BasicSoftware\src\bsw\PduR\src\PduR_Gateway_TpTxConf.c

Compiling BasicSoftware\src\bsw\PduR\src\PduR_Gateway_TTIfTransmit_Buf.c

Compiling BasicSoftware\src\bsw\PduR\src\PduR_Gateway_TTIfTransmit_FiFo.c

Compiling BasicSoftware\src\bsw\PduR\src\PduR_Gateway_TTIfTrigTx_Buf.c

Compiling BasicSoftware\src\bsw\PduR\src\PduR_Gateway_TTIfTrigTx_FiFo.c

Compiling BasicSoftware\src\bsw\PduR\src\PduR_Gateway_TTIfTxConf_Buf.c

Compiling BasicSoftware\src\bsw\PduR\src\PduR_Gateway_TTIfTxConf_FiFo.c

Compiling BasicSoftware\src\bsw\PduR\src\PduR_Gateway_UpIf.c


Compiling BasicSoftware\src\bsw\PduR\src\PduR_GetBuffer.c
Compiling BasicSoftware\src\bsw\PduR\src\PduR_GetConfigurationId.c

Compiling BasicSoftware\src\bsw\PduR\src\PduR_GetVersionInfo.c

Compiling BasicSoftware\src\bsw\PduR\src\PduR_Globals.c

Compiling BasicSoftware\src\bsw\PduR\src\PduR_Init.c

Compiling BasicSoftware\src\bsw\PduR\src\PduR_InvalidId_If.c

Compiling BasicSoftware\src\bsw\PduR\src\PduR_InvalidId_Tp.c

Compiling BasicSoftware\src\bsw\PduR\src\PduR_InvalidId_UpTx.c

Compiling BasicSoftware\src\bsw\PduR\src\PduR_Multicast_UpToLo.c


Compiling BasicSoftware\src\bsw\PduR\src\PduR_Multicast_UpTx.c
Compiling BasicSoftware\src\bsw\PduR\src\PduR_NullFunc_TrigTx.c

Compiling BasicSoftware\src\bsw\PduR\src\PduR_Null_UpIf.c

Compiling BasicSoftware\src\bsw\PduR\src\PduR_RPG_TpRx.c

Compiling BasicSoftware\src\bsw\Rba_DiagLib\src\rba_DiagLib_ByteOrderUtils.c



Compiling BasicSoftware\src\bsw\WdgM\src\WdgM.c
Compiling BasicSoftware\src\bsw\WdgM\src\WdgM_Prv.c


Compiling BasicSoftware\src\bsw\Xcp\src\Xcp.c
Compiling BasicSoftware\src\bsw\Xcp\src\XcpOnCan.c

Compiling BasicSoftware\src\bsw\Xcp\src\XcpOnCdd.c
Compiling BasicSoftware\src\bsw\Xcp\src\XcpOnEth.c

Compiling BasicSoftware\src\bsw\Xcp\src\XcpOnFr.c

Compiling BasicSoftware\src\bsw\Xcp\src\Xcp_Cmd0xC0Handling.c


Compiling BasicSoftware\src\bsw\Xcp\src\Xcp_CmdAllocDaq.c
Compiling BasicSoftware\src\bsw\Xcp\src\Xcp_CmdAllocOdt.c

Compiling BasicSoftware\src\bsw\Xcp\src\Xcp_CmdAllocOdtEntry.c

Compiling BasicSoftware\src\bsw\Xcp\src\Xcp_CmdBuildChecksum.c

Compiling BasicSoftware\src\bsw\Xcp\src\Xcp_CmdClearDaqList.c

Compiling BasicSoftware\src\bsw\Xcp\src\Xcp_CmdConnect.c

Compiling BasicSoftware\src\bsw\Xcp\src\Xcp_CmdCopyCalPage.c

Compiling BasicSoftware\src\bsw\Xcp\src\Xcp_CmdDisconnect.c

Compiling BasicSoftware\src\bsw\Xcp\src\Xcp_CmdDownload.c

Compiling BasicSoftware\src\bsw\Xcp\src\Xcp_CmdDownloadMax.c

Compiling BasicSoftware\src\bsw\Xcp\src\Xcp_CmdDownloadNext.c

Compiling BasicSoftware\src\bsw\Xcp\src\Xcp_CmdFreeDaq.c

Compiling BasicSoftware\src\bsw\Xcp\src\Xcp_CmdGetCalPage.c

Compiling BasicSoftware\src\bsw\Xcp\src\Xcp_CmdGetCommModeInfo.c

Compiling BasicSoftware\src\bsw\Xcp\src\Xcp_CmdGetDaqClock.c

Compiling BasicSoftware\src\bsw\Xcp\src\Xcp_CmdGetDaqEventInfo.c

Compiling BasicSoftware\src\bsw\Xcp\src\Xcp_CmdGetDaqListMode.c

Compiling BasicSoftware\src\bsw\Xcp\src\Xcp_CmdGetDaqPackedMode.c

Compiling BasicSoftware\src\bsw\Xcp\src\Xcp_CmdGetDaqProcessorInfo.c

Compiling BasicSoftware\src\bsw\Xcp\src\Xcp_CmdGetDaqResolutionInfo.c

Compiling BasicSoftware\src\bsw\Xcp\src\Xcp_CmdGetId.c

Compiling BasicSoftware\src\bsw\Xcp\src\Xcp_CmdGetPageInfo.c

Compiling BasicSoftware\src\bsw\Xcp\src\Xcp_CmdGetPagProcessorInfo.c

Compiling BasicSoftware\src\bsw\Xcp\src\Xcp_CmdGetSeed.c

Compiling BasicSoftware\src\bsw\Xcp\src\Xcp_CmdGetSegmentInfo.c


Compiling BasicSoftware\src\bsw\Xcp\src\Xcp_CmdGetStatus.c
Compiling BasicSoftware\src\bsw\Xcp\src\Xcp_CmdModifyBits.c

Compiling BasicSoftware\src\bsw\Xcp\src\Xcp_CmdReadDaq.c

Compiling BasicSoftware\src\bsw\Xcp\src\Xcp_CmdSetCalPage.c

Compiling BasicSoftware\src\bsw\Xcp\src\Xcp_CmdSetDaqListMode.c

Compiling BasicSoftware\src\bsw\Xcp\src\Xcp_CmdSetDaqPackedMode.c

Compiling BasicSoftware\src\bsw\Xcp\src\Xcp_CmdSetDaqPtr.c

Compiling BasicSoftware\src\bsw\Xcp\src\Xcp_CmdSetMta.c


Compiling BasicSoftware\src\bsw\Xcp\src\Xcp_CmdSetRequest.c
Compiling BasicSoftware\src\bsw\Xcp\src\Xcp_CmdShortDownload.c

Compiling BasicSoftware\src\bsw\Xcp\src\Xcp_CmdShortUpload.c

Compiling BasicSoftware\src\bsw\Xcp\src\Xcp_CmdStartStopDaqList.c

Compiling BasicSoftware\src\bsw\Xcp\src\Xcp_CmdStartStopSynch.c

Compiling BasicSoftware\src\bsw\Xcp\src\Xcp_CmdSynch.c


Compiling BasicSoftware\src\bsw\Xcp\src\Xcp_CmdTransportLayerCmd.c
Compiling BasicSoftware\src\bsw\Xcp\src\Xcp_CmdUnlock.c


Compiling BasicSoftware\src\bsw\Xcp\src\Xcp_CmdUpload.c
Compiling BasicSoftware\src\bsw\Xcp\src\Xcp_CmdUserCmd.c

Compiling BasicSoftware\src\bsw\Xcp\src\Xcp_CmdWriteDaq.c

Compiling BasicSoftware\src\bsw\Xcp\src\Xcp_CmdWriteDaqMultiple.c

Compiling BasicSoftware\src\bsw\Xcp\src\Xcp_DaqEvent.c

Compiling BasicSoftware\src\bsw\Xcp\src\Xcp_DaqRam.c

Compiling BasicSoftware\src\bsw\Xcp\src\Xcp_EventChannel.c

Compiling BasicSoftware\src\bsw\Xcp\src\Xcp_GetVersionInfo.c


Compiling BasicSoftware\src\bsw\Xcp\src\Xcp_Init.c
Compiling BasicSoftware\src\bsw\Xcp\src\Xcp_ProductLineMdg1.c

Compiling BasicSoftware\src\bsw\Xcp\src\Xcp_QueHandling.c

Compiling BasicSoftware\src\bsw\Xcp\src\Xcp_Receive.c

Compiling BasicSoftware\src\bsw\Xcp\src\Xcp_ReceiveCommand.c


Compiling BasicSoftware\src\bsw\Xcp\src\Xcp_Stim.c
Compiling BasicSoftware\src\bsw\Xcp\src\Xcp_SubCmdGetVersion.c

Compiling BasicSoftware\src\bsw\Xcp\src\Xcp_Transmit.c

Compiling BasicSoftware\src\bsw\Xcp\src\Xcp_Utils.c

Compiling BasicSoftware\src\bsw\Xcp\src\Xcp_UtilsStartStop.c


Compiling BasicSoftware\src\bsw\BswM_PreCompile_and_PB_Variant\BswM_Cfg_AC.c
Compiling BasicSoftware\src\bsw\BswM_PreCompile_and_PB_Variant\BswM_Cfg_LE.c

Compiling BasicSoftware\src\bsw\BswM_PreCompile_and_PB_Variant\BswM_Cfg_ModeManagerReq.c

Compiling BasicSoftware\src\bsw\BswM_PreCompile_and_PB_Variant\BswM_Cfg_MRP.c

Compiling BasicSoftware\src\bsw\BswM_PreCompile_and_PB_Variant\BswM_Cfg_RL.c

Compiling BasicSoftware\src\bsw\BswM_PreCompile_and_PB_Variant\BswM_PBcfg.c

Compiling BasicSoftware\src\bsw\CanIf\CanIf_cfg.c

Compiling BasicSoftware\src\bsw\CanIf\CanIf_PBcfg.c


Compiling BasicSoftware\src\bsw\CanSM\CanSM_PBcfg.c
Compiling BasicSoftware\src\bsw\CanTp_PreCompile\CanTp_Cfg.c

Compiling BasicSoftware\src\bsw\Com\Com_Cfg.c

Compiling BasicSoftware\src\bsw\Com\Com_PBcfg.c

Compiling BasicSoftware\src\bsw\Com\Com_PBcfg_Common.c

Compiling BasicSoftware\src\bsw\Com\Com_PBcfg_Variant.c

Compiling BasicSoftware\src\bsw\ComM\ComM_Cfg.c

Compiling BasicSoftware\src\bsw\ComM\ComM_Main.c

Compiling BasicSoftware\src\bsw\ComM\ComM_PBcfg.c

Compiling BasicSoftware\src\bsw\Dcm\Dcm_Lcfg_DslDsd.c

Compiling BasicSoftware\src\bsw\Dcm\Dcm_Lcfg_DspUds.c

Compiling BasicSoftware\src\bsw\Dem\Dem_Cfg_Client_DataStructures.c

Compiling BasicSoftware\src\bsw\Dem\Dem_Cfg_DTC_DataStructures.c

Compiling BasicSoftware\src\bsw\Dem\Dem_Cfg_Events_DataStructures.c


Compiling BasicSoftware\src\bsw\Dem\Dem_Cfg_OperationCycle_DataStructures.c
Compiling BasicSoftware\src\bsw\EcuM\EcuM_Cfg.c

Compiling BasicSoftware\src\bsw\EcuM\EcuM_Cfg_Shutdown.c

Compiling BasicSoftware\src\bsw\EcuM\EcuM_Cfg_Sleep.c

Compiling BasicSoftware\src\bsw\EcuM\EcuM_Cfg_Startup.c

Compiling BasicSoftware\src\bsw\EcuM\EcuM_Lcfg.c

Compiling BasicSoftware\src\bsw\EcuM\EcuM_PBcfg.c

Compiling BasicSoftware\src\bsw\Fee\Fee_Cfg.c

Compiling BasicSoftware\src\bsw\NvM\NvM_Cfg.c

Compiling BasicSoftware\src\bsw\PduR\PduR_Cfg.c

Compiling BasicSoftware\src\bsw\PduR\PduR_dLoIf.c

Compiling BasicSoftware\src\bsw\PduR\PduR_dLoIfTT.c

Compiling BasicSoftware\src\bsw\PduR\PduR_dLoTp.c

Compiling BasicSoftware\src\bsw\PduR\PduR_dUpIf.c

Compiling BasicSoftware\src\bsw\PduR\PduR_dUpTp.c

Compiling BasicSoftware\src\bsw\PduR\PduR_LoTp.c

Compiling BasicSoftware\src\bsw\PduR\PduR_PBcfg.c

Compiling BasicSoftware\src\bsw\PduR\PduR_UpIf.c

Compiling BasicSoftware\src\bsw\PduR\PduR_UpTp.c

Compiling BasicSoftware\src\bsw\WdgIf\WdgIf_Cfg.c

Compiling BasicSoftware\src\bsw\WdgM\WdgM_Cfg.c

Compiling BasicSoftware\src\bsw\Xcp\XcpOnCan_Cfg.c

Compiling BasicSoftware\src\bsw\Xcp\Xcp_Cfg.c


Compiling BasicSoftware\src\rte\gen\Rte.c





Compiling BasicSoftware\src\cobra\Rtm\src\Rtm.c

Compiling BasicSoftware\integration\src\bsw\BswM\integration\BswM_Appl.c
Compiling BasicSoftware\integration\src\bsw\BswM\user\BswM_Integration.c
Compiling BasicSoftware\integration\src\bsw\CanIf\integration\CanIfAppl.c
Compiling BasicSoftware\integration\src\bsw\CanIf\integration\CanIf_ControllerModeIndication_Integration.c
Compiling BasicSoftware\integration\src\bsw\CanIf\integration\CanIf_RxIndication_Integration.c
Compiling BasicSoftware\integration\src\bsw\CanIf\integration\CanIf_SetControllerMode_Integration.c
BasicSoftware\src\rte\gen\Rte.c:11341:10: fatal error: 'max20430a_hal.h' file not found
#include "max20430a_hal.h"
         ^~~~~~~~~~~~~~~~~
1 error generated.

===================
None
===================
scons: *** [output\objs\basicSoftware\src\rte\Rte.o] Error 1







scons: building terminated because of errors.
