scons: done reading SConscript files.

scons: warning: you do not seem to have the pywin32 extensions installed;
	parallel (-j) builds may not work reliably with open Python files.
File "F:\Python271\Scripts\scons.py", line 201, in <module>
scons: Building targets ...
Compiling ASW\CalUT\src\CalUT.c
Compiling ASW\DiagUT\src\DiagUT.c
Compiling ASW\ExeMgrUT\src\ExeMgrUT.c
Compiling ASW\INP_SWC\src\INP_SWC.c
Compiling ASW\NmUT\src\NmUT.c
Compiling ASW\NvMUT\src\NvMUT.c
Compiling ASW\OUTP_SWC\src\OUTP_SWC.c
Compiling ASW\WdgMUT\src\WdgMUT.c

Compiling BasicSoftware\src\bsw\BswM\src\BswM.c

Compiling BasicSoftware\src\bsw\BswM\src\BswM_CanSM.c

Compiling BasicSoftware\src\bsw\BswM\src\BswM_ComM.c

Compiling BasicSoftware\src\bsw\BswM\src\BswM_DCM.c


Compiling BasicSoftware\src\bsw\BswM\src\BswM_EcuM.c
Compiling BasicSoftware\src\bsw\BswM\src\BswM_EthIf.c

Compiling BasicSoftware\src\bsw\BswM\src\BswM_EthSM.c

Compiling BasicSoftware\src\bsw\BswM\src\BswM_FrSM.c

Compiling BasicSoftware\src\bsw\BswM\src\BswM_Generic.c


Compiling BasicSoftware\src\bsw\BswM\src\BswM_J1939Dcm.c
Compiling BasicSoftware\src\bsw\BswM\src\BswM_J1939Nm.c

Compiling BasicSoftware\src\bsw\BswM\src\BswM_LinSM.c

Compiling BasicSoftware\src\bsw\BswM\src\BswM_LinTp.c

Compiling BasicSoftware\src\bsw\BswM\src\BswM_Nm.c

Compiling BasicSoftware\src\bsw\BswM\src\BswM_NvM.c

Compiling BasicSoftware\src\bsw\BswM\src\BswM_Prv.c

Compiling BasicSoftware\src\bsw\BswM\src\BswM_Prv_AC.c

Compiling BasicSoftware\src\bsw\BswM\src\BswM_Prv_AL.c

Compiling BasicSoftware\src\bsw\BswM\src\BswM_Prv_IntrptQueue.c

Compiling BasicSoftware\src\bsw\BswM\src\BswM_Prv_MRP.c

Compiling BasicSoftware\src\bsw\BswM\src\BswM_Prv_ProcessDeferredRequest.c

Compiling BasicSoftware\src\bsw\BswM\src\BswM_Prv_ProcessDelayedReqst.c

Compiling BasicSoftware\src\bsw\BswM\src\BswM_Prv_RL.c

Compiling BasicSoftware\src\bsw\BswM\src\BswM_Sd.c

Compiling BasicSoftware\src\bsw\BswM\src\BswM_WdgM.c


Compiling BasicSoftware\src\bsw\CanIf\src\CanIf_Baudrate.c
Compiling BasicSoftware\src\bsw\CanIf\src\CanIf_Controller.c

Compiling BasicSoftware\src\bsw\CanIf\src\CanIf_GetTxConfirmationState.c

Compiling BasicSoftware\src\bsw\CanIf\src\CanIf_GetVersionInfo.c

Compiling BasicSoftware\src\bsw\CanIf\src\CanIf_Init.c

Compiling BasicSoftware\src\bsw\CanIf\src\CanIf_PduMode.c

Compiling BasicSoftware\src\bsw\CanIf\src\CanIf_Prv.c

Compiling BasicSoftware\src\bsw\CanIf\src\CanIf_Prv_Buffer.c

Compiling BasicSoftware\src\bsw\CanIf\src\CanIf_Rb_Apis.c

Compiling BasicSoftware\src\bsw\CanIf\src\CanIf_ReadNotifStatus.c

Compiling BasicSoftware\src\bsw\CanIf\src\CanIf_ReadRxPduData.c

Compiling BasicSoftware\src\bsw\CanIf\src\CanIf_RxIndication.c

Compiling BasicSoftware\src\bsw\CanIf\src\CanIf_SetDynamicTxId.c

Compiling BasicSoftware\src\bsw\CanIf\src\CanIf_Shared.c

Compiling BasicSoftware\src\bsw\CanIf\src\CanIf_Transceiver.c

Compiling BasicSoftware\src\bsw\CanIf\src\CanIf_Transmit.c

Compiling BasicSoftware\src\bsw\CanIf\src\CanIf_TriggerTransmit.c

Compiling BasicSoftware\src\bsw\CanIf\src\CanIf_TxConfirmation.c

Compiling BasicSoftware\src\bsw\CanIf\src\CanIf_Wakeup.c

Compiling BasicSoftware\src\bsw\CanIf\src\CanIf_XCore.c

Compiling BasicSoftware\src\bsw\CanNm\src\CanNm.c

Compiling BasicSoftware\src\bsw\CanNm\src\CanNm_ChangeState.c

Compiling BasicSoftware\src\bsw\CanNm\src\CanNm_CheckRemoteSleepIndication.c

Compiling BasicSoftware\src\bsw\CanNm\src\CanNm_ConfirmPnAvailability.c

Compiling BasicSoftware\src\bsw\CanNm\src\CanNm_DisableCommunication.c

Compiling BasicSoftware\src\bsw\CanNm\src\CanNm_EnableCommunication.c

Compiling BasicSoftware\src\bsw\CanNm\src\CanNm_GetLocalNodeIdentifier.c

Compiling BasicSoftware\src\bsw\CanNm\src\CanNm_GetNodeIdentifier.c


Compiling BasicSoftware\src\bsw\CanNm\src\CanNm_GetPduData.c
Compiling BasicSoftware\src\bsw\CanNm\src\CanNm_GetState.c

Compiling BasicSoftware\src\bsw\CanNm\src\CanNm_GetUserData.c

Compiling BasicSoftware\src\bsw\CanNm\src\CanNm_GetVersionInfo.c

Compiling BasicSoftware\src\bsw\CanNm\src\CanNm_Init.c

Compiling BasicSoftware\src\bsw\CanNm\src\CanNm_NetworkRelease.c

Compiling BasicSoftware\src\bsw\CanNm\src\CanNm_NetworkRequest.c

Compiling BasicSoftware\src\bsw\CanNm\src\CanNm_PassiveStartup.c

Compiling BasicSoftware\src\bsw\CanNm\src\CanNm_RepeatMessageRequest.c

Compiling BasicSoftware\src\bsw\CanNm\src\CanNm_RequestBusSynchronization.c

Compiling BasicSoftware\src\bsw\CanNm\src\CanNm_RxIndication.c

Compiling BasicSoftware\src\bsw\CanNm\src\CanNm_SetSleepReadyBit.c

Compiling BasicSoftware\src\bsw\CanNm\src\CanNm_SetUserData.c

Compiling BasicSoftware\src\bsw\CanNm\src\CanNm_StartTransmission.c

Compiling BasicSoftware\src\bsw\CanNm\src\CanNm_Transmit.c

Compiling BasicSoftware\src\bsw\CanNm\src\CanNm_TxConfirmation.c

Compiling BasicSoftware\src\bsw\CanSM\src\CanSM_CheckTransceiverWakeFlagIndication.c

Compiling BasicSoftware\src\bsw\CanSM\src\CanSM_ClearTrcvWufFlagIndication.c

Compiling BasicSoftware\src\bsw\CanSM\src\CanSM_ConfirmPnAvailability.c

Compiling BasicSoftware\src\bsw\CanSM\src\CanSM_ControllerBusoff.c

Compiling BasicSoftware\src\bsw\CanSM\src\CanSM_ControllerModeIndication.c

Compiling BasicSoftware\src\bsw\CanSM\src\CanSM_GetCurrentComMode.c

Compiling BasicSoftware\src\bsw\CanSM\src\CanSM_GetVersionInfo.c

Compiling BasicSoftware\src\bsw\CanSM\src\CanSM_Init.c

Compiling BasicSoftware\src\bsw\CanSM\src\CanSM_InternalStateTransition.c

Compiling BasicSoftware\src\bsw\CanSM\src\CanSM_Main.c

Compiling BasicSoftware\src\bsw\CanSM\src\CanSM_NetworkModes.c

Compiling BasicSoftware\src\bsw\CanSM\src\CanSM_RequestComMode.c

Compiling BasicSoftware\src\bsw\CanSM\src\CanSM_SetBaudrate.c

Compiling BasicSoftware\src\bsw\CanSM\src\CanSM_SetEcuPassive.c

Compiling BasicSoftware\src\bsw\CanSM\src\CanSM_StartWakeupSource.c

Compiling BasicSoftware\src\bsw\CanSM\src\CanSM_StopWakeupSource.c

Compiling BasicSoftware\src\bsw\CanSM\src\CanSM_TransceiverModeIndication.c

Compiling BasicSoftware\src\bsw\CanSM\src\CanSM_TxTimeoutException.c

Compiling BasicSoftware\src\bsw\CanTp\src\CanTp.c

Compiling BasicSoftware\src\bsw\CanTp\src\CanTp_Prv.c


Compiling BasicSoftware\src\bsw\Com\src\Com_BusLoadManagement.c
Compiling BasicSoftware\src\bsw\Com\src\Com_ByteCopy.c

Compiling BasicSoftware\src\bsw\Com\src\Com_ByteCopyInit.c

Compiling BasicSoftware\src\bsw\Com\src\Com_CopyRxData.c

Compiling BasicSoftware\src\bsw\Com\src\Com_CopyTxData.c

Compiling BasicSoftware\src\bsw\Com\src\Com_DeInit.c

Compiling BasicSoftware\src\bsw\Com\src\Com_EnableRxDm.c

Compiling BasicSoftware\src\bsw\Com\src\Com_Filter.c

Compiling BasicSoftware\src\bsw\Com\src\Com_GetStatus.c

Compiling BasicSoftware\src\bsw\Com\src\Com_GetVersionInfo.c

Compiling BasicSoftware\src\bsw\Com\src\Com_Init.c

Compiling BasicSoftware\src\bsw\Com\src\Com_InvalidateShadowSignal.c

Compiling BasicSoftware\src\bsw\Com\src\Com_InvalidateSignal.c

Compiling BasicSoftware\src\bsw\Com\src\Com_InvalidateSignalGroup.c

Compiling BasicSoftware\src\bsw\Com\src\Com_IpduGroupStart.c

Compiling BasicSoftware\src\bsw\Com\src\Com_IpduGroupStop.c

Compiling BasicSoftware\src\bsw\Com\src\Com_MainFunctionRouteSignals.c

Compiling BasicSoftware\src\bsw\Com\src\Com_MainFunctionRx.c

Compiling BasicSoftware\src\bsw\Com\src\Com_MainFunctionTx.c

Compiling BasicSoftware\src\bsw\Com\src\Com_PackGwMappings.c

Compiling BasicSoftware\src\bsw\Com\src\Com_PackSignal.c

Compiling BasicSoftware\src\bsw\Com\src\Com_ProcessSignal.c

Compiling BasicSoftware\src\bsw\Com\src\Com_ProcessSignalGroup.c

Compiling BasicSoftware\src\bsw\Com\src\Com_ReceiveDynSignal.c

Compiling BasicSoftware\src\bsw\Com\src\Com_ReceiveShadowSignal.c

Compiling BasicSoftware\src\bsw\Com\src\Com_ReceiveSignal.c

Compiling BasicSoftware\src\bsw\Com\src\Com_ReceiveSignalGroup.c

Compiling BasicSoftware\src\bsw\Com\src\Com_ReceiveSignalGroupArray.c

Compiling BasicSoftware\src\bsw\Com\src\Com_ReceiveSignalGroupArrayWithMetaData.c

Compiling BasicSoftware\src\bsw\Com\src\Com_ReceiveSignalGroupWithMetaData.c

Compiling BasicSoftware\src\bsw\Com\src\Com_ReceiveSignalWithMetadata.c

Compiling BasicSoftware\src\bsw\Com\src\Com_RxIndication.c

Compiling BasicSoftware\src\bsw\Com\src\Com_SendDynSignal.c

Compiling BasicSoftware\src\bsw\Com\src\Com_SendIpdu.c

Compiling BasicSoftware\src\bsw\Com\src\Com_SendSignal.c

Compiling BasicSoftware\src\bsw\Com\src\Com_SendSignalGroup.c

Compiling BasicSoftware\src\bsw\Com\src\Com_SendSignalGroupArray.c

Compiling BasicSoftware\src\bsw\Com\src\Com_SendSignalGroupArrayWithMetaData.c

Compiling BasicSoftware\src\bsw\Com\src\Com_SendSignalGroupWithMetaData.c

Compiling BasicSoftware\src\bsw\Com\src\Com_SendSignalWithMetaData.c

Compiling BasicSoftware\src\bsw\Com\src\Com_ShadowBuffToIpduBuff.c

Compiling BasicSoftware\src\bsw\Com\src\Com_StartOfReception.c

Compiling BasicSoftware\src\bsw\Com\src\Com_SwitchIpduTxMode.c

Compiling BasicSoftware\src\bsw\Com\src\Com_TpRxIndication.c

Compiling BasicSoftware\src\bsw\Com\src\Com_TpTxConfirmation.c

Compiling BasicSoftware\src\bsw\Com\src\Com_TriggerIPDUSend.c

Compiling BasicSoftware\src\bsw\Com\src\Com_TriggerIPDUSendWithMetaData.c

Compiling BasicSoftware\src\bsw\Com\src\Com_TriggerTransmit.c

Compiling BasicSoftware\src\bsw\Com\src\Com_TxChangeMode.c

Compiling BasicSoftware\src\bsw\Com\src\Com_TxConfirmation.c

Compiling BasicSoftware\src\bsw\Com\src\Com_UnpackSignal.c


Compiling BasicSoftware\src\bsw\Com\src\Com_UpdateShadowSignal.c
Compiling BasicSoftware\src\bsw\ComM\src\ComM.c

Compiling BasicSoftware\src\bsw\ComM\src\ComM_BusSM_ModeIndication.c

Compiling BasicSoftware\src\bsw\ComM\src\ComM_CommunicationAllowed.c

Compiling BasicSoftware\src\bsw\ComM\src\ComM_Dcm_ActiveDiagnostic.c

Compiling BasicSoftware\src\bsw\ComM\src\ComM_Dcm_InactiveDiagnostic.c

Compiling BasicSoftware\src\bsw\ComM\src\ComM_DeInit.c

Compiling BasicSoftware\src\bsw\ComM\src\ComM_EcuM_PNCWakeUpIndication.c

Compiling BasicSoftware\src\bsw\ComM\src\ComM_EcuM_WakeupIndication.c

Compiling BasicSoftware\src\bsw\ComM\src\ComM_GetCurrentComMode.c

Compiling BasicSoftware\src\bsw\ComM\src\ComM_GetInhibitionStatus.c

Compiling BasicSoftware\src\bsw\ComM\src\ComM_GetMaxComMode.c

Compiling BasicSoftware\src\bsw\ComM\src\ComM_GetRequestedComMode.c

Compiling BasicSoftware\src\bsw\ComM\src\ComM_GetState.c

Compiling BasicSoftware\src\bsw\ComM\src\ComM_GetStatus.c

Compiling BasicSoftware\src\bsw\ComM\src\ComM_GetVersionInfo.c

Compiling BasicSoftware\src\bsw\ComM\src\ComM_Init.c

Compiling BasicSoftware\src\bsw\ComM\src\ComM_LChannelMainFunction.c

Compiling BasicSoftware\src\bsw\ComM\src\ComM_LimitChannelToNoComMode.c

Compiling BasicSoftware\src\bsw\ComM\src\ComM_LimitECUToNoComMode.c

Compiling BasicSoftware\src\bsw\ComM\src\ComM_LPncMainFunction.c

Compiling BasicSoftware\src\bsw\ComM\src\ComM_LUpdateFullComRequestors.c

Compiling BasicSoftware\src\bsw\ComM\src\ComM_Nm_BusSleepMode.c

Compiling BasicSoftware\src\bsw\ComM\src\ComM_Nm_NetworkMode.c

Compiling BasicSoftware\src\bsw\ComM\src\ComM_Nm_NetworkStartIndication.c

Compiling BasicSoftware\src\bsw\ComM\src\ComM_Nm_PrepareBusSleepMode.c

Compiling BasicSoftware\src\bsw\ComM\src\ComM_Nm_RestartIndication.c

Compiling BasicSoftware\src\bsw\ComM\src\ComM_PreventWakeUp.c

Compiling BasicSoftware\src\bsw\ComM\src\ComM_ReadInhibitCounter.c

Compiling BasicSoftware\src\bsw\ComM\src\ComM_RequestComMode.c

Compiling BasicSoftware\src\bsw\ComM\src\ComM_ResetInhibitCounter.c

Compiling BasicSoftware\src\bsw\ComM\src\ComM_SetECUGroupClassification.c



Compiling BasicSoftware\src\bsw\Dcm\src\DcmCore\DcmCoreDslDsd\DcmCore_DslDsd_BootLoader.c
Compiling BasicSoftware\src\bsw\Dcm\src\DcmCore\DcmCoreDslDsd\DcmCore_DslDsd_ConfirmRespPend.c
Compiling BasicSoftware\src\bsw\Dcm\src\DcmCore\DcmCoreDslDsd\DcmCore_DslDsd_GetKwpTimingValues.c

Compiling BasicSoftware\src\bsw\Dcm\src\DcmCore\DcmCoreDslDsd\DcmCore_DslDsd_PrepareKwpTimingValues.c

Compiling BasicSoftware\src\bsw\Dcm\src\DcmCore\DcmCoreDslDsd\DcmCore_DslDsd_RestartP3Timer.c

Compiling BasicSoftware\src\bsw\Dcm\src\DcmCore\DcmCoreDslDsd\DcmCore_DslDsd_RestoreSecaTimer.c

Compiling BasicSoftware\src\bsw\Dcm\src\DcmCore\DcmCoreDslDsd\DcmCore_DslDsd_SetKwpDefaultTimingValues.c

Compiling BasicSoftware\src\bsw\Dcm\src\DcmCore\DcmCoreDslDsd\DcmCore_DslDsd_SetKwpTimingValues.c

Compiling BasicSoftware\src\bsw\Dcm\src\DcmCore\DcmCoreDslDsd\DcmCore_DslDsd_SetP3MaxMonitoring.c

Compiling BasicSoftware\src\bsw\Dcm\src\DcmCore\DcmCoreDslDsd\DcmCore_DslDsd_WarmStart.c

Compiling BasicSoftware\src\bsw\Dcm\src\DcmCore\DcmCoreLib\DcmCore_DslDsd_InternalApi.c

Compiling BasicSoftware\src\bsw\Dcm\src\DcmCore\DcmCoreLib\DcmCore_DslDsd_SignalLib.c

Compiling BasicSoftware\src\bsw\Dcm\src\DcmCore\DcmCoreMain\DcmCore_Main.c

Compiling BasicSoftware\src\bsw\Dcm\src\DcmCore\DcmCoreMain\DcmCore_Main_Init.c

Compiling BasicSoftware\src\bsw\Dcm\src\DcmDsp\DcmDspLib\DcmDspUds_Memaddress_Calc.c

Compiling BasicSoftware\src\bsw\Dcm\src\DcmDsp\DcmDspObd\DcmDspObd_Mode1.c

Compiling BasicSoftware\src\bsw\Dcm\src\DcmDsp\DcmDspObd\DcmDspObd_Mode2.c

Compiling BasicSoftware\src\bsw\Dcm\src\DcmDsp\DcmDspObd\DcmDspObd_Mode37A.c

Compiling BasicSoftware\src\bsw\Dcm\src\DcmDsp\DcmDspObd\DcmDspObd_Mode4.c

Compiling BasicSoftware\src\bsw\Dcm\src\DcmDsp\DcmDspObd\DcmDspObd_Mode6.c

Compiling BasicSoftware\src\bsw\Dcm\src\DcmDsp\DcmDspObd\DcmDspObd_Mode8.c

Compiling BasicSoftware\src\bsw\Dcm\src\DcmDsp\DcmDspObd\DcmDspObd_Mode9.c

Compiling BasicSoftware\src\bsw\Dcm\src\DcmDsp\DcmDspUds\DcmDspUds_CC.c

Compiling BasicSoftware\src\bsw\Dcm\src\DcmDsp\DcmDspUds\DcmDspUds_Cdi.c

Compiling BasicSoftware\src\bsw\Dcm\src\DcmDsp\DcmDspUds\DcmDspUds_Cdtcs.c

Compiling BasicSoftware\src\bsw\Dcm\src\DcmDsp\DcmDspUds\DcmDspUds_Dddi.c

Compiling BasicSoftware\src\bsw\Dcm\src\DcmDsp\DcmDspUds\DcmDspUds_Did_Support.c

Compiling BasicSoftware\src\bsw\Dcm\src\DcmDsp\DcmDspUds\DcmDspUds_Dsc.c

Compiling BasicSoftware\src\bsw\Dcm\src\DcmDsp\DcmDspUds\DcmDspUds_Er.c

Compiling BasicSoftware\src\bsw\Dcm\src\DcmDsp\DcmDspUds\DcmDspUds_GetVIN.c

Compiling BasicSoftware\src\bsw\Dcm\src\DcmDsp\DcmDspUds\DcmDspUds_Iocbi.c

Compiling BasicSoftware\src\bsw\Dcm\src\DcmDsp\DcmDspUds\DcmDspUds_Rc.c

Compiling BasicSoftware\src\bsw\Dcm\src\DcmDsp\DcmDspUds\DcmDspUds_Rdbi.c

Compiling BasicSoftware\src\bsw\Dcm\src\DcmDsp\DcmDspUds\DcmDspUds_Rdpi.c

Compiling BasicSoftware\src\bsw\Dcm\src\DcmDsp\DcmDspUds\DcmDspUds_Rdtc.c

Compiling BasicSoftware\src\bsw\Dcm\src\DcmDsp\DcmDspUds\DcmDspUds_Rdtc_GetFreezeFrameDataByRecord.c

Compiling BasicSoftware\src\bsw\Dcm\src\DcmDsp\DcmDspUds\DcmDspUds_Rdtc_RepDTCFaultDetectionCounter.c

Compiling BasicSoftware\src\bsw\Dcm\src\DcmDsp\DcmDspUds\DcmDspUds_Rdtc_RepFailedDTC.c

Compiling BasicSoftware\src\bsw\Dcm\src\DcmDsp\DcmDspUds\DcmDspUds_Rdtc_RepNumDTCByStatusMask.c

Compiling BasicSoftware\src\bsw\Dcm\src\DcmDsp\DcmDspUds\DcmDspUds_Rdtc_ReportDTCBySevMaskRec.c

Compiling BasicSoftware\src\bsw\Dcm\src\DcmDsp\DcmDspUds\DcmDspUds_Rdtc_ReportDTCSnapshotRecId.c

Compiling BasicSoftware\src\bsw\Dcm\src\DcmDsp\DcmDspUds\DcmDspUds_Rdtc_ReportExtendedDataRecordByDTC.c

Compiling BasicSoftware\src\bsw\Dcm\src\DcmDsp\DcmDspUds\DcmDspUds_Rdtc_ReportSnapshotRecordByDTC.c

Compiling BasicSoftware\src\bsw\Dcm\src\DcmDsp\DcmDspUds\DcmDspUds_Rdtc_RepSeverityOfDTC.c

Compiling BasicSoftware\src\bsw\Dcm\src\DcmDsp\DcmDspUds\DcmDspUds_Rdtc_RepSuppDTC.c

Compiling BasicSoftware\src\bsw\Dcm\src\DcmDsp\DcmDspUds\DcmDspUds_RequestDownload.c

Compiling BasicSoftware\src\bsw\Dcm\src\DcmDsp\DcmDspUds\DcmDspUds_RequestTransferExit.c

Compiling BasicSoftware\src\bsw\Dcm\src\DcmDsp\DcmDspUds\DcmDspUds_RequestUpload.c

Compiling BasicSoftware\src\bsw\Dcm\src\DcmDsp\DcmDspUds\DcmDspUds_Rmba.c

Compiling BasicSoftware\src\bsw\Dcm\src\DcmDsp\DcmDspUds\DcmDspUds_Roe.c

Compiling BasicSoftware\src\bsw\Dcm\src\DcmDsp\DcmDspUds\DcmDspUds_Seca.c

Compiling BasicSoftware\src\bsw\Dcm\src\DcmDsp\DcmDspUds\DcmDspUds_Seca_ChgSecurity.c

Compiling BasicSoftware\src\bsw\Dcm\src\DcmDsp\DcmDspUds\DcmDspUds_Seca_RestoreDelayCount.c

Compiling BasicSoftware\src\bsw\Dcm\src\DcmDsp\DcmDspUds\DcmDspUds_Seca_SecurityIni.c

Compiling BasicSoftware\src\bsw\Dcm\src\DcmDsp\DcmDspUds\DcmDspUds_Tp.c

Compiling BasicSoftware\src\bsw\Dcm\src\DcmDsp\DcmDspUds\DcmDspUds_TransferData.c

Compiling BasicSoftware\src\bsw\Dcm\src\DcmDsp\DcmDspUds\DcmDspUds_Uds_Did_F186.c

Compiling BasicSoftware\src\bsw\Dcm\src\DcmDsp\DcmDspUds\DcmDspUds_Wdbi.c

Compiling BasicSoftware\src\bsw\Dcm\src\DcmDsp\DcmDspUds\DcmDspUds_Wmba.c

Compiling BasicSoftware\src\bsw\Dcm\src\Dsd\Dcm_Dsd_Lib.c

Compiling BasicSoftware\src\bsw\Dcm\src\Dsd\Dcm_Dsd_Rdpi.c

Compiling BasicSoftware\src\bsw\Dcm\src\Dsd\Dcm_Dsd_Roe.c


Compiling BasicSoftware\src\bsw\Dcm\src\Dsd\Dcm_Dsd_StateMachine.c
Compiling BasicSoftware\src\bsw\Dcm\src\Dsl\Dcm_Dsl_CancelTransmit.c

Compiling BasicSoftware\src\bsw\Dcm\src\Dsl\Dcm_Dsl_ComMInteraction.c

Compiling BasicSoftware\src\bsw\Dcm\src\Dsl\Dcm_Dsl_CopyRxData.c

Compiling BasicSoftware\src\bsw\Dcm\src\Dsl\Dcm_Dsl_CopyTxData.c

Compiling BasicSoftware\src\bsw\Dcm\src\Dsl\Dcm_Dsl_OBDStateMachine.c

Compiling BasicSoftware\src\bsw\Dcm\src\Dsl\Dcm_Dsl_PagedBuffer.c

Compiling BasicSoftware\src\bsw\Dcm\src\Dsl\Dcm_Dsl_Protocol.c

Compiling BasicSoftware\src\bsw\Dcm\src\Dsl\Dcm_Dsl_RxIndication.c

Compiling BasicSoftware\src\bsw\Dcm\src\Dsl\Dcm_Dsl_Security.c

Compiling BasicSoftware\src\bsw\Dcm\src\Dsl\Dcm_Dsl_Session.c

Compiling BasicSoftware\src\bsw\Dcm\src\Dsl\Dcm_Dsl_StartOfReception.c

Compiling BasicSoftware\src\bsw\Dcm\src\Dsl\Dcm_Dsl_StateMachine.c

Compiling BasicSoftware\src\bsw\Dcm\src\Dsl\Dcm_Dsl_TxResponse.c




Compiling BasicSoftware\src\bsw\Dem\src\client\Dem_Client.c
Compiling BasicSoftware\src\bsw\Dem\src\client\Dem_ClientMachine_Clear.c

Compiling BasicSoftware\src\bsw\Dem\src\client\Dem_ClientRequestDispatcher.c
Compiling BasicSoftware\src\bsw\Dem\src\client\Dem_Client_Api.c
Compiling BasicSoftware\src\bsw\Dem\src\consischk\Dem_ConsisChk.c

Compiling BasicSoftware\src\bsw\Dem\src\deb\Dem_Deb.c

Compiling BasicSoftware\src\bsw\Dem\src\deb\Dem_DebArTime.c

Compiling BasicSoftware\src\bsw\Dem\src\deb\Dem_DebBase.c

Compiling BasicSoftware\src\bsw\Dem\src\deb\Dem_DebCtrBaseClass.c

Compiling BasicSoftware\src\bsw\Dem\src\distmem\Dem_DisturbanceMemory.c

Compiling BasicSoftware\src\bsw\Dem\src\dtc\Dem_DTCFilter.c

Compiling BasicSoftware\src\bsw\Dem\src\dtc\Dem_DTCGroup.c

Compiling BasicSoftware\src\bsw\Dem\src\dtc\Dem_DTCs.c

Compiling BasicSoftware\src\bsw\Dem\src\dtc\Dem_DTCStatusByte.c

Compiling BasicSoftware\src\bsw\Dem\src\dtc\Dem_Prv_J1939Dcm.c

Compiling BasicSoftware\src\bsw\Dem\src\enco\Dem_EnableCondition.c

Compiling BasicSoftware\src\bsw\Dem\src\env\Dem_EnvDataElement.c

Compiling BasicSoftware\src\bsw\Dem\src\env\Dem_EnvDid.c

Compiling BasicSoftware\src\bsw\Dem\src\env\Dem_EnvExtendedData.c

Compiling BasicSoftware\src\bsw\Dem\src\env\Dem_EnvExtendedDataRec.c

Compiling BasicSoftware\src\bsw\Dem\src\env\Dem_EnvFFRecNumeration.c

Compiling BasicSoftware\src\bsw\Dem\src\env\Dem_EnvFreezeFrame.c

Compiling BasicSoftware\src\bsw\Dem\src\env\Dem_EnvMain.c

Compiling BasicSoftware\src\bsw\Dem\src\env\Dem_EvtRelatedData.c

Compiling BasicSoftware\src\bsw\Dem\src\env\Dem_J1939EnvFreezeFrame.c

Compiling BasicSoftware\src\bsw\Dem\src\evbuff\Dem_EvBuff.c

Compiling BasicSoftware\src\bsw\Dem\src\evbuff\Dem_EvBuffDistributor.c

Compiling BasicSoftware\src\bsw\Dem\src\evdep\Dem_Dependencies.c

Compiling BasicSoftware\src\bsw\Dem\src\evdep\Dem_EventRecheck.c

Compiling BasicSoftware\src\bsw\Dem\src\event\Dem_EventFHandling.c

Compiling BasicSoftware\src\bsw\Dem\src\event\Dem_Events.c

Compiling BasicSoftware\src\bsw\Dem\src\event\Dem_EventStatus.c

Compiling BasicSoftware\src\bsw\Dem\src\evmem\Dem_EvMem.c

Compiling BasicSoftware\src\bsw\Dem\src\evmem\Dem_EvMemApi.c

Compiling BasicSoftware\src\bsw\Dem\src\evmem\Dem_EvMemGen.c

Compiling BasicSoftware\src\bsw\Dem\src\indct\Dem_Indicator.c

Compiling BasicSoftware\src\bsw\Dem\src\indct\Dem_IndicatorAttributes.c

Compiling BasicSoftware\src\bsw\Dem\src\main\Dem_Clear.c

Compiling BasicSoftware\src\bsw\Dem\src\main\Dem_GenericNvData.c

Compiling BasicSoftware\src\bsw\Dem\src\main\Dem_Main.c

Compiling BasicSoftware\src\bsw\Dem\src\main\Dem_OperationCycle.c

Compiling BasicSoftware\src\bsw\Dem\src\map\Dem_Mapping.c

Compiling BasicSoftware\src\bsw\Dem\src\nvm\Dem_Nvm.c

Compiling BasicSoftware\src\bsw\Dem\src\nvm\Dem_NvmCallbacks.c

Compiling BasicSoftware\src\bsw\Dem\src\stoco\Dem_StorageCondition.c

Compiling BasicSoftware\src\bsw\Det\src\Det.c


Compiling BasicSoftware\src\bsw\EcuM\src\EcuM_BootTarget.c
Compiling BasicSoftware\src\bsw\EcuM\src\EcuM_CurrentState.c

Compiling BasicSoftware\src\bsw\EcuM\src\EcuM_KillAllRequests.c

Compiling BasicSoftware\src\bsw\EcuM\src\EcuM_MainFunction.c

Compiling BasicSoftware\src\bsw\EcuM\src\EcuM_Misc.c

Compiling BasicSoftware\src\bsw\EcuM\src\EcuM_Prv.c


Compiling BasicSoftware\src\bsw\EcuM\src\EcuM_Prv_RteActions.c
Compiling BasicSoftware\src\bsw\EcuM\src\EcuM_ReleasePOST_RUN.c

Compiling BasicSoftware\src\bsw\EcuM\src\EcuM_ReleaseRUN.c

Compiling BasicSoftware\src\bsw\EcuM\src\EcuM_RequestPOST_RUN.c

Compiling BasicSoftware\src\bsw\EcuM\src\EcuM_RequestRUN.c

Compiling BasicSoftware\src\bsw\EcuM\src\EcuM_SetState.c

Compiling BasicSoftware\src\bsw\EcuM\src\EcuM_Shutdown.c

Compiling BasicSoftware\src\bsw\EcuM\src\EcuM_ShutdownServices.c

Compiling BasicSoftware\src\bsw\EcuM\src\EcuM_Sleep.c

Compiling BasicSoftware\src\bsw\EcuM\src\EcuM_Startup.c

Compiling BasicSoftware\src\bsw\EcuM\src\EcuM_WakeupServices.c

Compiling BasicSoftware\src\bsw\Fee\src\Fee_Config.c

Compiling BasicSoftware\src\bsw\Fee\src\Fee_Dbg.c

Compiling BasicSoftware\src\bsw\Fee\src\Fee_Job.c

Compiling BasicSoftware\src\bsw\Fee\src\Fee_Lib.c

Compiling BasicSoftware\src\bsw\Fee\src\Fee_Medium.c

Compiling BasicSoftware\src\bsw\Fee\src\Fee_Order.c

Compiling BasicSoftware\src\bsw\Fee\src\Fee_Proc.c

Compiling BasicSoftware\src\bsw\FiM\src\FiM.c

Compiling BasicSoftware\src\bsw\FiM\src\FiM_Dem.c

Compiling BasicSoftware\src\bsw\FiM\src\FiM_Init.c

Compiling BasicSoftware\src\bsw\FiM\src\FiM_Monitor.c

Compiling BasicSoftware\src\bsw\FiM\src\FiM_Permission.c

Compiling BasicSoftware\src\bsw\FiM\src\FiM_Status.c

Compiling BasicSoftware\src\bsw\FiM\src\FiM_Version.c

Compiling BasicSoftware\src\bsw\MemIf\src\MemIf_MainFunction.c

Compiling BasicSoftware\src\bsw\MemIf\src\MemIf_Rb_MainFunction.c





Compiling BasicSoftware\src\bsw\Nm\src\Nm.c
Compiling BasicSoftware\src\bsw\Nm\src\Nm_BusSleepMode.c
Compiling BasicSoftware\src\bsw\Nm\src\Nm_CheckRemoteSleepIndication.c
Compiling BasicSoftware\src\bsw\Nm\src\Nm_CoordReadyToSleepCancellation.c
Compiling BasicSoftware\src\bsw\Nm\src\Nm_CoordReadyToSleepIndication.c

Compiling BasicSoftware\src\bsw\Nm\src\Nm_DisableCommunication.c

Compiling BasicSoftware\src\bsw\Nm\src\Nm_EnableCommunication.c

Compiling BasicSoftware\src\bsw\Nm\src\Nm_Extensions.c

Compiling BasicSoftware\src\bsw\Nm\src\Nm_GetLocalNodeIdentifier.c

Compiling BasicSoftware\src\bsw\Nm\src\Nm_GetNodeIdentifier.c

Compiling BasicSoftware\src\bsw\Nm\src\Nm_GetPduData.c

Compiling BasicSoftware\src\bsw\Nm\src\Nm_GetState.c

Compiling BasicSoftware\src\bsw\Nm\src\Nm_GetUserData.c

Compiling BasicSoftware\src\bsw\Nm\src\Nm_GetVersionInfo.c

Compiling BasicSoftware\src\bsw\Nm\src\Nm_Int_NetworkRelease.c

Compiling BasicSoftware\src\bsw\Nm\src\Nm_Int_NetworkRequest.c

Compiling BasicSoftware\src\bsw\Nm\src\Nm_LinNm.c

Compiling BasicSoftware\src\bsw\Nm\src\Nm_MainFunction.c

Compiling BasicSoftware\src\bsw\Nm\src\Nm_NetworkMode.c

Compiling BasicSoftware\src\bsw\Nm\src\Nm_NetworkRelease.c

Compiling BasicSoftware\src\bsw\Nm\src\Nm_NetworkRequest.c

Compiling BasicSoftware\src\bsw\Nm\src\Nm_NetworkStartIndication.c

Compiling BasicSoftware\src\bsw\Nm\src\Nm_PassiveStartup.c

Compiling BasicSoftware\src\bsw\Nm\src\Nm_PrepareBusSleepMode.c

Compiling BasicSoftware\src\bsw\Nm\src\Nm_RemoteSleepCancellation.c

Compiling BasicSoftware\src\bsw\Nm\src\Nm_RemoteSleepIndication.c

Compiling BasicSoftware\src\bsw\Nm\src\Nm_RepeatMessageRequest.c

Compiling BasicSoftware\src\bsw\Nm\src\Nm_SetUserData.c

Compiling BasicSoftware\src\bsw\Nm\src\Nm_SynchronizeMode.c



Compiling BasicSoftware\src\bsw\NvM\src\AuxiliaryRequests\Asynchronous\NvM_Rb_AuxInvalidateNvBlock.c
Compiling BasicSoftware\src\bsw\NvM\src\AuxiliaryRequests\Asynchronous\NvM_Rb_AuxReadBlock.c
Compiling BasicSoftware\src\bsw\NvM\src\AuxiliaryRequests\Asynchronous\NvM_Rb_AuxWriteBlock.c

Compiling BasicSoftware\src\bsw\NvM\src\AuxiliaryRequests\Synchronous\NvM_Rb_AuxGetDataIndex.c

Compiling BasicSoftware\src\bsw\NvM\src\AuxiliaryRequests\Synchronous\NvM_Rb_AuxGetErrorStatus.c

Compiling BasicSoftware\src\bsw\NvM\src\AuxiliaryRequests\Synchronous\NvM_Rb_AuxGetMigrationResult.c

Compiling BasicSoftware\src\bsw\NvM\src\AuxiliaryRequests\Synchronous\NvM_Rb_AuxSetDataIndex.c

Compiling BasicSoftware\src\bsw\NvM\src\Internal\BlockData\NvM_BlockData.c

Compiling BasicSoftware\src\bsw\NvM\src\Internal\Crc\NvM_Crc.c

Compiling BasicSoftware\src\bsw\NvM\src\Internal\CryptoServices\NvM_Crypto.c

Compiling BasicSoftware\src\bsw\NvM\src\Internal\CryptoServices\NvM_Csm.c

Compiling BasicSoftware\src\bsw\NvM\src\Internal\ErrorDetection\NvM_ErrorDetection.c

Compiling BasicSoftware\src\bsw\NvM\src\Internal\ExplicitSynchronization\NvM_ExplicitSynchronization.c

Compiling BasicSoftware\src\bsw\NvM\src\Internal\InternalBuffer\NvM_InternalBuffer.c

Compiling BasicSoftware\src\bsw\NvM\src\Internal\JobHandling\NvM_Job.c

Compiling BasicSoftware\src\bsw\NvM\src\Internal\JobHandling\NvM_JobInvalidate.c

Compiling BasicSoftware\src\bsw\NvM\src\Internal\JobHandling\NvM_JobMaintain.c

Compiling BasicSoftware\src\bsw\NvM\src\Internal\JobHandling\NvM_JobRead.c

Compiling BasicSoftware\src\bsw\NvM\src\Internal\JobHandling\NvM_JobRecalcRamBlkCrc.c

Compiling BasicSoftware\src\bsw\NvM\src\Internal\JobHandling\NvM_JobRestore.c

Compiling BasicSoftware\src\bsw\NvM\src\Internal\JobHandling\NvM_JobValidate.c

Compiling BasicSoftware\src\bsw\NvM\src\Internal\JobHandling\NvM_JobWrite.c

Compiling BasicSoftware\src\bsw\NvM\src\Internal\JobResource\NvM_JobResource.c

Compiling BasicSoftware\src\bsw\NvM\src\Internal\MemIf\NvM_MemIf.c

Compiling BasicSoftware\src\bsw\NvM\src\Internal\Monitoring\NvM_Rb_WriteMon.c

Compiling BasicSoftware\src\bsw\NvM\src\Internal\ProcessMultiBlock\NvM_ProcessMultiBlock.c

Compiling BasicSoftware\src\bsw\NvM\src\Internal\QueueHandling\NvM_JobQueue.c

Compiling BasicSoftware\src\bsw\NvM\src\Internal\QueueHandling\NvM_Queue.c

Compiling BasicSoftware\src\bsw\NvM\src\Internal\QueueHandling\NvM_RequestQueue.c

Compiling BasicSoftware\src\bsw\NvM\src\Internal\Service\NvM_Service.c

Compiling BasicSoftware\src\bsw\NvM\src\SingleBlockRequests\Asynchronous\NvM_EraseNvBlock.c

Compiling BasicSoftware\src\bsw\NvM\src\SingleBlockRequests\Asynchronous\NvM_InvalidateNvBlock.c

Compiling BasicSoftware\src\bsw\NvM\src\SingleBlockRequests\Asynchronous\NvM_ReadBlock.c

Compiling BasicSoftware\src\bsw\NvM\src\SingleBlockRequests\Asynchronous\NvM_RestoreBlockDefaults.c

Compiling BasicSoftware\src\bsw\NvM\src\SingleBlockRequests\Asynchronous\NvM_WriteBlock.c

Compiling BasicSoftware\src\bsw\NvM\src\SingleBlockRequests\Synchronous\NvM_GetDataIndex.c

Compiling BasicSoftware\src\bsw\NvM\src\SingleBlockRequests\Synchronous\NvM_GetErrorStatus.c

Compiling BasicSoftware\src\bsw\NvM\src\SingleBlockRequests\Synchronous\NvM_Rb_GetBlockId.c

Compiling BasicSoftware\src\bsw\NvM\src\SingleBlockRequests\Synchronous\NvM_Rb_GetMigrationResult.c

Compiling BasicSoftware\src\bsw\NvM\src\SingleBlockRequests\Synchronous\NvM_Rb_GetNvBlockLength.c

Compiling BasicSoftware\src\bsw\NvM\src\SingleBlockRequests\Synchronous\NvM_Rb_GetWriteCounter.c

Compiling BasicSoftware\src\bsw\NvM\src\SingleBlockRequests\Synchronous\NvM_Rb_SetWriteAllTrigger.c

Compiling BasicSoftware\src\bsw\NvM\src\SingleBlockRequests\Synchronous\NvM_SetBlockLockStatus.c

Compiling BasicSoftware\src\bsw\NvM\src\SingleBlockRequests\Synchronous\NvM_SetBlockProtection.c

Compiling BasicSoftware\src\bsw\NvM\src\SingleBlockRequests\Synchronous\NvM_SetDataIndex.c

Compiling BasicSoftware\src\bsw\NvM\src\SingleBlockRequests\Synchronous\NvM_SetRamBlockStatus.c

Compiling BasicSoftware\src\bsw\NvM\src\CommonRequests\NvM_GetVersionInfo.c

Compiling BasicSoftware\src\bsw\NvM\src\CommonRequests\NvM_Init.c

Compiling BasicSoftware\src\bsw\NvM\src\CommonRequests\NvM_Rb_GetActiveService.c

Compiling BasicSoftware\src\bsw\NvM\src\CommonRequests\NvM_Rb_GetRequestType.c

Compiling BasicSoftware\src\bsw\NvM\src\CommonRequests\NvM_Rb_GetStatus.c

Compiling BasicSoftware\src\bsw\NvM\src\MultiBlockRequests\NvM_CancelWriteAll.c

Compiling BasicSoftware\src\bsw\NvM\src\MultiBlockRequests\NvM_InitAfterReadAll.c

Compiling BasicSoftware\src\bsw\NvM\src\MultiBlockRequests\NvM_Rb_FirstInitAll.c

Compiling BasicSoftware\src\bsw\NvM\src\MultiBlockRequests\NvM_ReadAll.c

Compiling BasicSoftware\src\bsw\NvM\src\MultiBlockRequests\NvM_ValidateAll.c

Compiling BasicSoftware\src\bsw\NvM\src\MultiBlockRequests\NvM_WriteAll.c

Compiling BasicSoftware\src\bsw\NvM\src\ScheduledFunctions\NvM_MainFunction.c

Compiling BasicSoftware\src\bsw\NvM\src\ScheduledFunctions\NvM_MainFunctionArbitrate.c

Compiling BasicSoftware\src\bsw\NvM\src\ScheduledFunctions\NvM_MainFunctionJobStart.c

Compiling BasicSoftware\src\bsw\NvM\src\ScheduledFunctions\NvM_MainFunctionResultEval.c

Compiling BasicSoftware\src\bsw\NvM\src\NvM_Asserts.c

Compiling BasicSoftware\src\bsw\PduR\src\PduR_BufferPool.c

Compiling BasicSoftware\src\bsw\PduR\src\PduR_EnableDisableRouting.c

Compiling BasicSoftware\src\bsw\PduR\src\PduR_Gateway_DDIfTransmit_FiFo.c

Compiling BasicSoftware\src\bsw\PduR\src\PduR_Gateway_DDIfTxConf_FiFo.c

Compiling BasicSoftware\src\bsw\PduR\src\PduR_Gateway_DDIfTxConf_NoBuf.c

Compiling BasicSoftware\src\bsw\PduR\src\PduR_Gateway_IfRxInd.c

Compiling BasicSoftware\src\bsw\PduR\src\PduR_Gateway_TpDcmTx.c

Compiling BasicSoftware\src\bsw\PduR\src\PduR_Gateway_TpRx.c

Compiling BasicSoftware\src\bsw\PduR\src\PduR_Gateway_TpTx.c

Compiling BasicSoftware\src\bsw\PduR\src\PduR_Gateway_TpTxConf.c

Compiling BasicSoftware\src\bsw\PduR\src\PduR_Gateway_TTIfTransmit_Buf.c

Compiling BasicSoftware\src\bsw\PduR\src\PduR_Gateway_TTIfTransmit_FiFo.c

Compiling BasicSoftware\src\bsw\PduR\src\PduR_Gateway_TTIfTrigTx_Buf.c

Compiling BasicSoftware\src\bsw\PduR\src\PduR_Gateway_TTIfTrigTx_FiFo.c

Compiling BasicSoftware\src\bsw\PduR\src\PduR_Gateway_TTIfTxConf_Buf.c

Compiling BasicSoftware\src\bsw\PduR\src\PduR_Gateway_TTIfTxConf_FiFo.c

Compiling BasicSoftware\src\bsw\PduR\src\PduR_Gateway_UpIf.c


Compiling BasicSoftware\src\bsw\PduR\src\PduR_GetBuffer.c
Compiling BasicSoftware\src\bsw\PduR\src\PduR_GetConfigurationId.c

Compiling BasicSoftware\src\bsw\PduR\src\PduR_GetVersionInfo.c

Compiling BasicSoftware\src\bsw\PduR\src\PduR_Globals.c

Compiling BasicSoftware\src\bsw\PduR\src\PduR_Init.c

Compiling BasicSoftware\src\bsw\PduR\src\PduR_InvalidId_If.c

Compiling BasicSoftware\src\bsw\PduR\src\PduR_InvalidId_Tp.c

Compiling BasicSoftware\src\bsw\PduR\src\PduR_InvalidId_UpTx.c

Compiling BasicSoftware\src\bsw\PduR\src\PduR_Multicast_UpToLo.c


Compiling BasicSoftware\src\bsw\PduR\src\PduR_Multicast_UpTx.c
Compiling BasicSoftware\src\bsw\PduR\src\PduR_NullFunc_TrigTx.c

Compiling BasicSoftware\src\bsw\PduR\src\PduR_Null_UpIf.c

Compiling BasicSoftware\src\bsw\PduR\src\PduR_RPG_TpRx.c

Compiling BasicSoftware\src\bsw\Rba_DiagLib\src\rba_DiagLib_ByteOrderUtils.c

Compiling BasicSoftware\src\bsw\Rba_FeeFs1\src\rba_FeeFs1_Det.c

Compiling BasicSoftware\src\bsw\Rba_FeeFs1\src\rba_FeeFs1_GetJobResult.c

Compiling BasicSoftware\src\bsw\Rba_FeeFs1\src\rba_FeeFs1_GetVersionInfo.c



Compiling BasicSoftware\src\bsw\WdgM\src\WdgM.c
Compiling BasicSoftware\src\bsw\WdgM\src\WdgM_Prv.c


Compiling BasicSoftware\src\bsw\Xcp\src\Xcp.c
Compiling BasicSoftware\src\bsw\Xcp\src\XcpOnCan.c
Compiling BasicSoftware\src\bsw\Xcp\src\XcpOnCdd.c

Compiling BasicSoftware\src\bsw\Xcp\src\XcpOnEth.c

Compiling BasicSoftware\src\bsw\Xcp\src\XcpOnFr.c

Compiling BasicSoftware\src\bsw\Xcp\src\Xcp_Cmd0xC0Handling.c

Compiling BasicSoftware\src\bsw\Xcp\src\Xcp_CmdAllocDaq.c

Compiling BasicSoftware\src\bsw\Xcp\src\Xcp_CmdAllocOdt.c

Compiling BasicSoftware\src\bsw\Xcp\src\Xcp_CmdAllocOdtEntry.c

Compiling BasicSoftware\src\bsw\Xcp\src\Xcp_CmdBuildChecksum.c

Compiling BasicSoftware\src\bsw\Xcp\src\Xcp_CmdClearDaqList.c

Compiling BasicSoftware\src\bsw\Xcp\src\Xcp_CmdConnect.c

Compiling BasicSoftware\src\bsw\Xcp\src\Xcp_CmdCopyCalPage.c

Compiling BasicSoftware\src\bsw\Xcp\src\Xcp_CmdDisconnect.c

Compiling BasicSoftware\src\bsw\Xcp\src\Xcp_CmdDownload.c

Compiling BasicSoftware\src\bsw\Xcp\src\Xcp_CmdDownloadMax.c

Compiling BasicSoftware\src\bsw\Xcp\src\Xcp_CmdDownloadNext.c

Compiling BasicSoftware\src\bsw\Xcp\src\Xcp_CmdFreeDaq.c

Compiling BasicSoftware\src\bsw\Xcp\src\Xcp_CmdGetCalPage.c

Compiling BasicSoftware\src\bsw\Xcp\src\Xcp_CmdGetCommModeInfo.c

Compiling BasicSoftware\src\bsw\Xcp\src\Xcp_CmdGetDaqClock.c

Compiling BasicSoftware\src\bsw\Xcp\src\Xcp_CmdGetDaqEventInfo.c

Compiling BasicSoftware\src\bsw\Xcp\src\Xcp_CmdGetDaqListMode.c

Compiling BasicSoftware\src\bsw\Xcp\src\Xcp_CmdGetDaqPackedMode.c

Compiling BasicSoftware\src\bsw\Xcp\src\Xcp_CmdGetDaqProcessorInfo.c

Compiling BasicSoftware\src\bsw\Xcp\src\Xcp_CmdGetDaqResolutionInfo.c


Compiling BasicSoftware\src\bsw\Xcp\src\Xcp_CmdGetId.c
Compiling BasicSoftware\src\bsw\Xcp\src\Xcp_CmdGetPageInfo.c

Compiling BasicSoftware\src\bsw\Xcp\src\Xcp_CmdGetPagProcessorInfo.c

Compiling BasicSoftware\src\bsw\Xcp\src\Xcp_CmdGetSeed.c

Compiling BasicSoftware\src\bsw\Xcp\src\Xcp_CmdGetSegmentInfo.c

Compiling BasicSoftware\src\bsw\Xcp\src\Xcp_CmdGetStatus.c

Compiling BasicSoftware\src\bsw\Xcp\src\Xcp_CmdModifyBits.c

Compiling BasicSoftware\src\bsw\Xcp\src\Xcp_CmdReadDaq.c

Compiling BasicSoftware\src\bsw\Xcp\src\Xcp_CmdSetCalPage.c

Compiling BasicSoftware\src\bsw\Xcp\src\Xcp_CmdSetDaqListMode.c

Compiling BasicSoftware\src\bsw\Xcp\src\Xcp_CmdSetDaqPackedMode.c

Compiling BasicSoftware\src\bsw\Xcp\src\Xcp_CmdSetDaqPtr.c

Compiling BasicSoftware\src\bsw\Xcp\src\Xcp_CmdSetMta.c

Compiling BasicSoftware\src\bsw\Xcp\src\Xcp_CmdSetRequest.c

Compiling BasicSoftware\src\bsw\Xcp\src\Xcp_CmdShortDownload.c

Compiling BasicSoftware\src\bsw\Xcp\src\Xcp_CmdShortUpload.c

Compiling BasicSoftware\src\bsw\Xcp\src\Xcp_CmdStartStopDaqList.c

Compiling BasicSoftware\src\bsw\Xcp\src\Xcp_CmdStartStopSynch.c

Compiling BasicSoftware\src\bsw\Xcp\src\Xcp_CmdSynch.c

Compiling BasicSoftware\src\bsw\Xcp\src\Xcp_CmdTransportLayerCmd.c

Compiling BasicSoftware\src\bsw\Xcp\src\Xcp_CmdUnlock.c

Compiling BasicSoftware\src\bsw\Xcp\src\Xcp_CmdUpload.c

Compiling BasicSoftware\src\bsw\Xcp\src\Xcp_CmdUserCmd.c

Compiling BasicSoftware\src\bsw\Xcp\src\Xcp_CmdWriteDaq.c

Compiling BasicSoftware\src\bsw\Xcp\src\Xcp_CmdWriteDaqMultiple.c

Compiling BasicSoftware\src\bsw\Xcp\src\Xcp_DaqEvent.c

Compiling BasicSoftware\src\bsw\Xcp\src\Xcp_DaqRam.c

Compiling BasicSoftware\src\bsw\Xcp\src\Xcp_EventChannel.c

Compiling BasicSoftware\src\bsw\Xcp\src\Xcp_GetVersionInfo.c

Compiling BasicSoftware\src\bsw\Xcp\src\Xcp_Init.c

Compiling BasicSoftware\src\bsw\Xcp\src\Xcp_ProductLineMdg1.c


Compiling BasicSoftware\src\bsw\Xcp\src\Xcp_QueHandling.c
Compiling BasicSoftware\src\bsw\Xcp\src\Xcp_Receive.c

Compiling BasicSoftware\src\bsw\Xcp\src\Xcp_ReceiveCommand.c

Compiling BasicSoftware\src\bsw\Xcp\src\Xcp_Stim.c

Compiling BasicSoftware\src\bsw\Xcp\src\Xcp_SubCmdGetVersion.c

Compiling BasicSoftware\src\bsw\Xcp\src\Xcp_Transmit.c

Compiling BasicSoftware\src\bsw\Xcp\src\Xcp_Utils.c

Compiling BasicSoftware\src\bsw\Xcp\src\Xcp_UtilsStartStop.c


Compiling BasicSoftware\src\bsw\BswM_PreCompile_and_PB_Variant\BswM_Cfg_AC.c
Compiling BasicSoftware\src\bsw\BswM_PreCompile_and_PB_Variant\BswM_Cfg_LE.c

Compiling BasicSoftware\src\bsw\BswM_PreCompile_and_PB_Variant\BswM_Cfg_ModeManagerReq.c

Compiling BasicSoftware\src\bsw\BswM_PreCompile_and_PB_Variant\BswM_Cfg_MRP.c

Compiling BasicSoftware\src\bsw\BswM_PreCompile_and_PB_Variant\BswM_Cfg_RL.c

Compiling BasicSoftware\src\bsw\BswM_PreCompile_and_PB_Variant\BswM_PBcfg.c

Compiling BasicSoftware\src\bsw\CanIf\CanIf_cfg.c

Compiling BasicSoftware\src\bsw\CanIf\CanIf_PBcfg.c

Compiling BasicSoftware\src\bsw\CanNm_PreCompile_and_PB_Variant\CanNm_Cfg.c

Compiling BasicSoftware\src\bsw\CanNm_PreCompile_and_PB_Variant\CanNm_PBcfg.c

Compiling BasicSoftware\src\bsw\CanSM\CanSM_PBcfg.c

Compiling BasicSoftware\src\bsw\CanTp_PreCompile\CanTp_Cfg.c


Compiling BasicSoftware\src\bsw\Com\Com_Cfg.c
Compiling BasicSoftware\src\bsw\Com\Com_PBcfg.c

Compiling BasicSoftware\src\bsw\Com\Com_PBcfg_Common.c

Compiling BasicSoftware\src\bsw\Com\Com_PBcfg_Variant.c

Compiling BasicSoftware\src\bsw\ComM\ComM_Cfg.c

Compiling BasicSoftware\src\bsw\ComM\ComM_Main.c

Compiling BasicSoftware\src\bsw\ComM\ComM_PBcfg.c

Compiling BasicSoftware\src\bsw\Dcm\Dcm_Lcfg_DslDsd.c


Compiling BasicSoftware\src\bsw\Dcm\Dcm_Lcfg_DspUds.c
Compiling BasicSoftware\src\bsw\Dem\Dem_Cfg_Clear.c

Compiling BasicSoftware\src\bsw\Dem\Dem_Cfg_Client_DataStructures.c

Compiling BasicSoftware\src\bsw\Dem\Dem_Cfg_DTC_DataStructures.c

Compiling BasicSoftware\src\bsw\Dem\Dem_Cfg_Events_DataStructures.c

Compiling BasicSoftware\src\bsw\Dem\Dem_Cfg_NvmCallbacks.c

Compiling BasicSoftware\src\bsw\Dem\Dem_Cfg_OperationCycle_DataStructures.c

Compiling BasicSoftware\src\bsw\EcuM\EcuM_Cfg.c


Compiling BasicSoftware\src\bsw\EcuM\EcuM_Cfg_Shutdown.c
Compiling BasicSoftware\src\bsw\EcuM\EcuM_Cfg_Sleep.c

Compiling BasicSoftware\src\bsw\EcuM\EcuM_Cfg_Startup.c

Compiling BasicSoftware\src\bsw\EcuM\EcuM_Lcfg.c

Compiling BasicSoftware\src\bsw\EcuM\EcuM_PBcfg.c

Compiling BasicSoftware\src\bsw\Fee\Fee_Cfg.c

Compiling BasicSoftware\src\bsw\FiM\FiM_Cfg.c

Compiling BasicSoftware\src\bsw\FiM\FiM_Cfg_PbCfg.c

Compiling BasicSoftware\src\bsw\Nm\Nm_Cfg.c


Compiling BasicSoftware\src\bsw\NvM\NvM_Cfg.c
Compiling BasicSoftware\src\bsw\PduR\PduR_Cfg.c

Compiling BasicSoftware\src\bsw\PduR\PduR_dLoIf.c

Compiling BasicSoftware\src\bsw\PduR\PduR_dLoIfTT.c

Compiling BasicSoftware\src\bsw\PduR\PduR_dLoTp.c

Compiling BasicSoftware\src\bsw\PduR\PduR_dUpIf.c

Compiling BasicSoftware\src\bsw\PduR\PduR_dUpTp.c

Compiling BasicSoftware\src\bsw\PduR\PduR_LoTp.c

Compiling BasicSoftware\src\bsw\PduR\PduR_PBcfg.c

Compiling BasicSoftware\src\bsw\PduR\PduR_UpIf.c

Compiling BasicSoftware\src\bsw\PduR\PduR_UpTp.c

Compiling BasicSoftware\src\bsw\WdgIf\WdgIf_Cfg.c

Compiling BasicSoftware\src\bsw\WdgM\WdgM_Cfg.c

Compiling BasicSoftware\src\bsw\Xcp\XcpOnCan_Cfg.c

Compiling BasicSoftware\src\bsw\Xcp\Xcp_Cfg.c

Compiling BasicSoftware\src\rte\gen\Rte.c

Compiling BasicSoftware\src\rte\gen\Rte_Lib.c


Compiling BasicSoftware\src\os\gen\src\GetExecutionTime.c
Compiling BasicSoftware\src\os\gen\src\GetISRID.c

Compiling BasicSoftware\src\os\gen\src\GetIsrMaxStackUsage.c

Compiling BasicSoftware\src\os\gen\src\GetResource.c

Compiling BasicSoftware\src\os\gen\src\GetStackSize.c

Compiling BasicSoftware\src\os\gen\src\GetStackUsage.c

Compiling BasicSoftware\src\os\gen\src\GetStackValue.c

Compiling BasicSoftware\src\os\gen\src\GetTaskActivationTime.c

Compiling BasicSoftware\src\os\gen\src\GetTaskID.c

Compiling BasicSoftware\src\os\gen\src\GetTaskMaxStackUsage.c

Compiling BasicSoftware\src\os\gen\src\GetTaskState.c

Compiling BasicSoftware\src\os\gen\src\GetVersionInfo.c

Compiling BasicSoftware\src\os\gen\src\IncrementCounter.c

Compiling BasicSoftware\src\os\gen\src\Ioc.c

Compiling BasicSoftware\src\os\gen\src\IocGroups.c

Compiling BasicSoftware\src\os\gen\src\Ioc_memcpy.c

Compiling BasicSoftware\src\os\gen\src\Os_Cfg.c

Compiling BasicSoftware\src\os\gen\src\Os_Cfg_Counters.c

Compiling BasicSoftware\src\os\gen\src\Os_Cfg_KL.c

Compiling BasicSoftware\src\os\gen\src\Os_GetCurrentIMask.c

Compiling BasicSoftware\src\os\gen\src\Os_IRQHandler.c

Compiling BasicSoftware\src\os\gen\src\Os_masks.c

Compiling BasicSoftware\src\os\gen\src\Os_Stack.c

Compiling BasicSoftware\src\os\gen\src\Os_vec_init.c

Compiling BasicSoftware\src\os\gen\src\Os_Wrapper.c

Compiling BasicSoftware\src\os\gen\src\ProtectionSupport.c

Compiling BasicSoftware\src\os\gen\src\ReleaseResource.c

Compiling BasicSoftware\src\os\gen\src\ResumeAllInterrupts.c

Compiling BasicSoftware\src\os\gen\src\ResumeOSInterrupts.c

Compiling BasicSoftware\src\os\gen\src\ShutdownOS.c

Compiling BasicSoftware\src\os\gen\src\StartOS.c

Compiling BasicSoftware\src\os\gen\src\StartScheduleTableRel.c

Compiling BasicSoftware\src\os\gen\src\StopScheduleTable.c

Compiling BasicSoftware\src\os\gen\src\SuspendAllInterrupts.c

Compiling BasicSoftware\src\os\gen\src\SuspendOSInterrupts.c

Compiling BasicSoftware\src\os\gen\src\TerminateTask.c

Compiling BasicSoftware\src\os\gen\src\ValidateCounter.c

Compiling BasicSoftware\src\os\gen\src\ValidateISR.c

Compiling BasicSoftware\src\os\gen\src\ValidateResource.c

Compiling BasicSoftware\src\os\gen\src\ValidateScheduleTable.c

Compiling BasicSoftware\src\os\gen\src\ValidateTask.c

Assembling BasicSoftware\src\os\gen\src\Os_primitives.S

Compiling BasicSoftware\src\cobra\Rtm\src\Rtm.c

Compiling BasicSoftware\src\cobra\Rtm\src\Rtm_Ctrl.c

Compiling BasicSoftware\src\cobra\Rtm\src\Rtm_Driver_Generic.c

Compiling BasicSoftware\src\cobra\Rtm\src\Rtm_Mon.c

Compiling BasicSoftware\src\cobra\Rtm\src\Rtm_MT.c

Compiling BasicSoftware\src\cobra\StackM\src\StackM.c

Compiling BasicSoftware\src\cobra\TstM\src\TstM.c

Compiling BasicSoftware\integration\src\bsw\BswM\integration\BswM_Appl.c

Compiling BasicSoftware\integration\src\bsw\BswM\user\BswM_Integration.c

Compiling BasicSoftware\integration\src\bsw\CanIf\integration\CanIfAppl.c

Compiling BasicSoftware\integration\src\bsw\CanIf\integration\CanIf_ControllerModeIndication_Integration.c

Compiling BasicSoftware\integration\src\bsw\CanIf\integration\CanIf_RxIndication_Integration.c

Compiling BasicSoftware\integration\src\bsw\CanIf\integration\CanIf_SetControllerMode_Integration.c

Compiling BasicSoftware\integration\src\bsw\CanIf\integration\CanIf_Write_Integration.c

Compiling BasicSoftware\integration\src\bsw\CanNm\integration\CanNmAppl.c

Compiling BasicSoftware\integration\src\bsw\CanTp\integration\CanTp_CallOut.c

Compiling BasicSoftware\integration\src\bsw\CanTrcv\user\CanTrcv_Integration.c

Compiling BasicSoftware\integration\src\bsw\Com\integration\ComAppl.c

Compiling BasicSoftware\integration\src\bsw\Com\integration\Com_Integration.c

Compiling BasicSoftware\integration\src\bsw\ComM\integration\ComMAppl.c

Compiling BasicSoftware\integration\src\bsw\Dcm\integration\DcmAppl_CheckEncryptionCompressionMethod.c

Compiling BasicSoftware\integration\src\bsw\Dcm\integration\DcmAppl_ConfirmationRespPend.c

Compiling BasicSoftware\integration\src\bsw\Dcm\integration\DcmAppl_DcmCancelPagedBufferProcessing.c

Compiling BasicSoftware\integration\src\bsw\Dcm\integration\DcmAppl_DcmCheckCDTCRecord.c

Compiling BasicSoftware\integration\src\bsw\Dcm\integration\DcmAppl_DcmCheckControlMaskAndState.c

Compiling BasicSoftware\integration\src\bsw\Dcm\integration\DcmAppl_DcmCheckRdbiResponseLength.c

Compiling BasicSoftware\integration\src\bsw\Dcm\integration\DcmAppl_DcmCheckRoutineControlOptionRecord.c

Compiling BasicSoftware\integration\src\bsw\Dcm\integration\DcmAppl_DcmCheckSeed.c

Compiling BasicSoftware\integration\src\bsw\Dcm\integration\DcmAppl_DcmCheckWDBIReqLen.c

Compiling BasicSoftware\integration\src\bsw\Dcm\integration\DcmAppl_DcmClearRoeEventInformation.c

Compiling BasicSoftware\integration\src\bsw\Dcm\integration\DcmAppl_DcmCommControlConditionCheck.c

Compiling BasicSoftware\integration\src\bsw\Dcm\integration\DcmAppl_DcmComModeError.c

Compiling BasicSoftware\integration\src\bsw\Dcm\integration\DcmAppl_DcmConfirmation.c

Compiling BasicSoftware\integration\src\bsw\Dcm\integration\DcmAppl_DcmConfirmationRDPI.c

Compiling BasicSoftware\integration\src\bsw\Dcm\integration\DcmAppl_DcmConfirmation_DcmNegResp.c

Compiling BasicSoftware\integration\src\bsw\Dcm\integration\DcmAppl_DcmConfirmation_GeneralReject.c


Compiling BasicSoftware\integration\src\bsw\Dcm\integration\DcmAppl_DcmControlDtcSettingEnableStatus.c
Compiling BasicSoftware\integration\src\bsw\Dcm\integration\DcmAppl_DcmCopyRxData.c

Compiling BasicSoftware\integration\src\bsw\Dcm\integration\DcmAppl_DcmEcuResetPreparation.c

Compiling BasicSoftware\integration\src\bsw\Dcm\integration\DcmAppl_DcmGetNRCForMinLengthCheck.c

Compiling BasicSoftware\integration\src\bsw\Dcm\integration\DcmAppl_DcmGetP2Timings.c

Compiling BasicSoftware\integration\src\bsw\Dcm\integration\DcmAppl_DcmGetPermissionForMemoryAccess_u8.c

Compiling BasicSoftware\integration\src\bsw\Dcm\integration\DcmAppl_DcmGetPermTxWarmResp.c

Compiling BasicSoftware\integration\src\bsw\Dcm\integration\DcmAppl_DcmGetRemainingResponseLength.c

Compiling BasicSoftware\integration\src\bsw\Dcm\integration\DcmAppl_DcmGetROEDidInfo.c

Compiling BasicSoftware\integration\src\bsw\Dcm\integration\DcmAppl_DcmGetRoeDTCInfo.c

Compiling BasicSoftware\integration\src\bsw\Dcm\integration\DcmAppl_DcmGetRxPermission.c

Compiling BasicSoftware\integration\src\bsw\Dcm\integration\DcmAppl_DcmGetSesChgPermission.c

Compiling BasicSoftware\integration\src\bsw\Dcm\integration\DcmAppl_DcmGetStoreType.c

Compiling BasicSoftware\integration\src\bsw\Dcm\integration\DcmAppl_DcmGetUpdatedDelayForPowerOn.c

Compiling BasicSoftware\integration\src\bsw\Dcm\integration\DcmAppl_DcmGetUpdatedDelayTime.c

Compiling BasicSoftware\integration\src\bsw\Dcm\integration\DcmAppl_DcmIndicationFuncTpr.c

Compiling BasicSoftware\integration\src\bsw\Dcm\integration\DcmAppl_DcmIsComModeDefault.c

Compiling BasicSoftware\integration\src\bsw\Dcm\integration\DcmAppl_DcmMemSizeCheckForTransferData.c

Compiling BasicSoftware\integration\src\bsw\Dcm\integration\DcmAppl_DcmModifyResponse.c

Compiling BasicSoftware\integration\src\bsw\Dcm\integration\DcmAppl_DcmNotification.c

Compiling BasicSoftware\integration\src\bsw\Dcm\integration\DcmAppl_DcmReadDataNRC.c

Compiling BasicSoftware\integration\src\bsw\Dcm\integration\DcmAppl_DcmReadDddiFromNvM.c

Compiling BasicSoftware\integration\src\bsw\Dcm\integration\DcmAppl_DcmRespWarmInit.c

Compiling BasicSoftware\integration\src\bsw\Dcm\integration\DcmAppl_DcmRxIndication.c

Compiling BasicSoftware\integration\src\bsw\Dcm\integration\DcmAppl_DcmSecaInvalidKey.c

Compiling BasicSoftware\integration\src\bsw\Dcm\integration\DcmAppl_DcmSecaValidKey.c

Compiling BasicSoftware\integration\src\bsw\Dcm\integration\DcmAppl_DcmSecurityLevelLocked.c

Compiling BasicSoftware\integration\src\bsw\Dcm\integration\DcmAppl_DcmSesCtrlChangeIndication.c

Compiling BasicSoftware\integration\src\bsw\Dcm\integration\DcmAppl_DcmSetUpRoeEvent.c

Compiling BasicSoftware\integration\src\bsw\Dcm\integration\DcmAppl_DcmStartOfReception.c

Compiling BasicSoftware\integration\src\bsw\Dcm\integration\DcmAppl_DcmStartProtocol.c

Compiling BasicSoftware\integration\src\bsw\Dcm\integration\DcmAppl_DcmStopProtocol.c

Compiling BasicSoftware\integration\src\bsw\Dcm\integration\DcmAppl_DcmStoreRespForJump.c

Compiling BasicSoftware\integration\src\bsw\Dcm\integration\DcmAppl_DcmStoreROEcycleCounter.c

Compiling BasicSoftware\integration\src\bsw\Dcm\integration\DcmAppl_DcmStoreRoeDidInfo.c

Compiling BasicSoftware\integration\src\bsw\Dcm\integration\DcmAppl_DcmStoreRoeDTCInfo.c

Compiling BasicSoftware\integration\src\bsw\Dcm\integration\DcmAppl_DcmSwitchCommunicationControl.c

Compiling BasicSoftware\integration\src\bsw\Dcm\integration\DcmAppl_DcmTransferDataCheckPermission.c

Compiling BasicSoftware\integration\src\bsw\Dcm\integration\DcmAppl_DcmUpdateRxTable.c

Compiling BasicSoftware\integration\src\bsw\Dcm\integration\DcmAppl_DcmWriteOrClearDddiInNvM.c

Compiling BasicSoftware\integration\src\bsw\Dcm\integration\DcmAppl_Dcm_GetProgConditions.c

Compiling BasicSoftware\integration\src\bsw\Dcm\integration\DcmAppl_Dcm_ProcessRequestDownload.c

Compiling BasicSoftware\integration\src\bsw\Dcm\integration\DcmAppl_Dcm_ProcessRequestTransferExit.c

Compiling BasicSoftware\integration\src\bsw\Dcm\integration\DcmAppl_Dcm_ProcessRequestUpload.c

Compiling BasicSoftware\integration\src\bsw\Dcm\integration\DcmAppl_Dcm_ReadMemory.c

Compiling BasicSoftware\integration\src\bsw\Dcm\integration\DcmAppl_Dcm_SetProgConditions.c

Compiling BasicSoftware\integration\src\bsw\Dcm\integration\DcmAppl_Dcm_WriteMemory.c

Compiling BasicSoftware\integration\src\bsw\Dcm\integration\DcmAppl_DDDI_Read_Memory_Condition.c

Compiling BasicSoftware\integration\src\bsw\Dcm\integration\DcmAppl_DisableDTCSetting.c

Compiling BasicSoftware\integration\src\bsw\Dcm\integration\DcmAppl_EnableDTCSetting.c

Compiling BasicSoftware\integration\src\bsw\Dcm\integration\DcmAppl_ManufacturerNotification.c

Compiling BasicSoftware\integration\src\bsw\Dcm\integration\DcmAppl_OBD_Mode04.c

Compiling BasicSoftware\integration\src\bsw\Dcm\integration\DcmAppl_P3TimeoutIndication.c

Compiling BasicSoftware\integration\src\bsw\Dcm\integration\DcmAppl_Switch_DcmBootLoaderReset.c

Compiling BasicSoftware\integration\src\bsw\Dcm\integration\DcmAppl_Switch_DcmDiagnosticSessionControl.c

Compiling BasicSoftware\integration\src\bsw\Dcm\integration\DcmAppl_Switch_DcmDriveToDriveReset.c

Compiling BasicSoftware\integration\src\bsw\Dcm\integration\DcmAppl_Switch_DcmEcuReset.c

Compiling BasicSoftware\integration\src\bsw\Dcm\integration\DcmAppl_Switch_DcmExecuteDscReset.c

Compiling BasicSoftware\integration\src\bsw\Dcm\integration\DcmAppl_Switch_DcmExecuteEcuReset.c

Compiling BasicSoftware\integration\src\bsw\Dcm\integration\DcmAppl_Switch_DcmExecuteReset.c

Compiling BasicSoftware\integration\src\bsw\Dcm\integration\DcmAppl_Switch_DcmResponseOnEvent.c

Compiling BasicSoftware\integration\src\bsw\Dcm\integration\DcmAppl_Switch_DcmSysSupplierReset.c

Compiling BasicSoftware\integration\src\bsw\Dcm\integration\DcmAppl_UserCommCtrlReEnableModeRuleService.c

Compiling BasicSoftware\integration\src\bsw\Dcm\integration\DcmAppl_UserDIDModeRuleService.c

Compiling BasicSoftware\integration\src\bsw\Dcm\integration\DcmAppl_UserDTCSettingEnableModeRuleService.c

Compiling BasicSoftware\integration\src\bsw\Dcm\integration\DcmAppl_UserMemoryRangeModeRuleService.c

Compiling BasicSoftware\integration\src\bsw\Dcm\integration\DcmAppl_UserRIDModeRuleService.c

Compiling BasicSoftware\integration\src\bsw\Dcm\integration\DcmAppl_UserServiceModeRuleService.c

Compiling BasicSoftware\integration\src\bsw\Dcm\integration\DcmAppl_UserSubServiceModeRuleService.c

Compiling BasicSoftware\integration\src\bsw\Dem\integration\Dem_KL15Persistence.c

Compiling BasicSoftware\integration\src\bsw\Dem\integration\Dem_PrjChronoSorting.c

Compiling BasicSoftware\integration\src\bsw\Dem\integration\Dem_PrjDisturbanceMemory.c

Compiling BasicSoftware\integration\src\bsw\Dem\integration\Dem_PrjEnvDataElement.c

Compiling BasicSoftware\integration\src\bsw\Dem\integration\Dem_PrjEraseAllNvMDataHandling.c

Compiling BasicSoftware\integration\src\bsw\Dem\integration\Dem_PrjEvmemProjectExtension.c

Compiling BasicSoftware\integration\src\bsw\Dem\integration\Dem_PrjSpecificConsistencyCheck.c

Compiling BasicSoftware\integration\src\bsw\Dem\integration\Dem_PrjSpecificDebOptimization.c

Compiling BasicSoftware\integration\src\bsw\Dem\integration\Dem_PrjSpecificFailureMemory.c

Compiling BasicSoftware\integration\src\bsw\Dem\integration\Dem_PrjSpecificIndiHandling.c

Compiling BasicSoftware\integration\src\bsw\Det\user\Det_Integration.c

Compiling BasicSoftware\integration\src\bsw\EcuM\integration\EcuM_Callout_Stubs.c

Compiling BasicSoftware\integration\src\bsw\EcuM\user\EcuM_integration.c

Compiling BasicSoftware\integration\src\bsw\integration\rba_BswSrv\src\rba_BswSrv_MemCompare.c

Compiling BasicSoftware\integration\src\bsw\integration\rba_BswSrv\src\rba_BswSrv_MemCopy.c

Compiling BasicSoftware\integration\src\bsw\integration\rba_BswSrv\src\rba_BswSrv_MemSet.c

Compiling BasicSoftware\integration\src\bsw\NvM\user\FBL_DataMPrvCfg.c

Compiling BasicSoftware\integration\src\bsw\NvM\user\NvM_Integration.c

Compiling BasicSoftware\integration\src\bsw\PduR\integration\PduRAppl.c

Compiling BasicSoftware\integration\src\bsw\Rba_FeeFs1\integration\rba_FeeFs1_SyncRead.c

Compiling BasicSoftware\integration\src\bsw\WdgM\integration\WdgM_Bsw_User.c

Compiling BasicSoftware\integration\src\bsw\Xcp\integration\Xcp_Appl_EnterDaqList.c


Compiling BasicSoftware\integration\src\bsw\Xcp\integration\Xcp_Appl_Init.c
Compiling BasicSoftware\integration\src\bsw\Xcp\integration\Xcp_Appl_NewSwFlashed.c

Compiling BasicSoftware\integration\src\bsw\Xcp\integration\Xcp_Appl_StoreCalReq.c

Compiling BasicSoftware\integration\src\bsw\Xcp\integration\Xcp_Appl_TriggerSchedule.c

Compiling BasicSoftware\integration\src\bsw\Xcp\integration\Xcp_BuildChecksum.c

Compiling BasicSoftware\integration\src\bsw\Xcp\integration\Xcp_CalPage.c

Compiling BasicSoftware\integration\src\bsw\Xcp\integration\Xcp_CmdReceived.c

Compiling BasicSoftware\integration\src\bsw\Xcp\integration\Xcp_ConnectTransportLayer.c

Compiling BasicSoftware\integration\src\bsw\Xcp\integration\Xcp_GetId.c

Compiling BasicSoftware\integration\src\bsw\Xcp\integration\Xcp_MemoryAccessProtection.c

Compiling BasicSoftware\integration\src\bsw\Xcp\integration\Xcp_MemoryReadWrite.c

Compiling BasicSoftware\integration\src\bsw\Xcp\integration\Xcp_OdtEntryReadWrite.c

Compiling BasicSoftware\integration\src\bsw\Xcp\integration\Xcp_SeedAndKey.c

Compiling BasicSoftware\integration\src\bsw\Xcp\integration\Xcp_StaticAddressTransformation.c

Compiling BasicSoftware\integration\src\bsw\Xcp\integration\Xcp_Timestamp.c

Compiling BasicSoftware\integration\src\bsw\Xcp\integration\Xcp_UserCmd.c

Compiling BasicSoftware\integration\src\bsw\Xcp\user\Xcp_Integration.c

Compiling BasicSoftware\integration\src\ecu\LogisticData\src\LogisticData.c

Compiling BasicSoftware\integration\src\ecu\StartupShutdown\src\Ecu.c

Compiling BasicSoftware\integration\src\os\src\Isr_SystemCounter.c

Compiling BasicSoftware\integration\src\os\src\Os_Cbk.c

Compiling BasicSoftware\integration\src\os\src\Os_Hook.c

Compiling BasicSoftware\integration\src\os\src\Task_Integration.c

Compiling BasicSoftware\integration\src\os\src\Task_Startup.c

Compiling BasicSoftware\integration\src\os\src\VectorTableCore0.c

Compiling BasicSoftware\integration\src\target\src\alps_timer.c

Compiling BasicSoftware\integration\src\target\src\arc_cache.c

Compiling BasicSoftware\integration\src\target\src\arc_exception.c

Compiling BasicSoftware\integration\src\target\src\arc_timer.c

Compiling BasicSoftware\integration\src\target\src\main.c

Compiling BasicSoftware\integration\src\target\src\Target.c

Assembling BasicSoftware\integration\src\target\src\arc_exc_asm.S

Assembling BasicSoftware\integration\src\target\src\arc_startup.S

Compiling BasicSoftware\integration\src\rte\Rte_UserCfg.c

Compiling BasicSoftware\integration\mcal\src\gen\src\Can_PBCfg.c

Compiling BasicSoftware\integration\mcal\src\gen\src\CDD_BaseBand_PBCfg.c

Compiling BasicSoftware\integration\mcal\src\gen\src\CDD_Fusa_PBCfg.c

Compiling BasicSoftware\integration\mcal\src\gen\src\CDD_I2c_PBCfg.c

Compiling BasicSoftware\integration\mcal\src\gen\src\CDD_Radio_PBCfg.c

Compiling BasicSoftware\integration\mcal\src\gen\src\CDD_Uart_PBCfg.c
BasicSoftware\integration\mcal\src\gen\src\Can_PBCfg.c:223:3: error: expected '}'
  {        
  ^
BasicSoftware\integration\mcal\src\gen\src\Can_PBCfg.c:119:58: note: to match this '{'
static const CanHwFilterType CanHardwareFilterconfig[] = {
                                                         ^
1 error generated.

===================
None
===================
scons: *** [output\objs\basicSoftware\integration\mcal\src\gen\Can_PBCfg.o] Error 1







scons: building terminated because of errors.
