Conf-Gen PreProcessor executing...
Detected Ecu Extract preference customization file in the project: E:\ETAS\ETAS_Test\ETAS_BIP_PT_CANID_Test\BasicSoftware\EcuExtract_CLI_Input.txt
Ecu Extract completed successfully

Conf-Gen PreProcessor executed.
Conf-Gen executing...
********************************************************************************
Conf-Gen Execution Started
********************************************************************************
Tool Version : ISOLAR-B 
Tool Build Id :20220317_1800
Date : Thu May 18 14:58:02 CST 2023
Project : ETAS_BIP_PT_ARC
********************************************************************************
Executing Start Script: RTA-BSW
********************************************************************************
Executing 'Conf-Gen Enhancer' for project 'ETAS_BIP_PT_ARC'
********************************************************************************
Executing MappingStructure: Can
---------------------------------------------------------------------------------------------------------------------------------------------------------------
OrderId "Can_1" - Can [Can] is executing
No mappings defined for order: Can_1 [Can]
---------------------------------------------------------------------------------------------------------------------------------------------------------------
OrderId "Can_2" - CanGeneral [CanGeneral] is executing
Mapping "Mapping_Can_1" - For parameter CanDevErrorDetection the value is set to "true"
Executing MappingStructure: CanIf
---------------------------------------------------------------------------------------------------------------------------------------------------------------
OrderId "CanIf_1" - CanIf [CanIf] is executing
No mappings defined for order: CanIf_1 [CanIf]
---------------------------------------------------------------------------------------------------------------------------------------------------------------
OrderId "CanIf_2" - CanIfPublicCfg [CanIfPublicCfg] is executing
Mapping "Mapping_CanIf_1" - For parameter CanIfPublicDevErrorDetect the value is set to "true"
Mapping "Mapping_CanIf_2" - For parameter CanIfMetaDataSupport the value is set to "true"
Mapping "Mapping_CanIf_3" - For parameter CanIfReadMsgIdApi the value is set to "true"
Executing MappingStructure: CanIf_Ifx
---------------------------------------------------------------------------------------------------------------------------------------------------------------
OrderId "CanIf_Ifx_1" - CanIf [CanIf] is executing
No mappings defined for order: CanIf_Ifx_1 [CanIf]
---------------------------------------------------------------------------------------------------------------------------------------------------------------
OrderId "CanIf_Ifx_2" - CanIfCtrlDrvCfg [CanIfCtrlDrvCfg] is executing
Mapping "Mapping_CanIf_Ifx_1" - For parameter CanIfRbCtrlDrvPrefix the value is set to "CanConf"
Executing MappingStructure: CanNm
---------------------------------------------------------------------------------------------------------------------------------------------------------------
OrderId "CanNm_1" - CanNm [CanNm] is executing
No mappings defined for order: CanNm_1 [CanNm]
---------------------------------------------------------------------------------------------------------------------------------------------------------------
OrderId "CanNm_2" - CanNmGlobalConfig [CanNmGlobalConfig] is executing
Mapping "Mapping_CanNm_1" - For parameter CanNmDevErrorDetect the value is set to "true"
---------------------------------------------------------------------------------------------------------------------------------------------------------------
OrderId "CanNm_3" - CanNmCC_CanNmCluster_ETAS_CAN_1 [CanNmChannelConfig] is executing
Mapping "Mapping_CanNm_2" - For parameter CanNmActiveWakeupBitEnabled the value is set to "true"
Executing MappingStructure: CanSm
---------------------------------------------------------------------------------------------------------------------------------------------------------------
OrderId "CanSm_1" - CanSM [CanSM] is executing
No mappings defined for order: CanSm_1 [CanSM]
---------------------------------------------------------------------------------------------------------------------------------------------------------------
OrderId "CanSm_2" - CanSMGeneral [CanSMGeneral] is executing
Mapping "Mapping_CanSm_1" - For parameter CanSMDevErrorDetect the value is set to "true"
---------------------------------------------------------------------------------------------------------------------------------------------------------------
OrderId "CanSm_3" - CanSMConfiguration [CanSMConfiguration] is executing
No mappings defined for order: CanSm_3 [CanSMConfiguration]
---------------------------------------------------------------------------------------------------------------------------------------------------------------
OrderId "CanSm_4" - ETAS_CAN [CanSMManagerNetwork] is executing
No mappings defined for order: CanSm_4 [CanSMManagerNetwork]
---------------------------------------------------------------------------------------------------------------------------------------------------------------
OrderId "CanSm_5" - CanSMDemEventParameterRefs [CanSMDemEventParameterRefs] is executing
Mapping "Mapping_CanSm_2" - For parameter CanSMRbDynCreate_CANSM_E_BUS_OFF the value is set to "Disabled"
Executing MappingStructure: CanTp
---------------------------------------------------------------------------------------------------------------------------------------------------------------
OrderId "CanTp_1" - CanTp [CanTp] is executing
No mappings defined for order: CanTp_1 [CanTp]
---------------------------------------------------------------------------------------------------------------------------------------------------------------
OrderId "CanTp_2" - CanTpGeneral [CanTpGeneral] is executing
Mapping "Mapping_CanTp_1" - For parameter CanTpDevErrorDetect the value is set to "true"
Executing MappingStructure: Com
---------------------------------------------------------------------------------------------------------------------------------------------------------------
OrderId "Com_1" - Com [Com] is executing
No mappings defined for order: Com_1 [Com]
---------------------------------------------------------------------------------------------------------------------------------------------------------------
OrderId "Com_2" - ComConfig [ComConfig] is executing
No mappings defined for order: Com_2 [ComConfig]
---------------------------------------------------------------------------------------------------------------------------------------------------------------
OrderId "Com_3" - S_ETAS06_Sig41_ComRx_0x456_Can_Network_ETAS_Channel_CAN_Rx [ComSignal] is executing
Mapping 'Mapping_Com_1' - The condition 'ref($this.ComUpdateBitPosition)<-1' evaluated to false
Mapping 'Mapping_Com_2' - The condition 'ref($this.ShortName).contains('NM_Tx')' evaluated to false
---------------------------------------------------------------------------------------------------------------------------------------------------------------
OrderId "Com_3" - S_ETAS06_Sig40_ComRx_0x456_Can_Network_ETAS_Channel_CAN_Rx [ComSignal] is executing
Mapping 'Mapping_Com_1' - The condition 'ref($this.ComUpdateBitPosition)<-1' evaluated to false
Mapping 'Mapping_Com_2' - The condition 'ref($this.ShortName).contains('NM_Tx')' evaluated to false
---------------------------------------------------------------------------------------------------------------------------------------------------------------
OrderId "Com_3" - S_ETAS06_Sig39_ComRx_0x456_Can_Network_ETAS_Channel_CAN_Rx [ComSignal] is executing
Mapping 'Mapping_Com_1' - The condition 'ref($this.ComUpdateBitPosition)<-1' evaluated to false
Mapping 'Mapping_Com_2' - The condition 'ref($this.ShortName).contains('NM_Tx')' evaluated to false
---------------------------------------------------------------------------------------------------------------------------------------------------------------
OrderId "Com_3" - S_ETAS06_Sig38_ComRx_0x456_Can_Network_ETAS_Channel_CAN_Rx [ComSignal] is executing
Mapping 'Mapping_Com_1' - The condition 'ref($this.ComUpdateBitPosition)<-1' evaluated to false
Mapping 'Mapping_Com_2' - The condition 'ref($this.ShortName).contains('NM_Tx')' evaluated to false
---------------------------------------------------------------------------------------------------------------------------------------------------------------
OrderId "Com_3" - S_ETAS06_Sig37_ComRx_0x456_Can_Network_ETAS_Channel_CAN_Rx [ComSignal] is executing
Mapping 'Mapping_Com_1' - The condition 'ref($this.ComUpdateBitPosition)<-1' evaluated to false
Mapping 'Mapping_Com_2' - The condition 'ref($this.ShortName).contains('NM_Tx')' evaluated to false
---------------------------------------------------------------------------------------------------------------------------------------------------------------
OrderId "Com_3" - S_ETAS06_Sig36_ComRx_0x456_Can_Network_ETAS_Channel_CAN_Rx [ComSignal] is executing
Mapping 'Mapping_Com_1' - The condition 'ref($this.ComUpdateBitPosition)<-1' evaluated to false
Mapping 'Mapping_Com_2' - The condition 'ref($this.ShortName).contains('NM_Tx')' evaluated to false
---------------------------------------------------------------------------------------------------------------------------------------------------------------
OrderId "Com_3" - S_ETAS06_Sig35_ComRx_0x456_Can_Network_ETAS_Channel_CAN_Rx [ComSignal] is executing
Mapping 'Mapping_Com_1' - The condition 'ref($this.ComUpdateBitPosition)<-1' evaluated to false
Mapping 'Mapping_Com_2' - The condition 'ref($this.ShortName).contains('NM_Tx')' evaluated to false
---------------------------------------------------------------------------------------------------------------------------------------------------------------
OrderId "Com_3" - S_ETAS06_Sig34_ComRx_0x456_Can_Network_ETAS_Channel_CAN_Rx [ComSignal] is executing
Mapping 'Mapping_Com_1' - The condition 'ref($this.ComUpdateBitPosition)<-1' evaluated to false
Mapping 'Mapping_Com_2' - The condition 'ref($this.ShortName).contains('NM_Tx')' evaluated to false
---------------------------------------------------------------------------------------------------------------------------------------------------------------
OrderId "Com_3" - S_ETAS05_Sig33_ComTx_0x123_Can_Network_ETAS_Channel_CAN_Tx [ComSignal] is executing
Mapping 'Mapping_Com_1' - The condition 'ref($this.ComUpdateBitPosition)<-1' evaluated to false
Mapping 'Mapping_Com_2' - The condition 'ref($this.ShortName).contains('NM_Tx')' evaluated to false
---------------------------------------------------------------------------------------------------------------------------------------------------------------
OrderId "Com_3" - S_ETAS05_Sig32_ComTx_0x123_Can_Network_ETAS_Channel_CAN_Tx [ComSignal] is executing
Mapping 'Mapping_Com_1' - The condition 'ref($this.ComUpdateBitPosition)<-1' evaluated to false
Mapping 'Mapping_Com_2' - The condition 'ref($this.ShortName).contains('NM_Tx')' evaluated to false
---------------------------------------------------------------------------------------------------------------------------------------------------------------
OrderId "Com_3" - S_ETAS05_Sig31_ComTx_0x123_Can_Network_ETAS_Channel_CAN_Tx [ComSignal] is executing
Mapping 'Mapping_Com_1' - The condition 'ref($this.ComUpdateBitPosition)<-1' evaluated to false
Mapping 'Mapping_Com_2' - The condition 'ref($this.ShortName).contains('NM_Tx')' evaluated to false
---------------------------------------------------------------------------------------------------------------------------------------------------------------
OrderId "Com_3" - S_ETAS05_Sig30_ComTx_0x123_Can_Network_ETAS_Channel_CAN_Tx [ComSignal] is executing
Mapping 'Mapping_Com_1' - The condition 'ref($this.ComUpdateBitPosition)<-1' evaluated to false
Mapping 'Mapping_Com_2' - The condition 'ref($this.ShortName).contains('NM_Tx')' evaluated to false
---------------------------------------------------------------------------------------------------------------------------------------------------------------
OrderId "Com_3" - S_ETAS05_Sig29_ComTx_0x123_Can_Network_ETAS_Channel_CAN_Tx [ComSignal] is executing
Mapping 'Mapping_Com_1' - The condition 'ref($this.ComUpdateBitPosition)<-1' evaluated to false
Mapping 'Mapping_Com_2' - The condition 'ref($this.ShortName).contains('NM_Tx')' evaluated to false
---------------------------------------------------------------------------------------------------------------------------------------------------------------
OrderId "Com_3" - S_ETAS05_Sig28_ComTx_0x123_Can_Network_ETAS_Channel_CAN_Tx [ComSignal] is executing
Mapping 'Mapping_Com_1' - The condition 'ref($this.ComUpdateBitPosition)<-1' evaluated to false
Mapping 'Mapping_Com_2' - The condition 'ref($this.ShortName).contains('NM_Tx')' evaluated to false
---------------------------------------------------------------------------------------------------------------------------------------------------------------
OrderId "Com_3" - S_ETAS05_Sig27_ComTx_0x123_Can_Network_ETAS_Channel_CAN_Tx [ComSignal] is executing
Mapping 'Mapping_Com_1' - The condition 'ref($this.ComUpdateBitPosition)<-1' evaluated to false
Mapping 'Mapping_Com_2' - The condition 'ref($this.ShortName).contains('NM_Tx')' evaluated to false
---------------------------------------------------------------------------------------------------------------------------------------------------------------
OrderId "Com_3" - S_ETAS05_Sig26_ComTx_0x123_Can_Network_ETAS_Channel_CAN_Tx [ComSignal] is executing
Mapping 'Mapping_Com_1' - The condition 'ref($this.ComUpdateBitPosition)<-1' evaluated to false
Mapping 'Mapping_Com_2' - The condition 'ref($this.ShortName).contains('NM_Tx')' evaluated to false
---------------------------------------------------------------------------------------------------------------------------------------------------------------
OrderId "Com_3" - S_ETAS04_Sig21_ComTx_0x98_Can_Network_ETAS_Channel_CAN_Tx [ComSignal] is executing
Mapping 'Mapping_Com_1' - The condition 'ref($this.ComUpdateBitPosition)<-1' evaluated to false
Mapping 'Mapping_Com_2' - The condition 'ref($this.ShortName).contains('NM_Tx')' evaluated to false
---------------------------------------------------------------------------------------------------------------------------------------------------------------
OrderId "Com_3" - S_ETAS04_Sig24_ComTx_0x98_Can_Network_ETAS_Channel_CAN_Tx [ComSignal] is executing
Mapping 'Mapping_Com_1' - The condition 'ref($this.ComUpdateBitPosition)<-1' evaluated to false
Mapping 'Mapping_Com_2' - The condition 'ref($this.ShortName).contains('NM_Tx')' evaluated to false
---------------------------------------------------------------------------------------------------------------------------------------------------------------
OrderId "Com_3" - S_ETAS04_Sig25_ComTx_0x98_Can_Network_ETAS_Channel_CAN_Tx [ComSignal] is executing
Mapping 'Mapping_Com_1' - The condition 'ref($this.ComUpdateBitPosition)<-1' evaluated to false
Mapping 'Mapping_Com_2' - The condition 'ref($this.ShortName).contains('NM_Tx')' evaluated to false
---------------------------------------------------------------------------------------------------------------------------------------------------------------
OrderId "Com_3" - S_ETAS04_Sig20_ComTx_0x98_Can_Network_ETAS_Channel_CAN_Tx [ComSignal] is executing
Mapping 'Mapping_Com_1' - The condition 'ref($this.ComUpdateBitPosition)<-1' evaluated to false
Mapping 'Mapping_Com_2' - The condition 'ref($this.ShortName).contains('NM_Tx')' evaluated to false
---------------------------------------------------------------------------------------------------------------------------------------------------------------
OrderId "Com_3" - S_ETAS04_Sig23_ComTx_0x98_Can_Network_ETAS_Channel_CAN_Tx [ComSignal] is executing
Mapping 'Mapping_Com_1' - The condition 'ref($this.ComUpdateBitPosition)<-1' evaluated to false
Mapping 'Mapping_Com_2' - The condition 'ref($this.ShortName).contains('NM_Tx')' evaluated to false
---------------------------------------------------------------------------------------------------------------------------------------------------------------
OrderId "Com_3" - S_ETAS04_Sig22_ComTx_0x98_Can_Network_ETAS_Channel_CAN_Tx [ComSignal] is executing
Mapping 'Mapping_Com_1' - The condition 'ref($this.ComUpdateBitPosition)<-1' evaluated to false
Mapping 'Mapping_Com_2' - The condition 'ref($this.ShortName).contains('NM_Tx')' evaluated to false
---------------------------------------------------------------------------------------------------------------------------------------------------------------
OrderId "Com_3" - S_ETAS03_Sig18_ComTx_0x55_Can_Network_ETAS_Channel_CAN_Tx [ComSignal] is executing
Mapping 'Mapping_Com_1' - The condition 'ref($this.ComUpdateBitPosition)<-1' evaluated to false
Mapping 'Mapping_Com_2' - The condition 'ref($this.ShortName).contains('NM_Tx')' evaluated to false
---------------------------------------------------------------------------------------------------------------------------------------------------------------
OrderId "Com_3" - S_ETAS03_Sig16_ComTx_0x55_Can_Network_ETAS_Channel_CAN_Tx [ComSignal] is executing
Mapping 'Mapping_Com_1' - The condition 'ref($this.ComUpdateBitPosition)<-1' evaluated to false
Mapping 'Mapping_Com_2' - The condition 'ref($this.ShortName).contains('NM_Tx')' evaluated to false
---------------------------------------------------------------------------------------------------------------------------------------------------------------
OrderId "Com_3" - S_ETAS03_Sig14_ComTx_0x55_Can_Network_ETAS_Channel_CAN_Tx [ComSignal] is executing
Mapping 'Mapping_Com_1' - The condition 'ref($this.ComUpdateBitPosition)<-1' evaluated to false
Mapping 'Mapping_Com_2' - The condition 'ref($this.ShortName).contains('NM_Tx')' evaluated to false
---------------------------------------------------------------------------------------------------------------------------------------------------------------
OrderId "Com_3" - S_ETAS03_Sig19_ComTx_0x55_Can_Network_ETAS_Channel_CAN_Tx [ComSignal] is executing
Mapping 'Mapping_Com_1' - The condition 'ref($this.ComUpdateBitPosition)<-1' evaluated to false
Mapping 'Mapping_Com_2' - The condition 'ref($this.ShortName).contains('NM_Tx')' evaluated to false
---------------------------------------------------------------------------------------------------------------------------------------------------------------
OrderId "Com_3" - S_ETAS03_Sig12_ComTx_0x55_Can_Network_ETAS_Channel_CAN_Tx [ComSignal] is executing
Mapping 'Mapping_Com_1' - The condition 'ref($this.ComUpdateBitPosition)<-1' evaluated to false
Mapping 'Mapping_Com_2' - The condition 'ref($this.ShortName).contains('NM_Tx')' evaluated to false
---------------------------------------------------------------------------------------------------------------------------------------------------------------
OrderId "Com_3" - S_ETAS03_Sig17_ComTx_0x55_Can_Network_ETAS_Channel_CAN_Tx [ComSignal] is executing
Mapping 'Mapping_Com_1' - The condition 'ref($this.ComUpdateBitPosition)<-1' evaluated to false
Mapping 'Mapping_Com_2' - The condition 'ref($this.ShortName).contains('NM_Tx')' evaluated to false
---------------------------------------------------------------------------------------------------------------------------------------------------------------
OrderId "Com_3" - S_ETAS03_Sig11_ComTx_0x55_Can_Network_ETAS_Channel_CAN_Tx [ComSignal] is executing
Mapping 'Mapping_Com_1' - The condition 'ref($this.ComUpdateBitPosition)<-1' evaluated to false
Mapping 'Mapping_Com_2' - The condition 'ref($this.ShortName).contains('NM_Tx')' evaluated to false
---------------------------------------------------------------------------------------------------------------------------------------------------------------
OrderId "Com_3" - S_ETAS03_Sig13_ComTx_0x55_Can_Network_ETAS_Channel_CAN_Tx [ComSignal] is executing
Mapping 'Mapping_Com_1' - The condition 'ref($this.ComUpdateBitPosition)<-1' evaluated to false
Mapping 'Mapping_Com_2' - The condition 'ref($this.ShortName).contains('NM_Tx')' evaluated to false
---------------------------------------------------------------------------------------------------------------------------------------------------------------
OrderId "Com_3" - S_ETAS03_Sig15_ComTx_0x55_Can_Network_ETAS_Channel_CAN_Tx [ComSignal] is executing
Mapping 'Mapping_Com_1' - The condition 'ref($this.ComUpdateBitPosition)<-1' evaluated to false
Mapping 'Mapping_Com_2' - The condition 'ref($this.ShortName).contains('NM_Tx')' evaluated to false
---------------------------------------------------------------------------------------------------------------------------------------------------------------
OrderId "Com_3" - S_ETAS03_Sig10_ComTx_0x55_Can_Network_ETAS_Channel_CAN_Tx [ComSignal] is executing
Mapping 'Mapping_Com_1' - The condition 'ref($this.ComUpdateBitPosition)<-1' evaluated to false
Mapping 'Mapping_Com_2' - The condition 'ref($this.ShortName).contains('NM_Tx')' evaluated to false
---------------------------------------------------------------------------------------------------------------------------------------------------------------
OrderId "Com_3" - S_ETAS02_Sig09_ComRx_0x261_Can_Network_ETAS_Channel_CAN_Rx [ComSignal] is executing
Mapping 'Mapping_Com_1' - The condition 'ref($this.ComUpdateBitPosition)<-1' evaluated to false
Mapping 'Mapping_Com_2' - The condition 'ref($this.ShortName).contains('NM_Tx')' evaluated to false
---------------------------------------------------------------------------------------------------------------------------------------------------------------
OrderId "Com_3" - S_ETAS01_Sig04_ComRx_0x81_Can_Network_ETAS_Channel_CAN_Rx [ComSignal] is executing
Mapping 'Mapping_Com_1' - The condition 'ref($this.ComUpdateBitPosition)<-1' evaluated to false
Mapping 'Mapping_Com_2' - The condition 'ref($this.ShortName).contains('NM_Tx')' evaluated to false
---------------------------------------------------------------------------------------------------------------------------------------------------------------
OrderId "Com_3" - S_ETAS01_Sig02_ComRx_0x81_Can_Network_ETAS_Channel_CAN_Rx [ComSignal] is executing
Mapping 'Mapping_Com_1' - The condition 'ref($this.ComUpdateBitPosition)<-1' evaluated to false
Mapping 'Mapping_Com_2' - The condition 'ref($this.ShortName).contains('NM_Tx')' evaluated to false
---------------------------------------------------------------------------------------------------------------------------------------------------------------
OrderId "Com_3" - S_ETAS01_Sig03_ComRx_0x81_Can_Network_ETAS_Channel_CAN_Rx [ComSignal] is executing
Mapping 'Mapping_Com_1' - The condition 'ref($this.ComUpdateBitPosition)<-1' evaluated to false
Mapping 'Mapping_Com_2' - The condition 'ref($this.ShortName).contains('NM_Tx')' evaluated to false
---------------------------------------------------------------------------------------------------------------------------------------------------------------
OrderId "Com_3" - S_ETAS01_Sig01_ComRx_0x81_Can_Network_ETAS_Channel_CAN_Rx [ComSignal] is executing
Mapping 'Mapping_Com_1' - The condition 'ref($this.ComUpdateBitPosition)<-1' evaluated to false
Mapping 'Mapping_Com_2' - The condition 'ref($this.ShortName).contains('NM_Tx')' evaluated to false
---------------------------------------------------------------------------------------------------------------------------------------------------------------
OrderId "Com_3" - S_ETAS01_Sig06_ComRx_0x81_Can_Network_ETAS_Channel_CAN_Rx [ComSignal] is executing
Mapping 'Mapping_Com_1' - The condition 'ref($this.ComUpdateBitPosition)<-1' evaluated to false
Mapping 'Mapping_Com_2' - The condition 'ref($this.ShortName).contains('NM_Tx')' evaluated to false
---------------------------------------------------------------------------------------------------------------------------------------------------------------
OrderId "Com_3" - S_ETAS01_Sig05_ComRx_0x81_Can_Network_ETAS_Channel_CAN_Rx [ComSignal] is executing
Mapping 'Mapping_Com_1' - The condition 'ref($this.ComUpdateBitPosition)<-1' evaluated to false
Mapping 'Mapping_Com_2' - The condition 'ref($this.ShortName).contains('NM_Tx')' evaluated to false
---------------------------------------------------------------------------------------------------------------------------------------------------------------
OrderId "Com_3" - S_ETAS01_Sig07_ComRx_0x81_Can_Network_ETAS_Channel_CAN_Rx [ComSignal] is executing
Mapping 'Mapping_Com_1' - The condition 'ref($this.ComUpdateBitPosition)<-1' evaluated to false
Mapping 'Mapping_Com_2' - The condition 'ref($this.ShortName).contains('NM_Tx')' evaluated to false
---------------------------------------------------------------------------------------------------------------------------------------------------------------
OrderId "Com_3" - S_ETAS01_Sig00_ComRx_0x81_Can_Network_ETAS_Channel_CAN_Rx [ComSignal] is executing
Mapping 'Mapping_Com_1' - The condition 'ref($this.ComUpdateBitPosition)<-1' evaluated to false
Mapping 'Mapping_Com_2' - The condition 'ref($this.ShortName).contains('NM_Tx')' evaluated to false
---------------------------------------------------------------------------------------------------------------------------------------------------------------
OrderId "Com_3" - S_ETAS01_Sig08_ComRx_0x81_Can_Network_ETAS_Channel_CAN_Rx [ComSignal] is executing
Mapping 'Mapping_Com_1' - The condition 'ref($this.ComUpdateBitPosition)<-1' evaluated to false
Mapping 'Mapping_Com_2' - The condition 'ref($this.ShortName).contains('NM_Tx')' evaluated to false
---------------------------------------------------------------------------------------------------------------------------------------------------------------
OrderId "Com_3" - S_NM_Tx_Sig_NM_Tx_0x600_Can_Network_ETAS_Channel_CAN_Tx [ComSignal] is executing
Mapping "Mapping_Com_1" - For parameter ComUpdateBitPosition the value is set to "-1"
Mapping "Mapping_Com_2" - For parameter ComBitPosition the expression is resolved to the value "23" and new value has been generated
Executing MappingStructure: ComM
---------------------------------------------------------------------------------------------------------------------------------------------------------------
OrderId "ComM_1" - ComM [ComM] is executing
No mappings defined for order: ComM_1 [ComM]
---------------------------------------------------------------------------------------------------------------------------------------------------------------
OrderId "ComM_2" - ComMGeneral [ComMGeneral] is executing
Mapping "Mapping_ComM_1" - For parameter ComMDevErrorDetect the value is set to "true"
Mapping "Mapping_ComM_2" - For parameter ComMRteEnabled the value is set to "true"
Mapping "Mapping_ComM_3" - For parameter ComMModeLimitationEnabled the value is set to "true"
Executing MappingStructure: Dcm
---------------------------------------------------------------------------------------------------------------------------------------------------------------
OrderId "Dcm_1" - Dcm [Dcm] is executing
No mappings defined for order: Dcm_1 [Dcm]
---------------------------------------------------------------------------------------------------------------------------------------------------------------
OrderId "Dcm_2" - DcmConfigSet [DcmConfigSet] is executing
No mappings defined for order: Dcm_2 [DcmConfigSet]
---------------------------------------------------------------------------------------------------------------------------------------------------------------
OrderId "Dcm_3" - DcmDsp [DcmDsp] is executing
Mapping "Mapping_Dcm_1" - For parameter DcmDspDataDefaultEndianness the value is set to "OPAQUE"
---------------------------------------------------------------------------------------------------------------------------------------------------------------
OrderId "Dcm_4" - DcmGeneral [DcmGeneral] is executing
Mapping "Mapping_Dcm_2" - For parameter DcmDevErrorDetect the value is set to "true"
Executing MappingStructure: Dem
---------------------------------------------------------------------------------------------------------------------------------------------------------------
OrderId "Dem_1" - Dem [Dem] is executing
No mappings defined for order: Dem_1 [Dem]
---------------------------------------------------------------------------------------------------------------------------------------------------------------
OrderId "Dem_2" - DemConfigSet [DemConfigSet] is executing
No mappings defined for order: Dem_2 [DemConfigSet]
---------------------------------------------------------------------------------------------------------------------------------------------------------------
OrderId "Dem_3" - DebCntBas_DTC_0x000001_CounterBasedAlgorithm [DemDebounceCounterBasedClass] is executing
Mapping "Mapping_Dem_1" - For parameter DemDebounceBehavior the value is set to "DEM_DEBOUNCE_FREEZE"
---------------------------------------------------------------------------------------------------------------------------------------------------------------
OrderId "Dem_3" - DebCntBas_DTC_0x0d0400_CAN_Network_ETAS_BusOff_CounterBasedAlgorithm [DemDebounceCounterBasedClass] is executing
Mapping "Mapping_Dem_1" - For parameter DemDebounceBehavior the value is set to "DEM_DEBOUNCE_FREEZE"
---------------------------------------------------------------------------------------------------------------------------------------------------------------
OrderId "Dem_3" - DebCntBas_DTC_0xc07388_CounterBasedAlgorithm [DemDebounceCounterBasedClass] is executing
Mapping "Mapping_Dem_1" - For parameter DemDebounceBehavior the value is set to "DEM_DEBOUNCE_FREEZE"
---------------------------------------------------------------------------------------------------------------------------------------------------------------
OrderId "Dem_3" - DebCntBas_DTC_0xc12687_CounterBasedAlgorithm [DemDebounceCounterBasedClass] is executing
Mapping "Mapping_Dem_1" - For parameter DemDebounceBehavior the value is set to "DEM_DEBOUNCE_FREEZE"
---------------------------------------------------------------------------------------------------------------------------------------------------------------
OrderId "Dem_3" - DebCntBas_DTC_0xc14587_CounterBasedAlgorithm [DemDebounceCounterBasedClass] is executing
Mapping "Mapping_Dem_1" - For parameter DemDebounceBehavior the value is set to "DEM_DEBOUNCE_FREEZE"
---------------------------------------------------------------------------------------------------------------------------------------------------------------
OrderId "Dem_3" - DebCntBas_DTC_0xc22a87_CounterBasedAlgorithm [DemDebounceCounterBasedClass] is executing
Mapping "Mapping_Dem_1" - For parameter DemDebounceBehavior the value is set to "DEM_DEBOUNCE_FREEZE"
---------------------------------------------------------------------------------------------------------------------------------------------------------------
OrderId "Dem_3" - DebCntBas_DTC_0xc41487_CounterBasedAlgorithm [DemDebounceCounterBasedClass] is executing
Mapping "Mapping_Dem_1" - For parameter DemDebounceBehavior the value is set to "DEM_DEBOUNCE_FREEZE"
---------------------------------------------------------------------------------------------------------------------------------------------------------------
OrderId "Dem_3" - DebCntBas_DTC_0xd56217_CounterBasedAlgorithm [DemDebounceCounterBasedClass] is executing
Mapping "Mapping_Dem_1" - For parameter DemDebounceBehavior the value is set to "DEM_DEBOUNCE_FREEZE"
---------------------------------------------------------------------------------------------------------------------------------------------------------------
OrderId "Dem_3" - DebCntBas_DTC_0xd56316_CounterBasedAlgorithm [DemDebounceCounterBasedClass] is executing
Mapping "Mapping_Dem_1" - For parameter DemDebounceBehavior the value is set to "DEM_DEBOUNCE_FREEZE"
---------------------------------------------------------------------------------------------------------------------------------------------------------------
OrderId "Dem_3" - DebCntBas_DTC_0xe00141_CounterBasedAlgorithm [DemDebounceCounterBasedClass] is executing
Mapping "Mapping_Dem_1" - For parameter DemDebounceBehavior the value is set to "DEM_DEBOUNCE_FREEZE"
---------------------------------------------------------------------------------------------------------------------------------------------------------------
OrderId "Dem_3" - DebCntBas_DTC_0xe00142_CounterBasedAlgorithm [DemDebounceCounterBasedClass] is executing
Mapping "Mapping_Dem_1" - For parameter DemDebounceBehavior the value is set to "DEM_DEBOUNCE_FREEZE"
---------------------------------------------------------------------------------------------------------------------------------------------------------------
OrderId "Dem_3" - DebCntBas_DTC_0xe26200_CounterBasedAlgorithm [DemDebounceCounterBasedClass] is executing
Mapping "Mapping_Dem_1" - For parameter DemDebounceBehavior the value is set to "DEM_DEBOUNCE_FREEZE"
---------------------------------------------------------------------------------------------------------------------------------------------------------------
OrderId "Dem_4" - DemGeneral [DemGeneral] is executing
Mapping "Mapping_Dem_2" - For parameter DemTaskTime the value is set to "0.01"
Mapping "Mapping_Dem_4" - For parameter DemAvailabilitySupport the value is set to "DEM_EVENT_AVAILABILITY"
Mapping "Mapping_Dem_5" - For parameter DemBswErrorBufferSize the value is set to "10"
Mapping "Mapping_Dem_11" - For parameter DemDevErrorDetect the value is set to "true"
---------------------------------------------------------------------------------------------------------------------------------------------------------------
OrderId "Dem_5" - DemRbGeneral [DemRbGeneral] is executing
Mapping "Mapping_Dem_3" - For parameter DemRbEnableDemNvmBlocksAutoConfiguration the value is set to "true"
Mapping "Mapping_Dem_7" - For parameter DemRbAgingCounterType the value is set to "COUNT_UP"
Mapping "Mapping_Dem_8" - For parameter DemRbDebounceTimeBasedTaskTime the value is set to "0.001"
Mapping "Mapping_Dem_9" - For parameter DemRbOccurrenceCounterType the value is set to "AUTOSAR"
---------------------------------------------------------------------------------------------------------------------------------------------------------------
OrderId "Dem_6" - SR_FF_267_Year [DemDataElementClass] is executing
No mappings defined for order: Dem_6 [DemDataElementClass]
---------------------------------------------------------------------------------------------------------------------------------------------------------------
OrderId "Dem_7" - DemExternalSRDataElementClass [DemExternalSRDataElementClass] is executing
Mapping "Mapping_Dem_10" - For parameter DemDataElementDataSize the value is set to "null"
---------------------------------------------------------------------------------------------------------------------------------------------------------------
OrderId "Dem_6" - SR_FF_267_Month [DemDataElementClass] is executing
No mappings defined for order: Dem_6 [DemDataElementClass]
---------------------------------------------------------------------------------------------------------------------------------------------------------------
OrderId "Dem_7" - DemExternalSRDataElementClass [DemExternalSRDataElementClass] is executing
Mapping "Mapping_Dem_10" - For parameter DemDataElementDataSize the value is set to "null"
---------------------------------------------------------------------------------------------------------------------------------------------------------------
OrderId "Dem_6" - SR_FF_267_Day [DemDataElementClass] is executing
No mappings defined for order: Dem_6 [DemDataElementClass]
---------------------------------------------------------------------------------------------------------------------------------------------------------------
OrderId "Dem_7" - DemExternalSRDataElementClass [DemExternalSRDataElementClass] is executing
Mapping "Mapping_Dem_10" - For parameter DemDataElementDataSize the value is set to "null"
---------------------------------------------------------------------------------------------------------------------------------------------------------------
OrderId "Dem_6" - SR_FF_267_Hour [DemDataElementClass] is executing
No mappings defined for order: Dem_6 [DemDataElementClass]
---------------------------------------------------------------------------------------------------------------------------------------------------------------
OrderId "Dem_7" - DemExternalSRDataElementClass [DemExternalSRDataElementClass] is executing
Mapping "Mapping_Dem_10" - For parameter DemDataElementDataSize the value is set to "null"
---------------------------------------------------------------------------------------------------------------------------------------------------------------
OrderId "Dem_6" - SR_FF_267_Minute [DemDataElementClass] is executing
No mappings defined for order: Dem_6 [DemDataElementClass]
---------------------------------------------------------------------------------------------------------------------------------------------------------------
OrderId "Dem_7" - DemExternalSRDataElementClass [DemExternalSRDataElementClass] is executing
Mapping "Mapping_Dem_10" - For parameter DemDataElementDataSize the value is set to "null"
---------------------------------------------------------------------------------------------------------------------------------------------------------------
OrderId "Dem_6" - SR_FF_267_Second [DemDataElementClass] is executing
No mappings defined for order: Dem_6 [DemDataElementClass]
---------------------------------------------------------------------------------------------------------------------------------------------------------------
OrderId "Dem_7" - DemExternalSRDataElementClass [DemExternalSRDataElementClass] is executing
Mapping "Mapping_Dem_10" - For parameter DemDataElementDataSize the value is set to "null"
---------------------------------------------------------------------------------------------------------------------------------------------------------------
OrderId "Dem_6" - SR_FF_274_New_Data_Object [DemDataElementClass] is executing
No mappings defined for order: Dem_6 [DemDataElementClass]
---------------------------------------------------------------------------------------------------------------------------------------------------------------
OrderId "Dem_7" - DemExternalSRDataElementClass [DemExternalSRDataElementClass] is executing
Mapping "Mapping_Dem_10" - For parameter DemDataElementDataSize the value is set to "null"
---------------------------------------------------------------------------------------------------------------------------------------------------------------
OrderId "Dem_6" - SR_FF_53249_New_Data_Object [DemDataElementClass] is executing
No mappings defined for order: Dem_6 [DemDataElementClass]
---------------------------------------------------------------------------------------------------------------------------------------------------------------
OrderId "Dem_7" - DemExternalSRDataElementClass [DemExternalSRDataElementClass] is executing
Mapping "Mapping_Dem_10" - For parameter DemDataElementDataSize the value is set to "null"
---------------------------------------------------------------------------------------------------------------------------------------------------------------
OrderId "Dem_6" - SR_FF_55553_New_Data_Object [DemDataElementClass] is executing
No mappings defined for order: Dem_6 [DemDataElementClass]
---------------------------------------------------------------------------------------------------------------------------------------------------------------
OrderId "Dem_7" - DemExternalSRDataElementClass [DemExternalSRDataElementClass] is executing
Mapping "Mapping_Dem_10" - For parameter DemDataElementDataSize the value is set to "null"
---------------------------------------------------------------------------------------------------------------------------------------------------------------
OrderId "Dem_6" - SR_FF_57601_New_Data_Object [DemDataElementClass] is executing
No mappings defined for order: Dem_6 [DemDataElementClass]
---------------------------------------------------------------------------------------------------------------------------------------------------------------
OrderId "Dem_7" - DemExternalSRDataElementClass [DemExternalSRDataElementClass] is executing
Mapping "Mapping_Dem_10" - For parameter DemDataElementDataSize the value is set to "null"
---------------------------------------------------------------------------------------------------------------------------------------------------------------
OrderId "Dem_6" - SR_EDR_Record_ExtendedDataRecord0x01_Fault_occurrence_counter [DemDataElementClass] is executing
No mappings defined for order: Dem_6 [DemDataElementClass]
---------------------------------------------------------------------------------------------------------------------------------------------------------------
OrderId "Dem_7" - DemExternalSRDataElementClass [DemExternalSRDataElementClass] is executing
Mapping "Mapping_Dem_10" - For parameter DemDataElementDataSize the value is set to "null"
---------------------------------------------------------------------------------------------------------------------------------------------------------------
OrderId "Dem_6" - SR_EDR_Record_ExtendedDataRecord0x01_Fault_pending_counter [DemDataElementClass] is executing
No mappings defined for order: Dem_6 [DemDataElementClass]
---------------------------------------------------------------------------------------------------------------------------------------------------------------
OrderId "Dem_7" - DemExternalSRDataElementClass [DemExternalSRDataElementClass] is executing
Mapping "Mapping_Dem_10" - For parameter DemDataElementDataSize the value is set to "null"
---------------------------------------------------------------------------------------------------------------------------------------------------------------
OrderId "Dem_6" - SR_EDR_Record_ExtendedDataRecord0x01_Aged_counter [DemDataElementClass] is executing
No mappings defined for order: Dem_6 [DemDataElementClass]
---------------------------------------------------------------------------------------------------------------------------------------------------------------
OrderId "Dem_7" - DemExternalSRDataElementClass [DemExternalSRDataElementClass] is executing
Mapping "Mapping_Dem_10" - For parameter DemDataElementDataSize the value is set to "null"
---------------------------------------------------------------------------------------------------------------------------------------------------------------
OrderId "Dem_6" - SR_EDR_Record_ExtendedDataRecord0x01_Ageing_counter [DemDataElementClass] is executing
No mappings defined for order: Dem_6 [DemDataElementClass]
---------------------------------------------------------------------------------------------------------------------------------------------------------------
OrderId "Dem_7" - DemExternalSRDataElementClass [DemExternalSRDataElementClass] is executing
Mapping "Mapping_Dem_10" - For parameter DemDataElementDataSize the value is set to "null"
Executing MappingStructure: Fee
---------------------------------------------------------------------------------------------------------------------------------------------------------------
OrderId "Fee_1" - Fee [Fee] is executing
No mappings defined for order: Fee_1 [Fee]
---------------------------------------------------------------------------------------------------------------------------------------------------------------
OrderId "Fee_2" - FeeGeneral [FeeGeneral] is executing
Mapping "Mapping_Fee_1" - For parameter FeeDevErrorDetect the value is set to "true"
Mapping "Mapping_Fee_4" - For parameter FeeRbMachineType the value is set to "MCU_RB_MANUAL_CFG"
No source objects found for Order: Fee_3 FeeRbSectorTable
Executing MappingStructure: MemIf
---------------------------------------------------------------------------------------------------------------------------------------------------------------
OrderId "MemIf_1" - MemIf [MemIf] is executing
No mappings defined for order: MemIf_1 [MemIf]
---------------------------------------------------------------------------------------------------------------------------------------------------------------
OrderId "MemIf_2" - MemIfGeneral [MemIfGeneral] is executing
Mapping "Mapping_MemIf_1" - For parameter MemIfDevErrorDetect the value is set to "true"
Executing MappingStructure: Nm
---------------------------------------------------------------------------------------------------------------------------------------------------------------
OrderId "Nm_1" - Nm [Nm] is executing
No mappings defined for order: Nm_1 [Nm]
---------------------------------------------------------------------------------------------------------------------------------------------------------------
OrderId "Nm_2" - NmGlobalConfig [NmGlobalConfig] is executing
No mappings defined for order: Nm_2 [NmGlobalConfig]
---------------------------------------------------------------------------------------------------------------------------------------------------------------
OrderId "Nm_3" - NmGlobalProperties [NmGlobalProperties] is executing
Mapping "Mapping_Nm_1" - For parameter NmDevErrorDetect the value is set to "true"
---------------------------------------------------------------------------------------------------------------------------------------------------------------
OrderId "Nm_4" - NmGlobalConstants [NmGlobalConstants] is executing
Mapping "Mapping_Nm_2" - For parameter NmRxIndicationCallback the value is set to "Nm_RxIndicationCallback"
Mapping "Mapping_Nm_3" - For parameter NmStateChangeIndCallback the value is set to "Nm_StateChangeIndication"
---------------------------------------------------------------------------------------------------------------------------------------------------------------
OrderId "Nm_5" - NmGlobalFeatures [NmGlobalFeatures] is executing
Mapping "Mapping_Nm_4" - For parameter NmCoordinatorSupportEnabled the value is set to "false"
Executing MappingStructure: NvM
---------------------------------------------------------------------------------------------------------------------------------------------------------------
OrderId "NvM_1" - NvM [NvM] is executing
No mappings defined for order: NvM_1 [NvM]
---------------------------------------------------------------------------------------------------------------------------------------------------------------
OrderId "NvM_2" - NvMCommon [NvMCommon] is executing
Mapping "Mapping_NvM_1" - For parameter NvMDevErrorDetect the value is set to "true"
Mapping "Mapping_NvM_2" - For parameter NvMSizeStandardJobQueue the value is set to "255"
Mapping "Mapping_NvM_3" - For parameter NvMMainFunctionPeriod the value is set to "0.01"
Mapping "Mapping_NvM_4" - For parameter NvMCrcNumOfBytes the value is set to "65535"
---------------------------------------------------------------------------------------------------------------------------------------------------------------
OrderId "NvM_3" - NvM_MultiBlock [NvMBlockDescriptor] is executing
Mapping 'Mapping_NvM_5' - The condition 'ref($this.shortName).contains('NvBlock')' evaluated to false
Mapping 'Mapping_NvM_6' - The condition 'ref($this.shortName).contains('NvBlock')' evaluated to false
---------------------------------------------------------------------------------------------------------------------------------------------------------------
OrderId "NvM_3" - NvM_ConfigId [NvMBlockDescriptor] is executing
Mapping 'Mapping_NvM_5' - The condition 'ref($this.shortName).contains('NvBlock')' evaluated to false
Mapping 'Mapping_NvM_6' - The condition 'ref($this.shortName).contains('NvBlock')' evaluated to false
---------------------------------------------------------------------------------------------------------------------------------------------------------------
OrderId "NvM_3" - NvBlock_NvBlockDescriptor_StoreCyclicBlock [NvMBlockDescriptor] is executing
Mapping "Mapping_NvM_5" - For parameter NvMRbGenRteServicePort the value is set to "false"
Mapping "Mapping_NvM_6" - For parameter NvMSingleBlockCallback the expression is resolved to the value "Rte_NvMNotifyJobFinished_CPT_NvBlock_NvBlockDescriptor_StoreCyclicBlock" and new value has been generated
---------------------------------------------------------------------------------------------------------------------------------------------------------------
OrderId "NvM_3" - NvBlock_NvBlockDescriptor_StoreImmediateBlock [NvMBlockDescriptor] is executing
Mapping "Mapping_NvM_5" - For parameter NvMRbGenRteServicePort the value is set to "false"
Mapping "Mapping_NvM_6" - For parameter NvMSingleBlockCallback the expression is resolved to the value "Rte_NvMNotifyJobFinished_CPT_NvBlock_NvBlockDescriptor_StoreImmediateBlock" and new value has been generated
---------------------------------------------------------------------------------------------------------------------------------------------------------------
OrderId "NvM_3" - NvBlock_NvBlockDescriptor_StoreAtShutdownBlock [NvMBlockDescriptor] is executing
Mapping "Mapping_NvM_5" - For parameter NvMRbGenRteServicePort the value is set to "false"
Mapping "Mapping_NvM_6" - For parameter NvMSingleBlockCallback the expression is resolved to the value "Rte_NvMNotifyJobFinished_CPT_NvBlock_NvBlockDescriptor_StoreAtShutdownBlock" and new value has been generated
Executing MappingStructure: PduR
---------------------------------------------------------------------------------------------------------------------------------------------------------------
OrderId "PduR_1" - PduR [PduR] is executing
No mappings defined for order: PduR_1 [PduR]
---------------------------------------------------------------------------------------------------------------------------------------------------------------
OrderId "PduR_2" - PduRGeneral [PduRGeneral] is executing
Mapping "Mapping_PduR_1" - For parameter PduRDevErrorDetect the value is set to "true"
Executing MappingStructure: Xcp
---------------------------------------------------------------------------------------------------------------------------------------------------------------
OrderId "Xcp_1" - Xcp [Xcp] is executing
No mappings defined for order: Xcp_1 [Xcp]
---------------------------------------------------------------------------------------------------------------------------------------------------------------
OrderId "Xcp_2" - XcpGeneral [XcpGeneral] is executing
Mapping "Mapping_Xcp_1" - For parameter XcpEthMainFunctionPeriod the value is set to "0.01"
Mapping "Mapping_Xcp_2" - For parameter XcpMainFunctionPeriod the value is set to "0.01"
Mapping "Mapping_Xcp_3" - For parameter XcpDevErrorDetect the value is set to "true"
Mapping "Mapping_Xcp_4" - For parameter XcpBlockTransferDownload the value is set to "true"
Mapping "Mapping_Xcp_5" - For parameter XcpBlockTransferUpload the value is set to "true"
Mapping "Mapping_Xcp_6" - For parameter XcpCalibrationCal the value is set to "true"
Mapping "Mapping_Xcp_7" - For parameter XcpCommandChecksum the value is set to "true"
Mapping "Mapping_Xcp_8" - For parameter XcpCommandReadDaq the value is set to "true"
Mapping "Mapping_Xcp_9" - For parameter XcpCommandsGetDaqInfo the value is set to "true"
Mapping "Mapping_Xcp_10" - For parameter XcpDaqMemoryLimit the value is set to "1024"
Mapping "Mapping_Xcp_11" - For parameter XcpEventChannelScheduling the value is set to "true"
Mapping "Mapping_Xcp_12" - For parameter XcpProductLine the value is set to "CSMOSAR"
Mapping "Mapping_Xcp_13" - For parameter XcpSeedAndKey the value is set to "true"
Mapping "Mapping_Xcp_14" - For parameter XcpSeedAndKeyExternalFunction the value is set to "XcpSeedNKey.dll"
Mapping "Mapping_Xcp_15" - For parameter XcpSynchronousDataAcquisitionDaq the value is set to "true"
Mapping "Mapping_Xcp_16" - For parameter XcpTimestampTicks the value is set to "1"
Mapping "Mapping_Xcp_17" - For parameter XcpTimestampUnit the value is set to "TIMESTAMP_UNIT_1MS"
Mapping "Mapping_Xcp_18" - For parameter XcpUploadDownloadMemoryAccessByAppl the value is set to "true"
Mapping "Mapping_Xcp_19" - For parameter XcpVersion the value is set to "VERSION_1_2"
Mapping "Mapping_Xcp_27" - For parameter XcpPageSwitchingPag the value is set to "true"
---------------------------------------------------------------------------------------------------------------------------------------------------------------
OrderId "Xcp_3" - XcpConfig [XcpConfig] is executing
No mappings defined for order: Xcp_3 [XcpConfig]
---------------------------------------------------------------------------------------------------------------------------------------------------------------
OrderId "Xcp_4" - Can_Network_ETAS_Channel [XcpTransportLayer] is executing
Mapping 'Mapping_Xcp_20' - The condition 'ref($this.XcpTransportLayerType).equals('ETHERNET_UDP')' evaluated to false
Mapping "Mapping_Xcp_21" - For parameter XcpDaqOverloadIndication the value is set to "OVERLOAD_INDICATION_EVENT"
Mapping "Mapping_Xcp_22" - For parameter XcpTimestampType the value is set to "TWO_BYTE"
Mapping "Mapping_Xcp_23" - For parameter XcpIdentificationFieldType the value is set to "ABSOLUTE"
Mapping 'Mapping_Xcp_24' - The condition 'ref($this.XcpTransportLayerType).equals('ETHERNET_UDP')' evaluated to false
Mapping 'Mapping_Xcp_25' - The condition 'ref($this.XcpTransportLayerType).equals('ETHERNET_TCP')' evaluated to false
Mapping 'Mapping_Xcp_26' - The condition 'ref($this.XcpTransportLayerType).equals('ETHERNET_TCP')' evaluated to false
********************************************************************************
Time taken for Executing Conf-Gen Enhancer: 00:00:01:143
********************************************************************************
********************************************************************************
Total Time taken for Conf-Gen Execution: 00:00:18:185
********************************************************************************
Conf-Gen executed.
Conf-Gen PostProcessor executing...
Conf-Gen PostProcessor executed.
