; Input Files
 "E:/ETAS/ETAS_Test/ETAS_BIP_PT_CANID_Test/BasicSoftware/CanTpConfig.arxml"
 "E:/ETAS/ETAS_Test/ETAS_BIP_PT_CANID_Test/BasicSoftware/DBC_SysDesc_Can_Network.arxml"
 "E:/ETAS/ETAS_Test/ETAS_BIP_PT_CANID_Test/BasicSoftware/ETAS_FlatMap.arxml"
 "E:/ETAS/ETAS_Test/ETAS_BIP_PT_CANID_Test/BasicSoftware/ETAS_FlatView_SWCD.arxml"
 "E:/ETAS/ETAS_Test/ETAS_BIP_PT_CANID_Test/BasicSoftware/EcucValueCollection_Generated.arxml"
 "E:/ETAS/ETAS_Test/ETAS_BIP_PT_CANID_Test/BasicSoftware/System_EcuExtr.arxml"
 "E:/ETAS/ETAS_Test/ETAS_BIP_PT_CANID_Test/BasicSoftware/ecu_config/bsw/gen/ComM_EOC.arxml"
 "E:/ETAS/ETAS_Test/ETAS_BIP_PT_CANID_Test/BasicSoftware/ecu_config/bsw/gen/ComStack_Types.arxml"
 "E:/ETAS/ETAS_Test/ETAS_BIP_PT_CANID_Test/BasicSoftware/ecu_config/bsw/gen/Com_EOC.arxml"
 "E:/ETAS/ETAS_Test/ETAS_BIP_PT_CANID_Test/BasicSoftware/ecu_config/bsw/gen/Com_Flatmap.arxml"
 "E:/ETAS/ETAS_Test/ETAS_BIP_PT_CANID_Test/BasicSoftware/ecu_config/bsw/gen/DCM_SWC.arxml"
 "E:/ETAS/ETAS_Test/ETAS_BIP_PT_CANID_Test/BasicSoftware/ecu_config/bsw/gen/DEM_SWC.arxml"
 "E:/ETAS/ETAS_Test/ETAS_BIP_PT_CANID_Test/BasicSoftware/ecu_config/bsw/gen/ETAS_Project_CanIf_EcucValues.arxml"
 "E:/ETAS/ETAS_Test/ETAS_BIP_PT_CANID_Test/BasicSoftware/ecu_config/bsw/gen/ETAS_Project_CanNm_EcucValues.arxml"
 "E:/ETAS/ETAS_Test/ETAS_BIP_PT_CANID_Test/BasicSoftware/ecu_config/bsw/gen/ETAS_Project_CanSM_EcucValues.arxml"
 "E:/ETAS/ETAS_Test/ETAS_BIP_PT_CANID_Test/BasicSoftware/ecu_config/bsw/gen/ETAS_Project_CanTp_EcucValues.arxml"
 "E:/ETAS/ETAS_Test/ETAS_BIP_PT_CANID_Test/BasicSoftware/ecu_config/bsw/gen/ETAS_Project_Can_EcucValues.arxml"
 "E:/ETAS/ETAS_Test/ETAS_BIP_PT_CANID_Test/BasicSoftware/ecu_config/bsw/gen/ETAS_Project_ComM_EcucValues.arxml"
 "E:/ETAS/ETAS_Test/ETAS_BIP_PT_CANID_Test/BasicSoftware/ecu_config/bsw/gen/ETAS_Project_Com_EcucValues.arxml"
 "E:/ETAS/ETAS_Test/ETAS_BIP_PT_CANID_Test/BasicSoftware/ecu_config/bsw/gen/ETAS_Project_Dcm_EcucValues.arxml"
 "E:/ETAS/ETAS_Test/ETAS_BIP_PT_CANID_Test/BasicSoftware/ecu_config/bsw/gen/ETAS_Project_Dem_EcucValues.arxml"
 "E:/ETAS/ETAS_Test/ETAS_BIP_PT_CANID_Test/BasicSoftware/ecu_config/bsw/gen/ETAS_Project_EcuC_EcucValues.arxml"
 "E:/ETAS/ETAS_Test/ETAS_BIP_PT_CANID_Test/BasicSoftware/ecu_config/bsw/gen/ETAS_Project_Fee_EcucValues.arxml"
 "E:/ETAS/ETAS_Test/ETAS_BIP_PT_CANID_Test/BasicSoftware/ecu_config/bsw/gen/ETAS_Project_MemIf_EcucValues.arxml"
 "E:/ETAS/ETAS_Test/ETAS_BIP_PT_CANID_Test/BasicSoftware/ecu_config/bsw/gen/ETAS_Project_Nm_EcucValues.arxml"
 "E:/ETAS/ETAS_Test/ETAS_BIP_PT_CANID_Test/BasicSoftware/ecu_config/bsw/gen/ETAS_Project_NvM_EcucValues.arxml"
 "E:/ETAS/ETAS_Test/ETAS_BIP_PT_CANID_Test/BasicSoftware/ecu_config/bsw/gen/ETAS_Project_PduR_EcucValues.arxml"
 "E:/ETAS/ETAS_Test/ETAS_BIP_PT_CANID_Test/BasicSoftware/ecu_config/bsw/gen/ETAS_Project_Xcp_EcucValues.arxml"
 "E:/ETAS/ETAS_Test/ETAS_BIP_PT_CANID_Test/BasicSoftware/ecu_config/bsw/gen/ETAS_Project_rba_MemLib_EcucValues.arxml"
 "E:/ETAS/ETAS_Test/ETAS_BIP_PT_CANID_Test/BasicSoftware/ecu_config/bsw/gen/Nm_EOC.arxml"
 "E:/ETAS/ETAS_Test/ETAS_BIP_PT_CANID_Test/BasicSoftware/ecu_config/bsw/gen/Xcp_EOC.arxml"
 "E:/ETAS/ETAS_Test/ETAS_BIP_PT_CANID_Test/BasicSoftware/ecu_config/bsw/gen/_fwd/ecuc_configuration_values_fwd.arxml"
 "E:/ETAS/ETAS_Test/ETAS_BIP_PT_CANID_Test/BasicSoftware/ecu_config/bsw/gen/bswmd/Bfx_BSWMD.arxml"
 "E:/ETAS/ETAS_Test/ETAS_BIP_PT_CANID_Test/BasicSoftware/ecu_config/bsw/gen/bswmd/BswM_Cfg_BSWMD.arxml"
 "E:/ETAS/ETAS_Test/ETAS_BIP_PT_CANID_Test/BasicSoftware/ecu_config/bsw/gen/bswmd/CanIf_BSWMD.arxml"
 "E:/ETAS/ETAS_Test/ETAS_BIP_PT_CANID_Test/BasicSoftware/ecu_config/bsw/gen/bswmd/CanIf_Cfg_BSWMD.arxml"
 "E:/ETAS/ETAS_Test/ETAS_BIP_PT_CANID_Test/BasicSoftware/ecu_config/bsw/gen/bswmd/CanIf_EOC.arxml"
 "E:/ETAS/ETAS_Test/ETAS_BIP_PT_CANID_Test/BasicSoftware/ecu_config/bsw/gen/bswmd/CanNm_BSWMD.arxml"
 "E:/ETAS/ETAS_Test/ETAS_BIP_PT_CANID_Test/BasicSoftware/ecu_config/bsw/gen/bswmd/CanNm_Cfg_BSWMD.arxml"
 "E:/ETAS/ETAS_Test/ETAS_BIP_PT_CANID_Test/BasicSoftware/ecu_config/bsw/gen/bswmd/CanNm_EOC.arxml"
 "E:/ETAS/ETAS_Test/ETAS_BIP_PT_CANID_Test/BasicSoftware/ecu_config/bsw/gen/bswmd/CanSM_BSWMD.arxml"
 "E:/ETAS/ETAS_Test/ETAS_BIP_PT_CANID_Test/BasicSoftware/ecu_config/bsw/gen/bswmd/CanSM_Cfg_BSWMD.arxml"
 "E:/ETAS/ETAS_Test/ETAS_BIP_PT_CANID_Test/BasicSoftware/ecu_config/bsw/gen/bswmd/CanSM_EOC.arxml"
 "E:/ETAS/ETAS_Test/ETAS_BIP_PT_CANID_Test/BasicSoftware/ecu_config/bsw/gen/bswmd/CanTp_BSWMD.arxml"
 "E:/ETAS/ETAS_Test/ETAS_BIP_PT_CANID_Test/BasicSoftware/ecu_config/bsw/gen/bswmd/CanTp_Cfg_BSWMD.arxml"
 "E:/ETAS/ETAS_Test/ETAS_BIP_PT_CANID_Test/BasicSoftware/ecu_config/bsw/gen/bswmd/ComM_BSWMD.arxml"
 "E:/ETAS/ETAS_Test/ETAS_BIP_PT_CANID_Test/BasicSoftware/ecu_config/bsw/gen/bswmd/ComM_Cfg_BSWMD.arxml"
 "E:/ETAS/ETAS_Test/ETAS_BIP_PT_CANID_Test/BasicSoftware/ecu_config/bsw/gen/bswmd/Com_BSWMD.arxml"
 "E:/ETAS/ETAS_Test/ETAS_BIP_PT_CANID_Test/BasicSoftware/ecu_config/bsw/gen/bswmd/Com_Cfg_BSWMD.arxml"
 "E:/ETAS/ETAS_Test/ETAS_BIP_PT_CANID_Test/BasicSoftware/ecu_config/bsw/gen/bswmd/Crc_Cfg_BSWMD.arxml"
 "E:/ETAS/ETAS_Test/ETAS_BIP_PT_CANID_Test/BasicSoftware/ecu_config/bsw/gen/bswmd/Dcm_BSWMD.arxml"
 "E:/ETAS/ETAS_Test/ETAS_BIP_PT_CANID_Test/BasicSoftware/ecu_config/bsw/gen/bswmd/Dcm_Cfg_BSWMD.arxml"
 "E:/ETAS/ETAS_Test/ETAS_BIP_PT_CANID_Test/BasicSoftware/ecu_config/bsw/gen/bswmd/Dem_Cfg_BSWMD.arxml"
 "E:/ETAS/ETAS_Test/ETAS_BIP_PT_CANID_Test/BasicSoftware/ecu_config/bsw/gen/bswmd/EcuM_BSWMD.arxml"
 "E:/ETAS/ETAS_Test/ETAS_BIP_PT_CANID_Test/BasicSoftware/ecu_config/bsw/gen/bswmd/EcuM_Cfg_BSWMD.arxml"
 "E:/ETAS/ETAS_Test/ETAS_BIP_PT_CANID_Test/BasicSoftware/ecu_config/bsw/gen/bswmd/Fee_BSWMD.arxml"
 "E:/ETAS/ETAS_Test/ETAS_BIP_PT_CANID_Test/BasicSoftware/ecu_config/bsw/gen/bswmd/FiM_Cfg_BSWMD.arxml"
 "E:/ETAS/ETAS_Test/ETAS_BIP_PT_CANID_Test/BasicSoftware/ecu_config/bsw/gen/bswmd/MemIf_Cfg_BSWMD.arxml"
 "E:/ETAS/ETAS_Test/ETAS_BIP_PT_CANID_Test/BasicSoftware/ecu_config/bsw/gen/bswmd/Mfl_BSWMD.arxml"
 "E:/ETAS/ETAS_Test/ETAS_BIP_PT_CANID_Test/BasicSoftware/ecu_config/bsw/gen/bswmd/Nm_BSWMD.arxml"
 "E:/ETAS/ETAS_Test/ETAS_BIP_PT_CANID_Test/BasicSoftware/ecu_config/bsw/gen/bswmd/Nm_Cfg_BSWMD.arxml"
 "E:/ETAS/ETAS_Test/ETAS_BIP_PT_CANID_Test/BasicSoftware/ecu_config/bsw/gen/bswmd/NvM_Cfg_BSWMD.arxml"
 "E:/ETAS/ETAS_Test/ETAS_BIP_PT_CANID_Test/BasicSoftware/ecu_config/bsw/gen/bswmd/NvM_Static_Cfg_BSWMD.arxml"
 "E:/ETAS/ETAS_Test/ETAS_BIP_PT_CANID_Test/BasicSoftware/ecu_config/bsw/gen/bswmd/PduR_BSWMD.arxml"
 "E:/ETAS/ETAS_Test/ETAS_BIP_PT_CANID_Test/BasicSoftware/ecu_config/bsw/gen/bswmd/PduR_Cfg_BSWMD.arxml"
 "E:/ETAS/ETAS_Test/ETAS_BIP_PT_CANID_Test/BasicSoftware/ecu_config/bsw/gen/bswmd/PduR_EOC.arxml"
 "E:/ETAS/ETAS_Test/ETAS_BIP_PT_CANID_Test/BasicSoftware/ecu_config/bsw/gen/bswmd/WdgIf_Cfg_BSWMD.arxml"
 "E:/ETAS/ETAS_Test/ETAS_BIP_PT_CANID_Test/BasicSoftware/ecu_config/bsw/gen/bswmd/WdgM_Cfg_BSWMD.arxml"
 "E:/ETAS/ETAS_Test/ETAS_BIP_PT_CANID_Test/BasicSoftware/ecu_config/bsw/gen/bswmd/Xcp_Cfg_BSWMD.arxml"
 "E:/ETAS/ETAS_Test/ETAS_BIP_PT_CANID_Test/BasicSoftware/ecu_config/bsw/gen/bswmd/Xcp_Cfg_ModuleEntries_BSWMD.arxml"
 "E:/ETAS/ETAS_Test/ETAS_BIP_PT_CANID_Test/BasicSoftware/ecu_config/bsw/gen/bswmd/rba_MemLib_BSWMD.arxml"
 "E:/ETAS/ETAS_Test/ETAS_BIP_PT_CANID_Test/BasicSoftware/ecu_config/bsw/gen/swcd/BswM_Cfg_SWCD.arxml"
 "E:/ETAS/ETAS_Test/ETAS_BIP_PT_CANID_Test/BasicSoftware/ecu_config/bsw/gen/swcd/ComM_Cfg_SWCD.arxml"
 "E:/ETAS/ETAS_Test/ETAS_BIP_PT_CANID_Test/BasicSoftware/ecu_config/bsw/gen/swcd/ComM_SWCD.arxml"
 "E:/ETAS/ETAS_Test/ETAS_BIP_PT_CANID_Test/BasicSoftware/ecu_config/bsw/gen/swcd/Dcm_Cfg_SWCD.arxml"
 "E:/ETAS/ETAS_Test/ETAS_BIP_PT_CANID_Test/BasicSoftware/ecu_config/bsw/gen/swcd/Dem_Cfg_SWCD.arxml"
 "E:/ETAS/ETAS_Test/ETAS_BIP_PT_CANID_Test/BasicSoftware/ecu_config/bsw/gen/swcd/Det_Cfg_SWCD.arxml"
 "E:/ETAS/ETAS_Test/ETAS_BIP_PT_CANID_Test/BasicSoftware/ecu_config/bsw/gen/swcd/EcuM_Cfg_SWCD.arxml"
 "E:/ETAS/ETAS_Test/ETAS_BIP_PT_CANID_Test/BasicSoftware/ecu_config/bsw/gen/swcd/FiM_Cfg_SWCD.arxml"
 "E:/ETAS/ETAS_Test/ETAS_BIP_PT_CANID_Test/BasicSoftware/ecu_config/bsw/gen/swcd/NvM_Cfg_SWCD.arxml"
 "E:/ETAS/ETAS_Test/ETAS_BIP_PT_CANID_Test/BasicSoftware/ecu_config/bsw/gen/swcd/WdgM_Cfg_SWCD.arxml"
 "E:/ETAS/ETAS_Test/ETAS_BIP_PT_CANID_Test/BasicSoftware/ecu_config/bsw/gen/swcd/rba_DiagLib_Cfg_SWCD.arxml"
 "E:/ETAS/ETAS_Test/ETAS_BIP_PT_CANID_Test/BasicSoftware/ecu_config/bsw/internal/ComStack_EcucValues.arxml"
 "E:/ETAS/ETAS_Test/ETAS_BIP_PT_CANID_Test/BasicSoftware/ecu_config/bsw/internal/bswmd_ecuc_values/CanIf_Prot_EcucValues.arxml"
 "E:/ETAS/ETAS_Test/ETAS_BIP_PT_CANID_Test/BasicSoftware/ecu_config/bsw/internal/bswmd_ecuc_values/CanNm_Prot_EcucValues.arxml"
 "E:/ETAS/ETAS_Test/ETAS_BIP_PT_CANID_Test/BasicSoftware/ecu_config/bsw/internal/bswmd_ecuc_values/CanSM_Prot_EcucValues.arxml"
 "E:/ETAS/ETAS_Test/ETAS_BIP_PT_CANID_Test/BasicSoftware/ecu_config/bsw/internal/bswmd_ecuc_values/ComM_Prot_EcucValues.arxml"
 "E:/ETAS/ETAS_Test/ETAS_BIP_PT_CANID_Test/BasicSoftware/ecu_config/bsw/internal/bswmd_ecuc_values/Com_Prot_EcucValues.arxml"
 "E:/ETAS/ETAS_Test/ETAS_BIP_PT_CANID_Test/BasicSoftware/ecu_config/bsw/internal/bswmd_ecuc_values/Nm_Prot_EcucValues.arxml"
 "E:/ETAS/ETAS_Test/ETAS_BIP_PT_CANID_Test/BasicSoftware/ecu_config/bsw/internal/bswmd_ecuc_values/PduR_Prot_EcucValues.arxml"
 "E:/ETAS/ETAS_Test/ETAS_BIP_PT_CANID_Test/BasicSoftware/ecu_config/bsw/internal/bswmd_ecuc_values/Xcp_BswMD_EcucValues.arxml"
 "E:/ETAS/ETAS_Test/ETAS_BIP_PT_CANID_Test/BasicSoftware/ecu_config/bsw/static/Base/ETAS_BswM_EcucValues.arxml"
 "E:/ETAS/ETAS_Test/ETAS_BIP_PT_CANID_Test/BasicSoftware/ecu_config/bsw/static/Base/ETAS_Det_EcucValues.arxml"
 "E:/ETAS/ETAS_Test/ETAS_BIP_PT_CANID_Test/BasicSoftware/ecu_config/bsw/static/Base/ETAS_EcuM_EcucValues.arxml"
 "E:/ETAS/ETAS_Test/ETAS_BIP_PT_CANID_Test/BasicSoftware/ecu_config/bsw/static/Base/ETAS_EcuM_Mcu_EcucValues.arxml"
 "E:/ETAS/ETAS_Test/ETAS_BIP_PT_CANID_Test/BasicSoftware/ecu_config/bsw/static/Diag/ETAS_Dem_Adc_EcucValues.arxml"
 "E:/ETAS/ETAS_Test/ETAS_BIP_PT_CANID_Test/BasicSoftware/ecu_config/bsw/static/Diag/ETAS_Dem_Can_EcucValues.arxml"
 "E:/ETAS/ETAS_Test/ETAS_BIP_PT_CANID_Test/BasicSoftware/ecu_config/bsw/static/Diag/ETAS_Dem_Dio_EcucValues.arxml"
 "E:/ETAS/ETAS_Test/ETAS_BIP_PT_CANID_Test/BasicSoftware/ecu_config/bsw/static/Diag/ETAS_Dem_Eth_EcucValues.arxml"
 "E:/ETAS/ETAS_Test/ETAS_BIP_PT_CANID_Test/BasicSoftware/ecu_config/bsw/static/Diag/ETAS_Dem_Fls_EcucValues.arxml"
 "E:/ETAS/ETAS_Test/ETAS_BIP_PT_CANID_Test/BasicSoftware/ecu_config/bsw/static/Diag/ETAS_Dem_Gpt_EcucValues.arxml"
 "E:/ETAS/ETAS_Test/ETAS_BIP_PT_CANID_Test/BasicSoftware/ecu_config/bsw/static/Diag/ETAS_Dem_Mcu_EcucValues.arxml"
 "E:/ETAS/ETAS_Test/ETAS_BIP_PT_CANID_Test/BasicSoftware/ecu_config/bsw/static/Diag/ETAS_Dem_Port_EcucValues.arxml"
 "E:/ETAS/ETAS_Test/ETAS_BIP_PT_CANID_Test/BasicSoftware/ecu_config/bsw/static/Diag/ETAS_Dem_Spi_EcucValues.arxml"
 "E:/ETAS/ETAS_Test/ETAS_BIP_PT_CANID_Test/BasicSoftware/ecu_config/bsw/static/Diag/ETAS_Dem_Wdg_EcucValues.arxml"
 "E:/ETAS/ETAS_Test/ETAS_BIP_PT_CANID_Test/BasicSoftware/ecu_config/bsw/static/Diag/ETAS_FiM_EcucValues.arxml"
 "E:/ETAS/ETAS_Test/ETAS_BIP_PT_CANID_Test/BasicSoftware/ecu_config/bsw/static/Libs/ETAS_Bfx_EcucValues.arxml"
 "E:/ETAS/ETAS_Test/ETAS_BIP_PT_CANID_Test/BasicSoftware/ecu_config/bsw/static/Libs/ETAS_CRC_EcucValues.arxml"
 "E:/ETAS/ETAS_Test/ETAS_BIP_PT_CANID_Test/BasicSoftware/ecu_config/bsw/static/Mem/ETAS_Fls_EcucValues.arxml"
 "E:/ETAS/ETAS_Test/ETAS_BIP_PT_CANID_Test/BasicSoftware/ecu_config/bsw/static/Mem/ETAS_NvM_EcucValues.arxml"
 "E:/ETAS/ETAS_Test/ETAS_BIP_PT_CANID_Test/BasicSoftware/ecu_config/bsw/static/Mem/ETAS_NvM_Fbl_EcucValues.arxml"
 "E:/ETAS/ETAS_Test/ETAS_BIP_PT_CANID_Test/BasicSoftware/ecu_config/bsw/static/Other_Modules/ETAS_EcuC_Partitions_AppCore_EcucValues.arxml"
 "E:/ETAS/ETAS_Test/ETAS_BIP_PT_CANID_Test/BasicSoftware/ecu_config/bsw/static/Other_Modules/ETAS_EcuC_Partitions_ComCore_EcucValues.arxml"
 "E:/ETAS/ETAS_Test/ETAS_BIP_PT_CANID_Test/BasicSoftware/ecu_config/bsw/static/Other_Modules/ETAS_EcuC_Partitions_SysCore_EcucValues.arxml"
 "E:/ETAS/ETAS_Test/ETAS_BIP_PT_CANID_Test/BasicSoftware/ecu_config/bsw/static/Other_Modules/ETAS_Mfl_EcucValues.arxml"
 "E:/ETAS/ETAS_Test/ETAS_BIP_PT_CANID_Test/BasicSoftware/ecu_config/bsw/static/Other_Modules/ETAS_Standard_EcucValues.arxml"
 "E:/ETAS/ETAS_Test/ETAS_BIP_PT_CANID_Test/BasicSoftware/ecu_config/bsw/static/Safe/ETAS_ExtWdg_EcucValues.arxml"
 "E:/ETAS/ETAS_Test/ETAS_BIP_PT_CANID_Test/BasicSoftware/ecu_config/bsw/static/Safe/ETAS_IntWdg_EcucValues.arxml"
 "E:/ETAS/ETAS_Test/ETAS_BIP_PT_CANID_Test/BasicSoftware/ecu_config/bsw/static/Safe/ETAS_WdgIf_EcucValues.arxml"
 "E:/ETAS/ETAS_Test/ETAS_BIP_PT_CANID_Test/BasicSoftware/ecu_config/bsw/static/Safe/ETAS_WdgM_EcucValues.arxml"
 "E:/ETAS/ETAS_Test/ETAS_BIP_PT_CANID_Test/BasicSoftware/ecu_config/bsw/static/Xcp/ETAS_XCP_EcucValues.arxml"
 "E:/ETAS/ETAS_Test/ETAS_BIP_PT_CANID_Test/BasicSoftware/ecu_config/cobra/Linker/ecucValues/ETAS_Linker_EcucValues.arxml"
 "E:/ETAS/ETAS_Test/ETAS_BIP_PT_CANID_Test/BasicSoftware/ecu_config/cobra/MemMap/AUTOSAR_MCAL_MemMap.arxml"
 "E:/ETAS/ETAS_Test/ETAS_BIP_PT_CANID_Test/BasicSoftware/ecu_config/cobra/MemMap/AUTOSAR_MemMap.arxml"
 "E:/ETAS/ETAS_Test/ETAS_BIP_PT_CANID_Test/BasicSoftware/ecu_config/cobra/Rtm/bswmd/ETAS_Rtm_BSWMD.arxml"
 "E:/ETAS/ETAS_Test/ETAS_BIP_PT_CANID_Test/BasicSoftware/ecu_config/cobra/Rtm/bswmd/ETAS_Rtm_Cfg_BSWMD.arxml"
 "E:/ETAS/ETAS_Test/ETAS_BIP_PT_CANID_Test/BasicSoftware/ecu_config/cobra/Rtm/bswmd/ETAS_Rtm_Cfg_SWCD.arxml"
 "E:/ETAS/ETAS_Test/ETAS_BIP_PT_CANID_Test/BasicSoftware/ecu_config/cobra/Rtm/ecucValues/ETAS_Rtm_EcucValues.arxml"
 "E:/ETAS/ETAS_Test/ETAS_BIP_PT_CANID_Test/BasicSoftware/ecu_config/cobra/StackM/bswmd/ETAS_StackM_BSWMD.arxml"
 "E:/ETAS/ETAS_Test/ETAS_BIP_PT_CANID_Test/BasicSoftware/ecu_config/cobra/StackM/bswmd/ETAS_StackM_Cfg_BSWMD.arxml"
 "E:/ETAS/ETAS_Test/ETAS_BIP_PT_CANID_Test/BasicSoftware/ecu_config/cobra/StackM/bswmd/ETAS_StackM_Cfg_SWCD.arxml"
 "E:/ETAS/ETAS_Test/ETAS_BIP_PT_CANID_Test/BasicSoftware/ecu_config/cobra/StackM/ecucValues/ETAS_StackM_EcucValues.arxml"
 "E:/ETAS/ETAS_Test/ETAS_BIP_PT_CANID_Test/BasicSoftware/ecu_config/cobra/TstM/bswmd/ETAS_TstM_BSWMD.arxml"
 "E:/ETAS/ETAS_Test/ETAS_BIP_PT_CANID_Test/BasicSoftware/ecu_config/cobra/TstM/bswmd/ETAS_TstM_Cfg_BSWMD.arxml"
 "E:/ETAS/ETAS_Test/ETAS_BIP_PT_CANID_Test/BasicSoftware/ecu_config/cobra/TstM/bswmd/ETAS_TstM_Cfg_SWCD.arxml"
 "E:/ETAS/ETAS_Test/ETAS_BIP_PT_CANID_Test/BasicSoftware/ecu_config/common/Basic_Interfaces.arxml"
 "E:/ETAS/ETAS_Test/ETAS_BIP_PT_CANID_Test/BasicSoftware/ecu_config/common/ETAS_BswM_ModeMapping.arxml"
 "E:/ETAS/ETAS_Test/ETAS_BIP_PT_CANID_Test/BasicSoftware/ecu_config/os/static/ETAS_Os_Applications_AppCore_EcucValues.arxml"
 "E:/ETAS/ETAS_Test/ETAS_BIP_PT_CANID_Test/BasicSoftware/ecu_config/os/static/ETAS_Os_Applications_ComCore_EcucValues.arxml"
 "E:/ETAS/ETAS_Test/ETAS_BIP_PT_CANID_Test/BasicSoftware/ecu_config/os/static/ETAS_Os_Applications_SysCore_EcucValues.arxml"
 "E:/ETAS/ETAS_Test/ETAS_BIP_PT_CANID_Test/BasicSoftware/ecu_config/os/static/ETAS_Os_Mcal_EcucValues.arxml"
 "E:/ETAS/ETAS_Test/ETAS_BIP_PT_CANID_Test/BasicSoftware/ecu_config/os/static/ETAS_Os_Target_EcucValues.arxml"
 "E:/ETAS/ETAS_Test/ETAS_BIP_PT_CANID_Test/BasicSoftware/ecu_config/os/static/ETAS_Os_VendorSpecific_EcucValues.arxml"
 "E:/ETAS/ETAS_Test/ETAS_BIP_PT_CANID_Test/BasicSoftware/ecu_config/os/static/ETAS_Os_VendorSpecific_Rtm_EcucValues.arxml"
 "E:/ETAS/ETAS_Test/ETAS_BIP_PT_CANID_Test/BasicSoftware/ecu_config/rte/static/ETAS_Rte_EcucValues.arxml"
 "E:/ETAS/ETAS_Test/ETAS_BIP_PT_CANID_Test/BasicSoftware/integration/config/ETAS_Fee_EcucValues.arxml"
 "E:/ETAS/ETAS_Test/ETAS_BIP_PT_CANID_Test/BasicSoftware/integration/config/ETAS_Platform_EcucValues.arxml"
 "E:/ETAS/ETAS_Test/ETAS_BIP_PT_CANID_Test/BasicSoftware/integration/mcal/ISOLAR/bswmd/Can_BSWMD.arxml"
 "E:/ETAS/ETAS_Test/ETAS_BIP_PT_CANID_Test/BasicSoftware/integration/mcal/ISOLAR/bswmd/MCU_BSWMD.arxml"
 "E:/ETAS/ETAS_Test/ETAS_BIP_PT_CANID_Test/BasicSoftware/integration/mcal/ISOLAR/ecucValues/ETAS_Mcu4WdgM_EcucValues.arxml"
 "E:/ETAS/ETAS_Test/ETAS_BIP_PT_CANID_Test/BasicSoftware/integration/mcal/ISOLAR/ecucValues/ETAS_Mcu_EcucValues.arxml"
 "E:/ETAS/ETAS_Test/ETAS_BIP_PT_CANID_Test/BasicSoftware/integration/mcal/ISOLAR/paramdefs/MCU.arxml"
 "E:/ETAS/ETAS_Test/ETAS_BIP_PT_CANID_Test/BasicSoftware/integration/src/bsw/CanIf/integration/Can_GeneralTypes.arxml"
 "E:/ETAS/ETAS_Test/ETAS_BIP_PT_CANID_Test/BasicSoftware/src/bsw/CanIf/integration/Can_GeneralTypes.arxml"
 "E:/ETAS/ETAS_Test/ETAS_BIP_PT_CANID_Test/BasicSoftware/swc_config/CalUT/arxml/CalUT.arxml"
 "E:/ETAS/ETAS_Test/ETAS_BIP_PT_CANID_Test/BasicSoftware/swc_config/Composition_AppCluster.arxml"
 "E:/ETAS/ETAS_Test/ETAS_BIP_PT_CANID_Test/BasicSoftware/swc_config/Composition_ComCluster.arxml"
 "E:/ETAS/ETAS_Test/ETAS_BIP_PT_CANID_Test/BasicSoftware/swc_config/Composition_SysCluster.arxml"
 "E:/ETAS/ETAS_Test/ETAS_BIP_PT_CANID_Test/BasicSoftware/swc_config/Composition_TopLevel.arxml"
 "E:/ETAS/ETAS_Test/ETAS_BIP_PT_CANID_Test/BasicSoftware/swc_config/DiagUT/arxml/DiagUT.arxml"
 "E:/ETAS/ETAS_Test/ETAS_BIP_PT_CANID_Test/BasicSoftware/swc_config/ExeMgr_SWC/arxml/ExeMgr_SWC.arxml"
 "E:/ETAS/ETAS_Test/ETAS_BIP_PT_CANID_Test/BasicSoftware/swc_config/ExeMgr_SWC/arxml/MSI_APPMode.arxml"
 "E:/ETAS/ETAS_Test/ETAS_BIP_PT_CANID_Test/BasicSoftware/swc_config/INP_SWC/arxml/INP_SWC.arxml"
 "E:/ETAS/ETAS_Test/ETAS_BIP_PT_CANID_Test/BasicSoftware/swc_config/NmUT/arxml/NmUT.arxml"
 "E:/ETAS/ETAS_Test/ETAS_BIP_PT_CANID_Test/BasicSoftware/swc_config/NvBlock/arxml/AUTOSAR_NvBlockSwComponentType_PortInterfaces.arxml"
 "E:/ETAS/ETAS_Test/ETAS_BIP_PT_CANID_Test/BasicSoftware/swc_config/NvBlock/arxml/NvBlock.arxml"
 "E:/ETAS/ETAS_Test/ETAS_BIP_PT_CANID_Test/BasicSoftware/swc_config/NvMUT/arxml/NvMUT.arxml"
 "E:/ETAS/ETAS_Test/ETAS_BIP_PT_CANID_Test/BasicSoftware/swc_config/OUTP_SWC/arxml/OUTP_SWC.arxml"
 "E:/ETAS/ETAS_Test/ETAS_BIP_PT_CANID_Test/BasicSoftware/swc_config/OUTP_SWC/arxml/SRInterface.arxml"
 "E:/ETAS/ETAS_Test/ETAS_BIP_PT_CANID_Test/BasicSoftware/swc_config/WdgMUT/arxml/WdgMUT.arxml"
 "E:/ETAS/ETAS_Test/ETAS_BIP_PT_CANID_Test/BasicSoftware/system_config/PlatformBaseOld_Types.arxml"
 "E:/ETAS/ETAS_Test/ETAS_BIP_PT_CANID_Test/BasicSoftware/system_config/PlatformBase_Types.arxml"
 "E:/ETAS/ETAS_Test/ETAS_BIP_PT_CANID_Test/BasicSoftware/system_config/PlatformOld_Types.arxml"
 "E:/ETAS/ETAS_Test/ETAS_BIP_PT_CANID_Test/BasicSoftware/system_config/PlatformSwBasePatch_Types.arxml"
 "E:/ETAS/ETAS_Test/ETAS_BIP_PT_CANID_Test/BasicSoftware/system_config/Platform_Types.arxml"
 "E:/ETAS/ETAS_Test/ETAS_BIP_PT_CANID_Test/BasicSoftware/system_config/Standard_Types.arxml"
 "E:/ETAS/ETAS_Test/ETAS_BIP_PT_CANID_Test/BasicSoftware/system_config/System.arxml"
 "E:/ETAS/ETAS_Test/ETAS_BIP_PT_CANID_Test/BasicSoftware/system_config/cobra_SwAddrMethod.arxml"
 "E:/ETAS/ETAS_Test/ETAS_BIP_PT_CANID_Test/BasicSoftware/system_config/rba_CUCELCompuMethods_BSWMD.arxml"
 "E:/ETAS/ETAS_Test/ETAS_BIP_PT_CANID_Test/BasicSoftware/system_config/rba_CUCELSwAddrMethod_BSWMD.arxml"
