********************************************************************************
Build Execution started
********************************************************************************
Tool Version : ISOLAR-A/B 9.2.1 
Tool Build Id :20220317_1800
Date : Wed May 24 16:15:33 CST 2023
Project : ETAS_BIP_PT_ARC
********************************************************************************

********************************************************************************
Project clean execution has started at 16:15:33:759 hh:mm:ss:ms 
********************************************************************************
E:\ETAS\ETAS_Test\ETAS_BIP_PT_CANID_Test\BasicSoftware\src\rte\gen directory cleaned
Clean action: RTA_RTE 
********************************************************************************
Project clean execution has been completed
Time taken to run Project Clean :: 00:00:00:056 hh:mm:ss:ms 
********************************************************************************
********************************************************************************
Pre build execution has started at 16:15:34:027 hh:mm:ss:ms 
********************************************************************************
Pre build validation successfully completed
Execute action: RtePreProcessor 
********************************************************************************
Execution of action RtePreProcessor successfully completed
********************************************************************************
********************************************************************************
Main build execution has started at 16:15:41:585 hh:mm:ss:ms 
********************************************************************************
Execute action: RTA_RTE 
********************************************************************************
Command line options: 
-q 1 -r /SysDesc/Pkg_Ecu/ETAS -o [*.*]E:/ETAS/ETAS_Test/ETAS_BIP_PT_CANID_Test/BasicSoftware/src/rte/gen -f E:/ETAS/ETAS_Test/ETAS_BIP_PT_CANID_Test/BasicSoftware/src/rte/gen/rtegen_files.lst [ C:/Users/fei.xu1/AppData/Local/Temp/rta/rte/AR1911/CanTpConfig.arxml C:/Users/fei.xu1/AppData/Local/Temp/rta/rte/AR1911/DBC_SysDesc_Can_Network.arxml C:/Users/fei.xu1/AppData/Local/Temp/rta/rte/AR1911/ETAS_FlatMap.arxml C:/Users/fei.xu1/AppData/Local/Temp/rta/rte/AR1911/ETAS_FlatView_SWCD.arxml C:/Users/fei.xu1/AppData/Local/Temp/rta/rte/AR1911/EcucValueCollection_Generated.arxml C:/Users/fei.xu1/AppData/Local/Temp/rta/rte/AR1911/System_EcuExtr.arxml C:/Users/fei.xu1/AppData/Local/Temp/rta/rte/AR1911/ecu_config/bsw/gen/ComM_EOC.arxml C:/Users/fei.xu1/AppData/Local/Temp/rta/rte/AR1911/ecu_config/bsw/gen/ComStack_Types.arxml C:/Users/fei.xu1/AppData/Local/Temp/rta/rte/AR1911/ecu_config/bsw/gen/Com_EOC.arxml C:/Users/fei.xu1/AppData/Local/Temp/rta/rte/AR1911/ecu_config/bsw/gen/Com_Flatmap.arxml C:/Users/fei.xu1/AppData/Local/Temp/rta/rte/AR1911/ecu_config/bsw/gen/DCM_SWC.arxml C:/Users/fei.xu1/AppData/Local/Temp/rta/rte/AR1911/ecu_config/bsw/gen/DEM_SWC.arxml C:/Users/fei.xu1/AppData/Local/Temp/rta/rte/AR1911/ecu_config/bsw/gen/ETAS_Project_CanIf_EcucValues.arxml C:/Users/fei.xu1/AppData/Local/Temp/rta/rte/AR1911/ecu_config/bsw/gen/ETAS_Project_CanNm_EcucValues.arxml C:/Users/fei.xu1/AppData/Local/Temp/rta/rte/AR1911/ecu_config/bsw/gen/ETAS_Project_CanSM_EcucValues.arxml C:/Users/fei.xu1/AppData/Local/Temp/rta/rte/AR1911/ecu_config/bsw/gen/ETAS_Project_CanTp_EcucValues.arxml C:/Users/fei.xu1/AppData/Local/Temp/rta/rte/AR1911/ecu_config/bsw/gen/ETAS_Project_Can_EcucValues.arxml C:/Users/fei.xu1/AppData/Local/Temp/rta/rte/AR1911/ecu_config/bsw/gen/ETAS_Project_ComM_EcucValues.arxml C:/Users/fei.xu1/AppData/Local/Temp/rta/rte/AR1911/ecu_config/bsw/gen/ETAS_Project_Com_EcucValues.arxml C:/Users/fei.xu1/AppData/Local/Temp/rta/rte/AR1911/ecu_config/bsw/gen/ETAS_Project_Dcm_EcucValues.arxml C:/Users/fei.xu1/AppData/Local/Temp/rta/rte/AR1911/ecu_config/bsw/gen/ETAS_Project_Dem_EcucValues.arxml C:/Users/fei.xu1/AppData/Local/Temp/rta/rte/AR1911/ecu_config/bsw/gen/ETAS_Project_EcuC_EcucValues.arxml C:/Users/fei.xu1/AppData/Local/Temp/rta/rte/AR1911/ecu_config/bsw/gen/ETAS_Project_Fee_EcucValues.arxml C:/Users/fei.xu1/AppData/Local/Temp/rta/rte/AR1911/ecu_config/bsw/gen/ETAS_Project_MemIf_EcucValues.arxml C:/Users/fei.xu1/AppData/Local/Temp/rta/rte/AR1911/ecu_config/bsw/gen/ETAS_Project_Nm_EcucValues.arxml C:/Users/fei.xu1/AppData/Local/Temp/rta/rte/AR1911/ecu_config/bsw/gen/ETAS_Project_NvM_EcucValues.arxml C:/Users/fei.xu1/AppData/Local/Temp/rta/rte/AR1911/ecu_config/bsw/gen/ETAS_Project_PduR_EcucValues.arxml C:/Users/fei.xu1/AppData/Local/Temp/rta/rte/AR1911/ecu_config/bsw/gen/ETAS_Project_Xcp_EcucValues.arxml C:/Users/fei.xu1/AppData/Local/Temp/rta/rte/AR1911/ecu_config/bsw/gen/ETAS_Project_rba_MemLib_EcucValues.arxml C:/Users/fei.xu1/AppData/Local/Temp/rta/rte/AR1911/ecu_config/bsw/gen/Nm_EOC.arxml C:/Users/fei.xu1/AppData/Local/Temp/rta/rte/AR1911/ecu_config/bsw/gen/Xcp_EOC.arxml C:/Users/fei.xu1/AppData/Local/Temp/rta/rte/AR1911/ecu_config/bsw/gen/_fwd/ecuc_configuration_values_fwd.arxml C:/Users/fei.xu1/AppData/Local/Temp/rta/rte/AR1911/ecu_config/bsw/gen/bswmd/Bfx_BSWMD.arxml C:/Users/fei.xu1/AppData/Local/Temp/rta/rte/AR1911/ecu_config/bsw/gen/bswmd/BswM_Cfg_BSWMD.arxml C:/Users/fei.xu1/AppData/Local/Temp/rta/rte/AR1911/ecu_config/bsw/gen/bswmd/CanIf_BSWMD.arxml C:/Users/fei.xu1/AppData/Local/Temp/rta/rte/AR1911/ecu_config/bsw/gen/bswmd/CanIf_Cfg_BSWMD.arxml C:/Users/fei.xu1/AppData/Local/Temp/rta/rte/AR1911/ecu_config/bsw/gen/bswmd/CanIf_EOC.arxml C:/Users/fei.xu1/AppData/Local/Temp/rta/rte/AR1911/ecu_config/bsw/gen/bswmd/CanNm_BSWMD.arxml C:/Users/fei.xu1/AppData/Local/Temp/rta/rte/AR1911/ecu_config/bsw/gen/bswmd/CanNm_Cfg_BSWMD.arxml C:/Users/fei.xu1/AppData/Local/Temp/rta/rte/AR1911/ecu_config/bsw/gen/bswmd/CanNm_EOC.arxml C:/Users/fei.xu1/AppData/Local/Temp/rta/rte/AR1911/ecu_config/bsw/gen/bswmd/CanSM_BSWMD.arxml C:/Users/fei.xu1/AppData/Local/Temp/rta/rte/AR1911/ecu_config/bsw/gen/bswmd/CanSM_Cfg_BSWMD.arxml C:/Users/fei.xu1/AppData/Local/Temp/rta/rte/AR1911/ecu_config/bsw/gen/bswmd/CanSM_EOC.arxml C:/Users/fei.xu1/AppData/Local/Temp/rta/rte/AR1911/ecu_config/bsw/gen/bswmd/CanTp_BSWMD.arxml C:/Users/fei.xu1/AppData/Local/Temp/rta/rte/AR1911/ecu_config/bsw/gen/bswmd/CanTp_Cfg_BSWMD.arxml C:/Users/fei.xu1/AppData/Local/Temp/rta/rte/AR1911/ecu_config/bsw/gen/bswmd/ComM_BSWMD.arxml C:/Users/fei.xu1/AppData/Local/Temp/rta/rte/AR1911/ecu_config/bsw/gen/bswmd/ComM_Cfg_BSWMD.arxml C:/Users/fei.xu1/AppData/Local/Temp/rta/rte/AR1911/ecu_config/bsw/gen/bswmd/Com_BSWMD.arxml C:/Users/fei.xu1/AppData/Local/Temp/rta/rte/AR1911/ecu_config/bsw/gen/bswmd/Com_Cfg_BSWMD.arxml C:/Users/fei.xu1/AppData/Local/Temp/rta/rte/AR1911/ecu_config/bsw/gen/bswmd/Crc_Cfg_BSWMD.arxml C:/Users/fei.xu1/AppData/Local/Temp/rta/rte/AR1911/ecu_config/bsw/gen/bswmd/Dcm_BSWMD.arxml C:/Users/fei.xu1/AppData/Local/Temp/rta/rte/AR1911/ecu_config/bsw/gen/bswmd/Dcm_Cfg_BSWMD.arxml C:/Users/fei.xu1/AppData/Local/Temp/rta/rte/AR1911/ecu_config/bsw/gen/bswmd/Dem_Cfg_BSWMD.arxml C:/Users/fei.xu1/AppData/Local/Temp/rta/rte/AR1911/ecu_config/bsw/gen/bswmd/EcuM_BSWMD.arxml C:/Users/fei.xu1/AppData/Local/Temp/rta/rte/AR1911/ecu_config/bsw/gen/bswmd/EcuM_Cfg_BSWMD.arxml C:/Users/fei.xu1/AppData/Local/Temp/rta/rte/AR1911/ecu_config/bsw/gen/bswmd/Fee_BSWMD.arxml C:/Users/fei.xu1/AppData/Local/Temp/rta/rte/AR1911/ecu_config/bsw/gen/bswmd/FiM_Cfg_BSWMD.arxml C:/Users/fei.xu1/AppData/Local/Temp/rta/rte/AR1911/ecu_config/bsw/gen/bswmd/MemIf_Cfg_BSWMD.arxml C:/Users/fei.xu1/AppData/Local/Temp/rta/rte/AR1911/ecu_config/bsw/gen/bswmd/Mfl_BSWMD.arxml C:/Users/fei.xu1/AppData/Local/Temp/rta/rte/AR1911/ecu_config/bsw/gen/bswmd/Nm_BSWMD.arxml C:/Users/fei.xu1/AppData/Local/Temp/rta/rte/AR1911/ecu_config/bsw/gen/bswmd/Nm_Cfg_BSWMD.arxml C:/Users/fei.xu1/AppData/Local/Temp/rta/rte/AR1911/ecu_config/bsw/gen/bswmd/NvM_Cfg_BSWMD.arxml C:/Users/fei.xu1/AppData/Local/Temp/rta/rte/AR1911/ecu_config/bsw/gen/bswmd/NvM_Static_Cfg_BSWMD.arxml C:/Users/fei.xu1/AppData/Local/Temp/rta/rte/AR1911/ecu_config/bsw/gen/bswmd/PduR_BSWMD.arxml C:/Users/fei.xu1/AppData/Local/Temp/rta/rte/AR1911/ecu_config/bsw/gen/bswmd/PduR_Cfg_BSWMD.arxml C:/Users/fei.xu1/AppData/Local/Temp/rta/rte/AR1911/ecu_config/bsw/gen/bswmd/PduR_EOC.arxml C:/Users/fei.xu1/AppData/Local/Temp/rta/rte/AR1911/ecu_config/bsw/gen/bswmd/WdgIf_Cfg_BSWMD.arxml C:/Users/fei.xu1/AppData/Local/Temp/rta/rte/AR1911/ecu_config/bsw/gen/bswmd/WdgM_Cfg_BSWMD.arxml C:/Users/fei.xu1/AppData/Local/Temp/rta/rte/AR1911/ecu_config/bsw/gen/bswmd/Xcp_Cfg_BSWMD.arxml C:/Users/fei.xu1/AppData/Local/Temp/rta/rte/AR1911/ecu_config/bsw/gen/bswmd/Xcp_Cfg_ModuleEntries_BSWMD.arxml C:/Users/fei.xu1/AppData/Local/Temp/rta/rte/AR1911/ecu_config/bsw/gen/bswmd/rba_MemLib_BSWMD.arxml C:/Users/fei.xu1/AppData/Local/Temp/rta/rte/AR1911/ecu_config/bsw/gen/swcd/BswM_Cfg_SWCD.arxml C:/Users/fei.xu1/AppData/Local/Temp/rta/rte/AR1911/ecu_config/bsw/gen/swcd/ComM_Cfg_SWCD.arxml C:/Users/fei.xu1/AppData/Local/Temp/rta/rte/AR1911/ecu_config/bsw/gen/swcd/ComM_SWCD.arxml C:/Users/fei.xu1/AppData/Local/Temp/rta/rte/AR1911/ecu_config/bsw/gen/swcd/Dcm_Cfg_SWCD.arxml C:/Users/fei.xu1/AppData/Local/Temp/rta/rte/AR1911/ecu_config/bsw/gen/swcd/Dem_Cfg_SWCD.arxml C:/Users/fei.xu1/AppData/Local/Temp/rta/rte/AR1911/ecu_config/bsw/gen/swcd/Det_Cfg_SWCD.arxml C:/Users/fei.xu1/AppData/Local/Temp/rta/rte/AR1911/ecu_config/bsw/gen/swcd/EcuM_Cfg_SWCD.arxml C:/Users/fei.xu1/AppData/Local/Temp/rta/rte/AR1911/ecu_config/bsw/gen/swcd/FiM_Cfg_SWCD.arxml C:/Users/fei.xu1/AppData/Local/Temp/rta/rte/AR1911/ecu_config/bsw/gen/swcd/NvM_Cfg_SWCD.arxml C:/Users/fei.xu1/AppData/Local/Temp/rta/rte/AR1911/ecu_config/bsw/gen/swcd/WdgM_Cfg_SWCD.arxml C:/Users/fei.xu1/AppData/Local/Temp/rta/rte/AR1911/ecu_config/bsw/gen/swcd/rba_DiagLib_Cfg_SWCD.arxml C:/Users/fei.xu1/AppData/Local/Temp/rta/rte/AR1911/ecu_config/bsw/internal/ComStack_EcucValues.arxml C:/Users/fei.xu1/AppData/Local/Temp/rta/rte/AR1911/ecu_config/bsw/internal/bswmd_ecuc_values/CanIf_Prot_EcucValues.arxml C:/Users/fei.xu1/AppData/Local/Temp/rta/rte/AR1911/ecu_config/bsw/internal/bswmd_ecuc_values/CanNm_Prot_EcucValues.arxml C:/Users/fei.xu1/AppData/Local/Temp/rta/rte/AR1911/ecu_config/bsw/internal/bswmd_ecuc_values/CanSM_Prot_EcucValues.arxml C:/Users/fei.xu1/AppData/Local/Temp/rta/rte/AR1911/ecu_config/bsw/internal/bswmd_ecuc_values/ComM_Prot_EcucValues.arxml C:/Users/fei.xu1/AppData/Local/Temp/rta/rte/AR1911/ecu_config/bsw/internal/bswmd_ecuc_values/Com_Prot_EcucValues.arxml C:/Users/fei.xu1/AppData/Local/Temp/rta/rte/AR1911/ecu_config/bsw/internal/bswmd_ecuc_values/Nm_Prot_EcucValues.arxml C:/Users/fei.xu1/AppData/Local/Temp/rta/rte/AR1911/ecu_config/bsw/internal/bswmd_ecuc_values/PduR_Prot_EcucValues.arxml C:/Users/fei.xu1/AppData/Local/Temp/rta/rte/AR1911/ecu_config/bsw/internal/bswmd_ecuc_values/Xcp_BswMD_EcucValues.arxml C:/Users/fei.xu1/AppData/Local/Temp/rta/rte/AR1911/ecu_config/bsw/static/Base/ETAS_BswM_EcucValues.arxml C:/Users/fei.xu1/AppData/Local/Temp/rta/rte/AR1911/ecu_config/bsw/static/Base/ETAS_Det_EcucValues.arxml C:/Users/fei.xu1/AppData/Local/Temp/rta/rte/AR1911/ecu_config/bsw/static/Base/ETAS_EcuM_EcucValues.arxml C:/Users/fei.xu1/AppData/Local/Temp/rta/rte/AR1911/ecu_config/bsw/static/Base/ETAS_EcuM_Mcu_EcucValues.arxml C:/Users/fei.xu1/AppData/Local/Temp/rta/rte/AR1911/ecu_config/bsw/static/Diag/ETAS_Dem_Adc_EcucValues.arxml C:/Users/fei.xu1/AppData/Local/Temp/rta/rte/AR1911/ecu_config/bsw/static/Diag/ETAS_Dem_Can_EcucValues.arxml C:/Users/fei.xu1/AppData/Local/Temp/rta/rte/AR1911/ecu_config/bsw/static/Diag/ETAS_Dem_Dio_EcucValues.arxml C:/Users/fei.xu1/AppData/Local/Temp/rta/rte/AR1911/ecu_config/bsw/static/Diag/ETAS_Dem_Eth_EcucValues.arxml C:/Users/fei.xu1/AppData/Local/Temp/rta/rte/AR1911/ecu_config/bsw/static/Diag/ETAS_Dem_Fls_EcucValues.arxml C:/Users/fei.xu1/AppData/Local/Temp/rta/rte/AR1911/ecu_config/bsw/static/Diag/ETAS_Dem_Gpt_EcucValues.arxml C:/Users/fei.xu1/AppData/Local/Temp/rta/rte/AR1911/ecu_config/bsw/static/Diag/ETAS_Dem_Mcu_EcucValues.arxml C:/Users/fei.xu1/AppData/Local/Temp/rta/rte/AR1911/ecu_config/bsw/static/Diag/ETAS_Dem_Port_EcucValues.arxml C:/Users/fei.xu1/AppData/Local/Temp/rta/rte/AR1911/ecu_config/bsw/static/Diag/ETAS_Dem_Spi_EcucValues.arxml C:/Users/fei.xu1/AppData/Local/Temp/rta/rte/AR1911/ecu_config/bsw/static/Diag/ETAS_Dem_Wdg_EcucValues.arxml C:/Users/fei.xu1/AppData/Local/Temp/rta/rte/AR1911/ecu_config/bsw/static/Diag/ETAS_FiM_EcucValues.arxml C:/Users/fei.xu1/AppData/Local/Temp/rta/rte/AR1911/ecu_config/bsw/static/Libs/ETAS_Bfx_EcucValues.arxml C:/Users/fei.xu1/AppData/Local/Temp/rta/rte/AR1911/ecu_config/bsw/static/Libs/ETAS_CRC_EcucValues.arxml C:/Users/fei.xu1/AppData/Local/Temp/rta/rte/AR1911/ecu_config/bsw/static/Mem/ETAS_Fls_EcucValues.arxml C:/Users/fei.xu1/AppData/Local/Temp/rta/rte/AR1911/ecu_config/bsw/static/Mem/ETAS_NvM_EcucValues.arxml C:/Users/fei.xu1/AppData/Local/Temp/rta/rte/AR1911/ecu_config/bsw/static/Mem/ETAS_NvM_Fbl_EcucValues.arxml C:/Users/fei.xu1/AppData/Local/Temp/rta/rte/AR1911/ecu_config/bsw/static/Other_Modules/ETAS_EcuC_Partitions_AppCore_EcucValues.arxml C:/Users/fei.xu1/AppData/Local/Temp/rta/rte/AR1911/ecu_config/bsw/static/Other_Modules/ETAS_EcuC_Partitions_ComCore_EcucValues.arxml C:/Users/fei.xu1/AppData/Local/Temp/rta/rte/AR1911/ecu_config/bsw/static/Other_Modules/ETAS_EcuC_Partitions_SysCore_EcucValues.arxml C:/Users/fei.xu1/AppData/Local/Temp/rta/rte/AR1911/ecu_config/bsw/static/Other_Modules/ETAS_Mfl_EcucValues.arxml C:/Users/fei.xu1/AppData/Local/Temp/rta/rte/AR1911/ecu_config/bsw/static/Other_Modules/ETAS_Standard_EcucValues.arxml C:/Users/fei.xu1/AppData/Local/Temp/rta/rte/AR1911/ecu_config/bsw/static/Safe/ETAS_ExtWdg_EcucValues.arxml C:/Users/fei.xu1/AppData/Local/Temp/rta/rte/AR1911/ecu_config/bsw/static/Safe/ETAS_IntWdg_EcucValues.arxml C:/Users/fei.xu1/AppData/Local/Temp/rta/rte/AR1911/ecu_config/bsw/static/Safe/ETAS_WdgIf_EcucValues.arxml C:/Users/fei.xu1/AppData/Local/Temp/rta/rte/AR1911/ecu_config/bsw/static/Safe/ETAS_WdgM_EcucValues.arxml C:/Users/fei.xu1/AppData/Local/Temp/rta/rte/AR1911/ecu_config/bsw/static/Xcp/ETAS_XCP_EcucValues.arxml C:/Users/fei.xu1/AppData/Local/Temp/rta/rte/AR1911/ecu_config/cobra/Linker/ecucValues/ETAS_Linker_EcucValues.arxml C:/Users/fei.xu1/AppData/Local/Temp/rta/rte/AR1911/ecu_config/cobra/MemMap/AUTOSAR_MCAL_MemMap.arxml C:/Users/fei.xu1/AppData/Local/Temp/rta/rte/AR1911/ecu_config/cobra/MemMap/AUTOSAR_MemMap.arxml C:/Users/fei.xu1/AppData/Local/Temp/rta/rte/AR1911/ecu_config/cobra/Rtm/bswmd/ETAS_Rtm_BSWMD.arxml C:/Users/fei.xu1/AppData/Local/Temp/rta/rte/AR1911/ecu_config/cobra/Rtm/bswmd/ETAS_Rtm_Cfg_BSWMD.arxml C:/Users/fei.xu1/AppData/Local/Temp/rta/rte/AR1911/ecu_config/cobra/Rtm/bswmd/ETAS_Rtm_Cfg_SWCD.arxml C:/Users/fei.xu1/AppData/Local/Temp/rta/rte/AR1911/ecu_config/cobra/Rtm/ecucValues/ETAS_Rtm_EcucValues.arxml C:/Users/fei.xu1/AppData/Local/Temp/rta/rte/AR1911/ecu_config/cobra/StackM/bswmd/ETAS_StackM_BSWMD.arxml C:/Users/fei.xu1/AppData/Local/Temp/rta/rte/AR1911/ecu_config/cobra/StackM/bswmd/ETAS_StackM_Cfg_BSWMD.arxml C:/Users/fei.xu1/AppData/Local/Temp/rta/rte/AR1911/ecu_config/cobra/StackM/bswmd/ETAS_StackM_Cfg_SWCD.arxml C:/Users/fei.xu1/AppData/Local/Temp/rta/rte/AR1911/ecu_config/cobra/StackM/ecucValues/ETAS_StackM_EcucValues.arxml C:/Users/fei.xu1/AppData/Local/Temp/rta/rte/AR1911/ecu_config/cobra/TstM/bswmd/ETAS_TstM_BSWMD.arxml C:/Users/fei.xu1/AppData/Local/Temp/rta/rte/AR1911/ecu_config/cobra/TstM/bswmd/ETAS_TstM_Cfg_BSWMD.arxml C:/Users/fei.xu1/AppData/Local/Temp/rta/rte/AR1911/ecu_config/cobra/TstM/bswmd/ETAS_TstM_Cfg_SWCD.arxml C:/Users/fei.xu1/AppData/Local/Temp/rta/rte/AR1911/ecu_config/common/Basic_Interfaces.arxml C:/Users/fei.xu1/AppData/Local/Temp/rta/rte/AR1911/ecu_config/common/ETAS_BswM_ModeMapping.arxml C:/Users/fei.xu1/AppData/Local/Temp/rta/rte/AR1911/ecu_config/os/static/ETAS_Os_Applications_AppCore_EcucValues.arxml C:/Users/fei.xu1/AppData/Local/Temp/rta/rte/AR1911/ecu_config/os/static/ETAS_Os_Applications_ComCore_EcucValues.arxml C:/Users/fei.xu1/AppData/Local/Temp/rta/rte/AR1911/ecu_config/os/static/ETAS_Os_Applications_SysCore_EcucValues.arxml C:/Users/fei.xu1/AppData/Local/Temp/rta/rte/AR1911/ecu_config/os/static/ETAS_Os_Mcal_EcucValues.arxml C:/Users/fei.xu1/AppData/Local/Temp/rta/rte/AR1911/ecu_config/os/static/ETAS_Os_Target_EcucValues.arxml C:/Users/fei.xu1/AppData/Local/Temp/rta/rte/AR1911/ecu_config/os/static/ETAS_Os_VendorSpecific_EcucValues.arxml C:/Users/fei.xu1/AppData/Local/Temp/rta/rte/AR1911/ecu_config/os/static/ETAS_Os_VendorSpecific_Rtm_EcucValues.arxml C:/Users/fei.xu1/AppData/Local/Temp/rta/rte/AR1911/ecu_config/rte/static/ETAS_Rte_EcucValues.arxml C:/Users/fei.xu1/AppData/Local/Temp/rta/rte/AR1911/integration/config/ETAS_Fee_EcucValues.arxml C:/Users/fei.xu1/AppData/Local/Temp/rta/rte/AR1911/integration/config/ETAS_Platform_EcucValues.arxml C:/Users/fei.xu1/AppData/Local/Temp/rta/rte/AR1911/integration/mcal/ISOLAR/bswmd/Can_BSWMD.arxml C:/Users/fei.xu1/AppData/Local/Temp/rta/rte/AR1911/integration/mcal/ISOLAR/bswmd/MCU_BSWMD.arxml C:/Users/fei.xu1/AppData/Local/Temp/rta/rte/AR1911/integration/mcal/ISOLAR/ecucValues/ETAS_Mcu4WdgM_EcucValues.arxml C:/Users/fei.xu1/AppData/Local/Temp/rta/rte/AR1911/integration/mcal/ISOLAR/ecucValues/ETAS_Mcu_EcucValues.arxml C:/Users/fei.xu1/AppData/Local/Temp/rta/rte/AR1911/integration/mcal/ISOLAR/paramdefs/MCU.arxml C:/Users/fei.xu1/AppData/Local/Temp/rta/rte/AR1911/integration/src/bsw/CanIf/integration/Can_GeneralTypes.arxml C:/Users/fei.xu1/AppData/Local/Temp/rta/rte/AR1911/src/bsw/CanIf/integration/Can_GeneralTypes.arxml C:/Users/fei.xu1/AppData/Local/Temp/rta/rte/AR1911/swc_config/CalUT/arxml/CalUT.arxml C:/Users/fei.xu1/AppData/Local/Temp/rta/rte/AR1911/swc_config/Composition_AppCluster.arxml C:/Users/fei.xu1/AppData/Local/Temp/rta/rte/AR1911/swc_config/Composition_ComCluster.arxml C:/Users/fei.xu1/AppData/Local/Temp/rta/rte/AR1911/swc_config/Composition_SysCluster.arxml C:/Users/fei.xu1/AppData/Local/Temp/rta/rte/AR1911/swc_config/Composition_TopLevel.arxml C:/Users/fei.xu1/AppData/Local/Temp/rta/rte/AR1911/swc_config/DiagUT/arxml/DiagUT.arxml C:/Users/fei.xu1/AppData/Local/Temp/rta/rte/AR1911/swc_config/ExeMgr_SWC/arxml/ExeMgr_SWC.arxml C:/Users/fei.xu1/AppData/Local/Temp/rta/rte/AR1911/swc_config/ExeMgr_SWC/arxml/MSI_APPMode.arxml C:/Users/fei.xu1/AppData/Local/Temp/rta/rte/AR1911/swc_config/INP_SWC/arxml/INP_SWC.arxml C:/Users/fei.xu1/AppData/Local/Temp/rta/rte/AR1911/swc_config/NmUT/arxml/NmUT.arxml C:/Users/fei.xu1/AppData/Local/Temp/rta/rte/AR1911/swc_config/NvBlock/arxml/AUTOSAR_NvBlockSwComponentType_PortInterfaces.arxml C:/Users/fei.xu1/AppData/Local/Temp/rta/rte/AR1911/swc_config/NvBlock/arxml/NvBlock.arxml C:/Users/fei.xu1/AppData/Local/Temp/rta/rte/AR1911/swc_config/NvMUT/arxml/NvMUT.arxml C:/Users/fei.xu1/AppData/Local/Temp/rta/rte/AR1911/swc_config/OUTP_SWC/arxml/OUTP_SWC.arxml C:/Users/fei.xu1/AppData/Local/Temp/rta/rte/AR1911/swc_config/OUTP_SWC/arxml/SRInterface.arxml C:/Users/fei.xu1/AppData/Local/Temp/rta/rte/AR1911/swc_config/WdgMUT/arxml/WdgMUT.arxml C:/Users/fei.xu1/AppData/Local/Temp/rta/rte/AR1911/system_config/PlatformBaseOld_Types.arxml C:/Users/fei.xu1/AppData/Local/Temp/rta/rte/AR1911/system_config/PlatformBase_Types.arxml C:/Users/fei.xu1/AppData/Local/Temp/rta/rte/AR1911/system_config/PlatformOld_Types.arxml C:/Users/fei.xu1/AppData/Local/Temp/rta/rte/AR1911/system_config/PlatformSwBasePatch_Types.arxml C:/Users/fei.xu1/AppData/Local/Temp/rta/rte/AR1911/system_config/Platform_Types.arxml C:/Users/fei.xu1/AppData/Local/Temp/rta/rte/AR1911/system_config/Standard_Types.arxml C:/Users/fei.xu1/AppData/Local/Temp/rta/rte/AR1911/system_config/System.arxml C:/Users/fei.xu1/AppData/Local/Temp/rta/rte/AR1911/system_config/cobra_SwAddrMethod.arxml C:/Users/fei.xu1/AppData/Local/Temp/rta/rte/AR1911/system_config/rba_CUCELCompuMethods_BSWMD.arxml C:/Users/fei.xu1/AppData/Local/Temp/rta/rte/AR1911/system_config/rba_CUCELSwAddrMethod_BSWMD.arxml ] --strict-unconnected-rport-check=off -nts --os-define-osenv=RTAOS40 --exclusive-area-optimization=enable --os-output-param=changed --notimestamps --use-partition-sections=on -err=xml --deviate-bsw-any-partition=1 --deviate-split-swci-support=on --deviate-prefer-no-empty-executions=on --have-64bit-int-types=on --force-basic-tasks --error-report=xml --error-report=xml
RTA-RTE V7.5.3
Copyright (C) ETAS GmbH 2004-2022
Pre-processor warning set to - pragma message
Phase is RTE (license verified)
>Validating XML...
>Validating Containers...
<Validating Containers... done
<Validating XML... done
>Building types database...
<Building types database... done
>Flattening Root Composition...
>Parsing RTE Configuration...
<Parsing RTE Configuration... done
<Flattening Root Composition... done
>Validating Input...
<Validating Input... done
>Processing Inter-OsApp IRVs...
<Processing Inter-OsApp IRVs... done
>Finding modes...
<Finding modes... done
>Building skeleton reification tree...
<Building skeleton reification tree... done
>Building reification tree...
<Building reification tree... done
>Generating output files...
<Generating output files... done
>Processing templates...
<Processing templates... done
Messages written to E:/ETAS/ETAS_Test/ETAS_BIP_PT_CANID_Test/BasicSoftware/src/rte/gen/RteErr.xml.
0 errors, 76 warnings and 374 info messages were generated.
The following files were generated:
	E:/ETAS/ETAS_Test/ETAS_BIP_PT_CANID_Test/BasicSoftware/src/rte/gen/Rte.c
	E:/ETAS/ETAS_Test/ETAS_BIP_PT_CANID_Test/BasicSoftware/src/rte/gen/Rte.h
	E:/ETAS/ETAS_Test/ETAS_BIP_PT_CANID_Test/BasicSoftware/src/rte/gen/Rte_BSWMD.arxml
	E:/ETAS/ETAS_Test/ETAS_BIP_PT_CANID_Test/BasicSoftware/src/rte/gen/Rte_BswM.h
	E:/ETAS/ETAS_Test/ETAS_BIP_PT_CANID_Test/BasicSoftware/src/rte/gen/Rte_BswM_Type.h
	E:/ETAS/ETAS_Test/ETAS_BIP_PT_CANID_Test/BasicSoftware/src/rte/gen/Rte_CalUT.h
	E:/ETAS/ETAS_Test/ETAS_BIP_PT_CANID_Test/BasicSoftware/src/rte/gen/Rte_CalUT_Type.h
	E:/ETAS/ETAS_Test/ETAS_BIP_PT_CANID_Test/BasicSoftware/src/rte/gen/Rte_Catalog.xml
	E:/ETAS/ETAS_Test/ETAS_BIP_PT_CANID_Test/BasicSoftware/src/rte/gen/Rte_Cbk.h
	E:/ETAS/ETAS_Test/ETAS_BIP_PT_CANID_Test/BasicSoftware/src/rte/gen/Rte_Cfg.h
	E:/ETAS/ETAS_Test/ETAS_BIP_PT_CANID_Test/BasicSoftware/src/rte/gen/Rte_ComM.h
	E:/ETAS/ETAS_Test/ETAS_BIP_PT_CANID_Test/BasicSoftware/src/rte/gen/Rte_ComM_Type.h
	E:/ETAS/ETAS_Test/ETAS_BIP_PT_CANID_Test/BasicSoftware/src/rte/gen/Rte_Const.h
	E:/ETAS/ETAS_Test/ETAS_BIP_PT_CANID_Test/BasicSoftware/src/rte/gen/Rte_DataHandleType.h
	E:/ETAS/ETAS_Test/ETAS_BIP_PT_CANID_Test/BasicSoftware/src/rte/gen/Rte_Dcm.h
	E:/ETAS/ETAS_Test/ETAS_BIP_PT_CANID_Test/BasicSoftware/src/rte/gen/Rte_Dcm_Type.h
	E:/ETAS/ETAS_Test/ETAS_BIP_PT_CANID_Test/BasicSoftware/src/rte/gen/Rte_Dem.h
	E:/ETAS/ETAS_Test/ETAS_BIP_PT_CANID_Test/BasicSoftware/src/rte/gen/Rte_Dem_Type.h
	E:/ETAS/ETAS_Test/ETAS_BIP_PT_CANID_Test/BasicSoftware/src/rte/gen/Rte_Det.h
	E:/ETAS/ETAS_Test/ETAS_BIP_PT_CANID_Test/BasicSoftware/src/rte/gen/Rte_Det_Type.h
	E:/ETAS/ETAS_Test/ETAS_BIP_PT_CANID_Test/BasicSoftware/src/rte/gen/Rte_DiagUT.h
	E:/ETAS/ETAS_Test/ETAS_BIP_PT_CANID_Test/BasicSoftware/src/rte/gen/Rte_DiagUT_Type.h
	E:/ETAS/ETAS_Test/ETAS_BIP_PT_CANID_Test/BasicSoftware/src/rte/gen/Rte_EcuM.h
	E:/ETAS/ETAS_Test/ETAS_BIP_PT_CANID_Test/BasicSoftware/src/rte/gen/Rte_EcuM_Type.h
	E:/ETAS/ETAS_Test/ETAS_BIP_PT_CANID_Test/BasicSoftware/src/rte/gen/Rte_ExeMgrUT.h
	E:/ETAS/ETAS_Test/ETAS_BIP_PT_CANID_Test/BasicSoftware/src/rte/gen/Rte_ExeMgrUT_Type.h
	E:/ETAS/ETAS_Test/ETAS_BIP_PT_CANID_Test/BasicSoftware/src/rte/gen/Rte_FiM.h
	E:/ETAS/ETAS_Test/ETAS_BIP_PT_CANID_Test/BasicSoftware/src/rte/gen/Rte_FiM_Type.h
	E:/ETAS/ETAS_Test/ETAS_BIP_PT_CANID_Test/BasicSoftware/src/rte/gen/Rte_Hook.h
	E:/ETAS/ETAS_Test/ETAS_BIP_PT_CANID_Test/BasicSoftware/src/rte/gen/Rte_INP_SWC.h
	E:/ETAS/ETAS_Test/ETAS_BIP_PT_CANID_Test/BasicSoftware/src/rte/gen/Rte_INP_SWC_Type.h
	E:/ETAS/ETAS_Test/ETAS_BIP_PT_CANID_Test/BasicSoftware/src/rte/gen/Rte_Intl.h
	E:/ETAS/ETAS_Test/ETAS_BIP_PT_CANID_Test/BasicSoftware/src/rte/gen/Rte_Lib.c
	E:/ETAS/ETAS_Test/ETAS_BIP_PT_CANID_Test/BasicSoftware/src/rte/gen/Rte_Main.h
	E:/ETAS/ETAS_Test/ETAS_BIP_PT_CANID_Test/BasicSoftware/src/rte/gen/Rte_McSupportData.arxml
	E:/ETAS/ETAS_Test/ETAS_BIP_PT_CANID_Test/BasicSoftware/src/rte/gen/Rte_NmUT.h
	E:/ETAS/ETAS_Test/ETAS_BIP_PT_CANID_Test/BasicSoftware/src/rte/gen/Rte_NmUT_Type.h
	E:/ETAS/ETAS_Test/ETAS_BIP_PT_CANID_Test/BasicSoftware/src/rte/gen/Rte_NvM.h
	E:/ETAS/ETAS_Test/ETAS_BIP_PT_CANID_Test/BasicSoftware/src/rte/gen/Rte_NvMUT.h
	E:/ETAS/ETAS_Test/ETAS_BIP_PT_CANID_Test/BasicSoftware/src/rte/gen/Rte_NvMUT_Type.h
	E:/ETAS/ETAS_Test/ETAS_BIP_PT_CANID_Test/BasicSoftware/src/rte/gen/Rte_NvM_Type.h
	E:/ETAS/ETAS_Test/ETAS_BIP_PT_CANID_Test/BasicSoftware/src/rte/gen/Rte_OUTP_SWC.h
	E:/ETAS/ETAS_Test/ETAS_BIP_PT_CANID_Test/BasicSoftware/src/rte/gen/Rte_OUTP_SWC_Type.h
	E:/ETAS/ETAS_Test/ETAS_BIP_PT_CANID_Test/BasicSoftware/src/rte/gen/Rte_Os_Type.h
	E:/ETAS/ETAS_Test/ETAS_BIP_PT_CANID_Test/BasicSoftware/src/rte/gen/Rte_Rtm.h
	E:/ETAS/ETAS_Test/ETAS_BIP_PT_CANID_Test/BasicSoftware/src/rte/gen/Rte_Rtm_Type.h
	E:/ETAS/ETAS_Test/ETAS_BIP_PT_CANID_Test/BasicSoftware/src/rte/gen/Rte_StackM.h
	E:/ETAS/ETAS_Test/ETAS_BIP_PT_CANID_Test/BasicSoftware/src/rte/gen/Rte_StackM_Type.h
	E:/ETAS/ETAS_Test/ETAS_BIP_PT_CANID_Test/BasicSoftware/src/rte/gen/Rte_TstM.h
	E:/ETAS/ETAS_Test/ETAS_BIP_PT_CANID_Test/BasicSoftware/src/rte/gen/Rte_TstM_Type.h
	E:/ETAS/ETAS_Test/ETAS_BIP_PT_CANID_Test/BasicSoftware/src/rte/gen/Rte_Type.h
	E:/ETAS/ETAS_Test/ETAS_BIP_PT_CANID_Test/BasicSoftware/src/rte/gen/Rte_WdgM.h
	E:/ETAS/ETAS_Test/ETAS_BIP_PT_CANID_Test/BasicSoftware/src/rte/gen/Rte_WdgMUT.h
	E:/ETAS/ETAS_Test/ETAS_BIP_PT_CANID_Test/BasicSoftware/src/rte/gen/Rte_WdgMUT_Type.h
	E:/ETAS/ETAS_Test/ETAS_BIP_PT_CANID_Test/BasicSoftware/src/rte/gen/Rte_WdgM_Type.h
	E:/ETAS/ETAS_Test/ETAS_BIP_PT_CANID_Test/BasicSoftware/src/rte/gen/Rte_rba_DiagLib.h
	E:/ETAS/ETAS_Test/ETAS_BIP_PT_CANID_Test/BasicSoftware/src/rte/gen/Rte_rba_DiagLib_Type.h
	E:/ETAS/ETAS_Test/ETAS_BIP_PT_CANID_Test/BasicSoftware/src/rte/gen/SchM_BswM.h
	E:/ETAS/ETAS_Test/ETAS_BIP_PT_CANID_Test/BasicSoftware/src/rte/gen/SchM_BswM_Type.h
	E:/ETAS/ETAS_Test/ETAS_BIP_PT_CANID_Test/BasicSoftware/src/rte/gen/SchM_Can.h
	E:/ETAS/ETAS_Test/ETAS_BIP_PT_CANID_Test/BasicSoftware/src/rte/gen/SchM_CanIf.h
	E:/ETAS/ETAS_Test/ETAS_BIP_PT_CANID_Test/BasicSoftware/src/rte/gen/SchM_CanIf_Type.h
	E:/ETAS/ETAS_Test/ETAS_BIP_PT_CANID_Test/BasicSoftware/src/rte/gen/SchM_CanNm.h
	E:/ETAS/ETAS_Test/ETAS_BIP_PT_CANID_Test/BasicSoftware/src/rte/gen/SchM_CanNm_Type.h
	E:/ETAS/ETAS_Test/ETAS_BIP_PT_CANID_Test/BasicSoftware/src/rte/gen/SchM_CanSM.h
	E:/ETAS/ETAS_Test/ETAS_BIP_PT_CANID_Test/BasicSoftware/src/rte/gen/SchM_CanSM_Type.h
	E:/ETAS/ETAS_Test/ETAS_BIP_PT_CANID_Test/BasicSoftware/src/rte/gen/SchM_CanTp.h
	E:/ETAS/ETAS_Test/ETAS_BIP_PT_CANID_Test/BasicSoftware/src/rte/gen/SchM_CanTp_Type.h
	E:/ETAS/ETAS_Test/ETAS_BIP_PT_CANID_Test/BasicSoftware/src/rte/gen/SchM_Can_Type.h
	E:/ETAS/ETAS_Test/ETAS_BIP_PT_CANID_Test/BasicSoftware/src/rte/gen/SchM_Com.h
	E:/ETAS/ETAS_Test/ETAS_BIP_PT_CANID_Test/BasicSoftware/src/rte/gen/SchM_ComM.h
	E:/ETAS/ETAS_Test/ETAS_BIP_PT_CANID_Test/BasicSoftware/src/rte/gen/SchM_ComM_Type.h
	E:/ETAS/ETAS_Test/ETAS_BIP_PT_CANID_Test/BasicSoftware/src/rte/gen/SchM_Com_Type.h
	E:/ETAS/ETAS_Test/ETAS_BIP_PT_CANID_Test/BasicSoftware/src/rte/gen/SchM_Dcm.h
	E:/ETAS/ETAS_Test/ETAS_BIP_PT_CANID_Test/BasicSoftware/src/rte/gen/SchM_Dcm_Type.h
	E:/ETAS/ETAS_Test/ETAS_BIP_PT_CANID_Test/BasicSoftware/src/rte/gen/SchM_Dem.h
	E:/ETAS/ETAS_Test/ETAS_BIP_PT_CANID_Test/BasicSoftware/src/rte/gen/SchM_Dem_Type.h
	E:/ETAS/ETAS_Test/ETAS_BIP_PT_CANID_Test/BasicSoftware/src/rte/gen/SchM_EcuM.h
	E:/ETAS/ETAS_Test/ETAS_BIP_PT_CANID_Test/BasicSoftware/src/rte/gen/SchM_EcuM_Type.h
	E:/ETAS/ETAS_Test/ETAS_BIP_PT_CANID_Test/BasicSoftware/src/rte/gen/SchM_FiM.h
	E:/ETAS/ETAS_Test/ETAS_BIP_PT_CANID_Test/BasicSoftware/src/rte/gen/SchM_FiM_Type.h
	E:/ETAS/ETAS_Test/ETAS_BIP_PT_CANID_Test/BasicSoftware/src/rte/gen/SchM_NvM.h
	E:/ETAS/ETAS_Test/ETAS_BIP_PT_CANID_Test/BasicSoftware/src/rte/gen/SchM_NvM_Type.h
	E:/ETAS/ETAS_Test/ETAS_BIP_PT_CANID_Test/BasicSoftware/src/rte/gen/SchM_PduR.h
	E:/ETAS/ETAS_Test/ETAS_BIP_PT_CANID_Test/BasicSoftware/src/rte/gen/SchM_PduR_Type.h
	E:/ETAS/ETAS_Test/ETAS_BIP_PT_CANID_Test/BasicSoftware/src/rte/gen/SchM_Rtm.h
	E:/ETAS/ETAS_Test/ETAS_BIP_PT_CANID_Test/BasicSoftware/src/rte/gen/SchM_Rtm_Type.h
	E:/ETAS/ETAS_Test/ETAS_BIP_PT_CANID_Test/BasicSoftware/src/rte/gen/SchM_StackM.h
	E:/ETAS/ETAS_Test/ETAS_BIP_PT_CANID_Test/BasicSoftware/src/rte/gen/SchM_StackM_Type.h
	E:/ETAS/ETAS_Test/ETAS_BIP_PT_CANID_Test/BasicSoftware/src/rte/gen/SchM_TstM.h
	E:/ETAS/ETAS_Test/ETAS_BIP_PT_CANID_Test/BasicSoftware/src/rte/gen/SchM_TstM_Type.h
	E:/ETAS/ETAS_Test/ETAS_BIP_PT_CANID_Test/BasicSoftware/src/rte/gen/SchM_WdgM.h
	E:/ETAS/ETAS_Test/ETAS_BIP_PT_CANID_Test/BasicSoftware/src/rte/gen/SchM_WdgM_Type.h
	E:/ETAS/ETAS_Test/ETAS_BIP_PT_CANID_Test/BasicSoftware/src/rte/gen/SchM_Xcp.h
	E:/ETAS/ETAS_Test/ETAS_BIP_PT_CANID_Test/BasicSoftware/src/rte/gen/SchM_Xcp_Type.h
	E:/ETAS/ETAS_Test/ETAS_BIP_PT_CANID_Test/BasicSoftware/src/rte/gen/iocNeeds.arxml
	E:/ETAS/ETAS_Test/ETAS_BIP_PT_CANID_Test/BasicSoftware/src/rte/gen/iocNeeds.h
	E:/ETAS/ETAS_Test/ETAS_BIP_PT_CANID_Test/BasicSoftware/src/rte/gen/osNeeds.arxml
	E:/ETAS/ETAS_Test/ETAS_BIP_PT_CANID_Test/BasicSoftware/src/rte/gen/rte_measurable.xml
Command: C:\ETAS\RTA-CAR_9.2.1\RTA-RTE_7.5.3/bin/RTEGen.exe -q 1 -r /SysDesc/Pkg_Ecu/ETAS -o [*.*]"E:/ETAS/ETAS_Test/ETAS_BIP_PT_CANID_Test/BasicSoftware/src/rte/gen" -f "E:/ETAS/ETAS_Test/ETAS_BIP_PT_CANID_Test/BasicSoftware/src/rte/gen/rtegen_files.lst" --strict-unconnected-rport-check=off -nts --os-define-osenv=RTAOS40 --exclusive-area-optimization=enable --os-output-param=changed --notimestamps --use-partition-sections=on -err=xml --deviate-bsw-any-partition=1 --deviate-split-swci-support=on --deviate-prefer-no-empty-executions=on --have-64bit-int-types=on --force-basic-tasks --error-report=xml --error-report=xml

Execution of action RTA_RTE successfully completed
********************************************************************************
********************************************************************************
Post build execution has started at 16:15:50:599 hh:mm:ss:ms 
********************************************************************************
Execute action: ProblemsLogEntryCreator 
********************************************************************************
Execution of action ProblemsLogEntryCreator successfully completed
********************************************************************************
Execute action: RtePostProcessor 
********************************************************************************
Execution of action RtePostProcessor successfully completed
********************************************************************************

********************************************************************************
Pre Build Summary 
********************************************************************************
- RtePreProcessor --> Success (Executed for 00:00:02:771 hh:mm:ss:ms)
Build Summary 
********************************************************************************
- RTA_RTE --> Success (Executed for 00:00:05:735 hh:mm:ss:ms)
********************************************************************************
Post Build Summary 
********************************************************************************
- ProblemsLogEntryCreator --> Success (Executed for 00:00:00:244 hh:mm:ss:ms)
- RtePostProcessor --> Success (Executed for 00:00:01:146 hh:mm:ss:ms)
Time taken for the complete build: 00:00:12:202
